2016/02/01 09:59:51
System.Data.SqlClient.SqlException (0x80131904): 無法在具有唯一索引 'IX_InvoiceItem' 的物件 'dbo.InvoiceItem' 中插入重複的索引鍵資料列。唯一索引鍵值是 (42407259, FT)。
陳述式已經結束。
   於 System.Data.SqlClient.SqlConnection.OnError(SqlException exception, Boolean breakConnection, Action`1 wrapCloseInAction)
   於 System.Data.SqlClient.TdsParser.ThrowExceptionAndWarning(TdsParserStateObject stateObj, Boolean callerHasConnectionLock, Boolean asyncClose)
   於 System.Data.SqlClient.TdsParser.TryRun(RunBehavior runBehavior, SqlCommand cmdHandler, SqlDataReader dataStream, BulkCopySimpleResultSet bulkCopyHandler, TdsParserStateObject stateObj, Boolean& dataReady)
   於 System.Data.SqlClient.SqlCommand.FinishExecuteReader(SqlDataReader ds, RunBehavior runBehavior, String resetOptionsString)
   於 System.Data.SqlClient.SqlCommand.RunExecuteReaderTds(CommandBehavior cmdBehavior, RunBehavior runBehavior, Boolean returnStream, Boolean async, Int32 timeout, Task& task, Boolean asyncWrite, SqlDataReader ds, Boolean describeParameterEncryptionRequest)
   於 System.Data.SqlClient.SqlCommand.RunExecuteReader(CommandBehavior cmdBehavior, RunBehavior runBehavior, Boolean returnStream, String method, TaskCompletionSource`1 completion, Int32 timeout, Task& task, Boolean asyncWrite)
   於 System.Data.SqlClient.SqlCommand.InternalExecuteNonQuery(TaskCompletionSource`1 completion, String methodName, Boolean sendToPipe, Int32 timeout, Boolean asyncWrite)
   於 System.Data.SqlClient.SqlCommand.ExecuteNonQuery()
   於 System.Data.Linq.SqlClient.SqlProvider.Execute(Expression query, QueryInfo queryInfo, IObjectReaderFactory factory, Object[] parentArgs, Object[] userArgs, ICompiledSubQuery[] subQueries, Object lastResult)
   於 System.Data.Linq.SqlClient.SqlProvider.ExecuteAll(Expression query, QueryInfo[] queryInfos, IObjectReaderFactory factory, Object[] userArguments, ICompiledSubQuery[] subQueries)
   於 System.Data.Linq.SqlClient.SqlProvider.System.Data.Linq.Provider.IProvider.Execute(Expression query)
   於 System.Data.Linq.ChangeDirector.StandardChangeDirector.DynamicInsert(TrackedObject item)
   於 System.Data.Linq.ChangeProcessor.SubmitChanges(ConflictMode failureMode)
   於 System.Data.Linq.DataContext.SubmitChanges(ConflictMode failureMode)
   於 DataAccessLayer.basis.GenericManager`1.SubmitChanges() 於 c:\Project\VM-SIT04\Uxnet\Uxnet.Com\DataAccessLayer\basis\GenericManager.cs: 行 177
   於 Model.InvoiceManagement.InvoiceManagerV3.SaveUploadInvoice(InvoiceRoot item, OrganizationToken owner) 於 c:\Project\VM-SIT04\IFS-EIVO03\Model\AddOn(201412)\InvoiceManagement\InvoiceManagerV3.cs: 行 74
ClientConnectionId:0674abd3-8c15-4d21-ac7d-ebf19046f4e5
Error Number:2601,State:1,Class:14
2016/02/01 15:13:25
System.Web.HttpException (0x80004005): 執行 /MvcHelper/CreateInvoiceReport.aspx 的子要求時發生錯誤。 ---> System.Web.HttpUnhandledException (0x80004005): 已發生類型 'System.Web.HttpUnhandledException' 的例外狀況。 ---> System.NullReferenceException: 並未將物件參考設定為物件的執行個體。
   於 System.Web.Mvc.ViewPage.get_TempData()
   於 ASP.mvchelper_createinvoicereport_aspx.OnInit(EventArgs e) 於 c:\Project\VM-SIT04\IFS-EIVO03\eIVOGo\MvcHelper\CreateInvoiceReport.aspx: 行 17
   於 System.Web.UI.Control.InitRecursive(Control namingContainer)
   於 System.Web.UI.Page.ProcessRequestMain(Boolean includeStagesBeforeAsyncPoint, Boolean includeStagesAfterAsyncPoint)
   於 System.Web.UI.Page.HandleError(Exception e)
   於 System.Web.UI.Page.ProcessRequestMain(Boolean includeStagesBeforeAsyncPoint, Boolean includeStagesAfterAsyncPoint)
   於 System.Web.UI.Page.ProcessRequest(Boolean includeStagesBeforeAsyncPoint, Boolean includeStagesAfterAsyncPoint)
   於 System.Web.UI.Page.ProcessRequest()
   於 System.Web.UI.Page.ProcessRequest(HttpContext context)
   於 ASP.mvchelper_createinvoicereport_aspx.ProcessRequest(HttpContext context) 於 c:\Windows\Microsoft.NET\Framework64\v4.0.30319\Temporary ASP.NET Files\root\735e7382\d679391e\App_Web_v1gjccrm.0.cs: 行 0
   於 System.Web.HttpServerUtility.ExecuteInternal(IHttpHandler handler, TextWriter writer, Boolean preserveForm, Boolean setPreviousPage, VirtualPath path, VirtualPath filePath, String physPath, Exception error, String queryStringOverride)
   於 System.Web.HttpServerUtility.ExecuteInternal(IHttpHandler handler, TextWriter writer, Boolean preserveForm, Boolean setPreviousPage, VirtualPath path, VirtualPath filePath, String physPath, Exception error, String queryStringOverride)
   於 System.Web.HttpServerUtility.Execute(String path, TextWriter writer, Boolean preserveForm)
   於 System.Web.HttpServerUtility.Transfer(String path, Boolean preserveForm)
   於 System.Web.HttpServerUtility.Transfer(String path)
   於 eIVOGo.Controllers.InvoiceQueryController.CreateXlsx() 於 c:\Project\VM-SIT04\IFS-EIVO03\eIVOGo\Controllers\InvoiceQueryController.cs: 行 138
   於 lambda_method(Closure , ControllerBase , Object[] )
   於 System.Web.Mvc.ReflectedActionDescriptor.Execute(ControllerContext controllerContext, IDictionary`2 parameters)
   於 System.Web.Mvc.ControllerActionInvoker.InvokeActionMethod(ControllerContext controllerContext, ActionDescriptor actionDescriptor, IDictionary`2 parameters)
   於 System.Web.Mvc.Async.AsyncControllerActionInvoker.<BeginInvokeSynchronousActionMethod>b__39(IAsyncResult asyncResult, ActionInvocation innerInvokeState)
   於 System.Web.Mvc.Async.AsyncResultWrapper.WrappedAsyncResult`2.CallEndDelegate(IAsyncResult asyncResult)
   於 System.Web.Mvc.Async.AsyncControllerActionInvoker.EndInvokeActionMethod(IAsyncResult asyncResult)
   於 System.Web.Mvc.Async.AsyncControllerActionInvoker.AsyncInvocationWithFilters.<InvokeActionMethodFilterAsynchronouslyRecursive>b__3d()
   於 System.Web.Mvc.Async.AsyncControllerActionInvoker.AsyncInvocationWithFilters.<>c__DisplayClass46.<InvokeActionMethodFilterAsynchronouslyRecursive>b__3f()
   於 System.Web.Mvc.Async.AsyncControllerActionInvoker.EndInvokeActionMethodWithFilters(IAsyncResult asyncResult)
   於 System.Web.Mvc.Async.AsyncControllerActionInvoker.<>c__DisplayClass21.<>c__DisplayClass2b.<BeginInvokeAction>b__1c()
   於 System.Web.Mvc.Async.AsyncControllerActionInvoker.<>c__DisplayClass21.<BeginInvokeAction>b__1e(IAsyncResult asyncResult)
   於 System.Web.Mvc.Async.AsyncControllerActionInvoker.EndInvokeAction(IAsyncResult asyncResult)
   於 System.Web.Mvc.Controller.<BeginExecuteCore>b__1d(IAsyncResult asyncResult, ExecuteCoreState innerState)
   於 System.Web.Mvc.Async.AsyncResultWrapper.WrappedAsyncVoid`1.CallEndDelegate(IAsyncResult asyncResult)
   於 System.Web.Mvc.Controller.EndExecuteCore(IAsyncResult asyncResult)
   於 System.Web.Mvc.Async.AsyncResultWrapper.WrappedAsyncVoid`1.CallEndDelegate(IAsyncResult asyncResult)
   於 System.Web.Mvc.Controller.EndExecute(IAsyncResult asyncResult)
   於 System.Web.Mvc.MvcHandler.<BeginProcessRequest>b__5(IAsyncResult asyncResult, ProcessRequestState innerState)
   於 System.Web.Mvc.Async.AsyncResultWrapper.WrappedAsyncVoid`1.CallEndDelegate(IAsyncResult asyncResult)
   於 System.Web.Mvc.MvcHandler.EndProcessRequest(IAsyncResult asyncResult)
   於 System.Web.HttpApplication.CallHandlerExecutionStep.System.Web.HttpApplication.IExecutionStep.Execute()
   於 System.Web.HttpApplication.ExecuteStep(IExecutionStep step, Boolean& completedSynchronously)
2016/02/01 15:24:28
System.NullReferenceException: 並未將物件參考設定為物件的執行個體。
   於 eIVOGo.Controllers.InvoiceQueryController.CreateXlsx() 於 c:\Project\VM-SIT04\IFS-EIVO03\eIVOGo\Controllers\InvoiceQueryController.cs: 行 136
   於 lambda_method(Closure , ControllerBase , Object[] )
   於 System.Web.Mvc.ReflectedActionDescriptor.Execute(ControllerContext controllerContext, IDictionary`2 parameters)
   於 System.Web.Mvc.ControllerActionInvoker.InvokeActionMethod(ControllerContext controllerContext, ActionDescriptor actionDescriptor, IDictionary`2 parameters)
   於 System.Web.Mvc.Async.AsyncControllerActionInvoker.<BeginInvokeSynchronousActionMethod>b__39(IAsyncResult asyncResult, ActionInvocation innerInvokeState)
   於 System.Web.Mvc.Async.AsyncResultWrapper.WrappedAsyncResult`2.CallEndDelegate(IAsyncResult asyncResult)
   於 System.Web.Mvc.Async.AsyncControllerActionInvoker.EndInvokeActionMethod(IAsyncResult asyncResult)
   於 System.Web.Mvc.Async.AsyncControllerActionInvoker.AsyncInvocationWithFilters.<InvokeActionMethodFilterAsynchronouslyRecursive>b__3d()
   於 System.Web.Mvc.Async.AsyncControllerActionInvoker.AsyncInvocationWithFilters.<>c__DisplayClass46.<InvokeActionMethodFilterAsynchronouslyRecursive>b__3f()
   於 System.Web.Mvc.Async.AsyncControllerActionInvoker.EndInvokeActionMethodWithFilters(IAsyncResult asyncResult)
   於 System.Web.Mvc.Async.AsyncControllerActionInvoker.<>c__DisplayClass21.<>c__DisplayClass2b.<BeginInvokeAction>b__1c()
   於 System.Web.Mvc.Async.AsyncControllerActionInvoker.<>c__DisplayClass21.<BeginInvokeAction>b__1e(IAsyncResult asyncResult)
   於 System.Web.Mvc.Async.AsyncControllerActionInvoker.EndInvokeAction(IAsyncResult asyncResult)
   於 System.Web.Mvc.Controller.<BeginExecuteCore>b__1d(IAsyncResult asyncResult, ExecuteCoreState innerState)
   於 System.Web.Mvc.Async.AsyncResultWrapper.WrappedAsyncVoid`1.CallEndDelegate(IAsyncResult asyncResult)
   於 System.Web.Mvc.Controller.EndExecuteCore(IAsyncResult asyncResult)
   於 System.Web.Mvc.Async.AsyncResultWrapper.WrappedAsyncVoid`1.CallEndDelegate(IAsyncResult asyncResult)
   於 System.Web.Mvc.Controller.EndExecute(IAsyncResult asyncResult)
   於 System.Web.Mvc.MvcHandler.<BeginProcessRequest>b__5(IAsyncResult asyncResult, ProcessRequestState innerState)
   於 System.Web.Mvc.Async.AsyncResultWrapper.WrappedAsyncVoid`1.CallEndDelegate(IAsyncResult asyncResult)
   於 System.Web.Mvc.MvcHandler.EndProcessRequest(IAsyncResult asyncResult)
   於 System.Web.HttpApplication.CallHandlerExecutionStep.System.Web.HttpApplication.IExecutionStep.Execute()
   於 System.Web.HttpApplication.ExecuteStep(IExecutionStep step, Boolean& completedSynchronously)
2016/02/01 15:27:59
System.Web.HttpException (0x80004005): 執行 /MvcHelper/CreateInvoiceReport.aspx 的子要求時發生錯誤。 ---> System.Web.HttpUnhandledException (0x80004005): 已發生類型 'System.Web.HttpUnhandledException' 的例外狀況。 ---> System.ArgumentNullException: 值不能為 null。
參數名稱: source
   於 System.Linq.Enumerable.Select[TSource,TResult](IEnumerable`1 source, Func`2 selector)
   於 ASP.mvchelper_createinvoicereport_aspx.GetCsvResult(IEnumerable`1 items) 於 c:\Project\VM-SIT04\IFS-EIVO03\eIVOGo\MvcHelper\CreateInvoiceReport.aspx: 行 27
   於 ASP.mvchelper_createinvoicereport_aspx.OnInit(EventArgs e) 於 c:\Project\VM-SIT04\IFS-EIVO03\eIVOGo\MvcHelper\CreateInvoiceReport.aspx: 行 22
   於 System.Web.UI.Control.InitRecursive(Control namingContainer)
   於 System.Web.UI.Page.ProcessRequestMain(Boolean includeStagesBeforeAsyncPoint, Boolean includeStagesAfterAsyncPoint)
   於 System.Web.UI.Page.HandleError(Exception e)
   於 System.Web.UI.Page.ProcessRequestMain(Boolean includeStagesBeforeAsyncPoint, Boolean includeStagesAfterAsyncPoint)
   於 System.Web.UI.Page.ProcessRequest(Boolean includeStagesBeforeAsyncPoint, Boolean includeStagesAfterAsyncPoint)
   於 System.Web.UI.Page.ProcessRequest()
   於 System.Web.UI.Page.ProcessRequest(HttpContext context)
   於 ASP.mvchelper_createinvoicereport_aspx.ProcessRequest(HttpContext context) 於 c:\Windows\Microsoft.NET\Framework64\v4.0.30319\Temporary ASP.NET Files\root\735e7382\d679391e\App_Web_44kaxqy2.0.cs: 行 0
   於 System.Web.HttpServerUtility.ExecuteInternal(IHttpHandler handler, TextWriter writer, Boolean preserveForm, Boolean setPreviousPage, VirtualPath path, VirtualPath filePath, String physPath, Exception error, String queryStringOverride)
   於 System.Web.HttpServerUtility.ExecuteInternal(IHttpHandler handler, TextWriter writer, Boolean preserveForm, Boolean setPreviousPage, VirtualPath path, VirtualPath filePath, String physPath, Exception error, String queryStringOverride)
   於 System.Web.HttpServerUtility.Execute(String path, TextWriter writer, Boolean preserveForm)
   於 System.Web.HttpServerUtility.Transfer(String path, Boolean preserveForm)
   於 System.Web.HttpServerUtility.Transfer(String path)
   於 eIVOGo.Controllers.InvoiceQueryController.CreateXlsx() 於 c:\Project\VM-SIT04\IFS-EIVO03\eIVOGo\Controllers\InvoiceQueryController.cs: 行 140
   於 lambda_method(Closure , ControllerBase , Object[] )
   於 System.Web.Mvc.ReflectedActionDescriptor.Execute(ControllerContext controllerContext, IDictionary`2 parameters)
   於 System.Web.Mvc.ControllerActionInvoker.InvokeActionMethod(ControllerContext controllerContext, ActionDescriptor actionDescriptor, IDictionary`2 parameters)
   於 System.Web.Mvc.Async.AsyncControllerActionInvoker.<BeginInvokeSynchronousActionMethod>b__39(IAsyncResult asyncResult, ActionInvocation innerInvokeState)
   於 System.Web.Mvc.Async.AsyncResultWrapper.WrappedAsyncResult`2.CallEndDelegate(IAsyncResult asyncResult)
   於 System.Web.Mvc.Async.AsyncControllerActionInvoker.EndInvokeActionMethod(IAsyncResult asyncResult)
   於 System.Web.Mvc.Async.AsyncControllerActionInvoker.AsyncInvocationWithFilters.<InvokeActionMethodFilterAsynchronouslyRecursive>b__3d()
   於 System.Web.Mvc.Async.AsyncControllerActionInvoker.AsyncInvocationWithFilters.<>c__DisplayClass46.<InvokeActionMethodFilterAsynchronouslyRecursive>b__3f()
   於 System.Web.Mvc.Async.AsyncControllerActionInvoker.EndInvokeActionMethodWithFilters(IAsyncResult asyncResult)
   於 System.Web.Mvc.Async.AsyncControllerActionInvoker.<>c__DisplayClass21.<>c__DisplayClass2b.<BeginInvokeAction>b__1c()
   於 System.Web.Mvc.Async.AsyncControllerActionInvoker.<>c__DisplayClass21.<BeginInvokeAction>b__1e(IAsyncResult asyncResult)
   於 System.Web.Mvc.Async.AsyncControllerActionInvoker.EndInvokeAction(IAsyncResult asyncResult)
   於 System.Web.Mvc.Controller.<BeginExecuteCore>b__1d(IAsyncResult asyncResult, ExecuteCoreState innerState)
   於 System.Web.Mvc.Async.AsyncResultWrapper.WrappedAsyncVoid`1.CallEndDelegate(IAsyncResult asyncResult)
   於 System.Web.Mvc.Controller.EndExecuteCore(IAsyncResult asyncResult)
   於 System.Web.Mvc.Async.AsyncResultWrapper.WrappedAsyncVoid`1.CallEndDelegate(IAsyncResult asyncResult)
   於 System.Web.Mvc.Controller.EndExecute(IAsyncResult asyncResult)
   於 System.Web.Mvc.MvcHandler.<BeginProcessRequest>b__5(IAsyncResult asyncResult, ProcessRequestState innerState)
   於 System.Web.Mvc.Async.AsyncResultWrapper.WrappedAsyncVoid`1.CallEndDelegate(IAsyncResult asyncResult)
   於 System.Web.Mvc.MvcHandler.EndProcessRequest(IAsyncResult asyncResult)
   於 System.Web.HttpApplication.CallHandlerExecutionStep.System.Web.HttpApplication.IExecutionStep.Execute()
   於 System.Web.HttpApplication.ExecuteStep(IExecutionStep step, Boolean& completedSynchronously)
2016/02/01 15:30:51
System.Web.HttpException (0x80004005): 執行 /MvcHelper/CreateInvoiceReport.aspx 的子要求時發生錯誤。 ---> System.Web.HttpUnhandledException (0x80004005): 已發生類型 'System.Web.HttpUnhandledException' 的例外狀況。 ---> System.InvalidOperationException: 序列未包含項目
   於 System.Linq.Enumerable.First[TSource](IEnumerable`1 source)
   於 Utility.ExtensionMethods.CsvDownload(HttpResponse Response, IEnumerable`1 items, String outputName, String contentType) 於 c:\Project\VM-SIT04\Uxnet\Uxnet.Com\Utility\ExtensionMethods.cs: 行 1291
   於 ASP.mvchelper_createinvoicereport_aspx.OnInit(EventArgs e) 於 c:\Project\VM-SIT04\IFS-EIVO03\eIVOGo\MvcHelper\CreateInvoiceReport.aspx: 行 21
   於 System.Web.UI.Control.InitRecursive(Control namingContainer)
   於 System.Web.UI.Page.ProcessRequestMain(Boolean includeStagesBeforeAsyncPoint, Boolean includeStagesAfterAsyncPoint)
   於 System.Web.UI.Page.HandleError(Exception e)
   於 System.Web.UI.Page.ProcessRequestMain(Boolean includeStagesBeforeAsyncPoint, Boolean includeStagesAfterAsyncPoint)
   於 System.Web.UI.Page.ProcessRequest(Boolean includeStagesBeforeAsyncPoint, Boolean includeStagesAfterAsyncPoint)
   於 System.Web.UI.Page.ProcessRequest()
   於 System.Web.UI.Page.ProcessRequest(HttpContext context)
   於 ASP.mvchelper_createinvoicereport_aspx.ProcessRequest(HttpContext context) 於 c:\Windows\Microsoft.NET\Framework64\v4.0.30319\Temporary ASP.NET Files\root\735e7382\d679391e\App_Web_ufzwrlvf.0.cs: 行 0
   於 System.Web.HttpServerUtility.ExecuteInternal(IHttpHandler handler, TextWriter writer, Boolean preserveForm, Boolean setPreviousPage, VirtualPath path, VirtualPath filePath, String physPath, Exception error, String queryStringOverride)
   於 System.Web.HttpServerUtility.ExecuteInternal(IHttpHandler handler, TextWriter writer, Boolean preserveForm, Boolean setPreviousPage, VirtualPath path, VirtualPath filePath, String physPath, Exception error, String queryStringOverride)
   於 System.Web.HttpServerUtility.Execute(String path, TextWriter writer, Boolean preserveForm)
   於 System.Web.HttpServerUtility.Transfer(String path, Boolean preserveForm)
   於 System.Web.HttpServerUtility.Transfer(String path)
   於 eIVOGo.Controllers.InvoiceQueryController.CreateXlsx() 於 c:\Project\VM-SIT04\IFS-EIVO03\eIVOGo\Controllers\InvoiceQueryController.cs: 行 140
   於 lambda_method(Closure , ControllerBase , Object[] )
   於 System.Web.Mvc.ReflectedActionDescriptor.Execute(ControllerContext controllerContext, IDictionary`2 parameters)
   於 System.Web.Mvc.ControllerActionInvoker.InvokeActionMethod(ControllerContext controllerContext, ActionDescriptor actionDescriptor, IDictionary`2 parameters)
   於 System.Web.Mvc.Async.AsyncControllerActionInvoker.<BeginInvokeSynchronousActionMethod>b__39(IAsyncResult asyncResult, ActionInvocation innerInvokeState)
   於 System.Web.Mvc.Async.AsyncResultWrapper.WrappedAsyncResult`2.CallEndDelegate(IAsyncResult asyncResult)
   於 System.Web.Mvc.Async.AsyncControllerActionInvoker.EndInvokeActionMethod(IAsyncResult asyncResult)
   於 System.Web.Mvc.Async.AsyncControllerActionInvoker.AsyncInvocationWithFilters.<InvokeActionMethodFilterAsynchronouslyRecursive>b__3d()
   於 System.Web.Mvc.Async.AsyncControllerActionInvoker.AsyncInvocationWithFilters.<>c__DisplayClass46.<InvokeActionMethodFilterAsynchronouslyRecursive>b__3f()
   於 System.Web.Mvc.Async.AsyncControllerActionInvoker.EndInvokeActionMethodWithFilters(IAsyncResult asyncResult)
   於 System.Web.Mvc.Async.AsyncControllerActionInvoker.<>c__DisplayClass21.<>c__DisplayClass2b.<BeginInvokeAction>b__1c()
   於 System.Web.Mvc.Async.AsyncControllerActionInvoker.<>c__DisplayClass21.<BeginInvokeAction>b__1e(IAsyncResult asyncResult)
   於 System.Web.Mvc.Async.AsyncControllerActionInvoker.EndInvokeAction(IAsyncResult asyncResult)
   於 System.Web.Mvc.Controller.<BeginExecuteCore>b__1d(IAsyncResult asyncResult, ExecuteCoreState innerState)
   於 System.Web.Mvc.Async.AsyncResultWrapper.WrappedAsyncVoid`1.CallEndDelegate(IAsyncResult asyncResult)
   於 System.Web.Mvc.Controller.EndExecuteCore(IAsyncResult asyncResult)
   於 System.Web.Mvc.Async.AsyncResultWrapper.WrappedAsyncVoid`1.CallEndDelegate(IAsyncResult asyncResult)
   於 System.Web.Mvc.Controller.EndExecute(IAsyncResult asyncResult)
   於 System.Web.Mvc.MvcHandler.<BeginProcessRequest>b__5(IAsyncResult asyncResult, ProcessRequestState innerState)
   於 System.Web.Mvc.Async.AsyncResultWrapper.WrappedAsyncVoid`1.CallEndDelegate(IAsyncResult asyncResult)
   於 System.Web.Mvc.MvcHandler.EndProcessRequest(IAsyncResult asyncResult)
   於 System.Web.HttpApplication.CallHandlerExecutionStep.System.Web.HttpApplication.IExecutionStep.Execute()
   於 System.Web.HttpApplication.ExecuteStep(IExecutionStep step, Boolean& completedSynchronously)
2016/02/01 16:04:54
System.NullReferenceException: 並未將物件參考設定為物件的執行個體。
   於 eIVOGo.Models.InquireInvoiceByRole.BuildQueryExpression(ModelSource`1 models) 於 c:\Project\VM-SIT04\IFS-EIVO03\eIVOGo\Models\InquireField.cs: 行 177
   於 Model.DataEntity.ModelSourceInquiry`1.BuildQueryExpression(ModelSource`1 models) 於 c:\Project\VM-SIT04\IFS-EIVO03\Model\DataEntity\ModelSource.cs: 行 116
   於 eIVOGo.Models.InquireEffectiveInvoice.BuildQueryExpression(ModelSource`1 models) 於 c:\Project\VM-SIT04\IFS-EIVO03\eIVOGo\Models\InquireField.cs: 行 200
   於 Model.DataEntity.ModelSource`1.BuildQuery() 於 c:\Project\VM-SIT04\IFS-EIVO03\Model\DataEntity\ModelSource.cs: 行 44
   於 eIVOGo.Controllers.InvoiceQueryController.CreateXlsx() 於 c:\Project\VM-SIT04\IFS-EIVO03\eIVOGo\Controllers\InvoiceQueryController.cs: 行 137
   於 lambda_method(Closure , ControllerBase , Object[] )
   於 System.Web.Mvc.ReflectedActionDescriptor.Execute(ControllerContext controllerContext, IDictionary`2 parameters)
   於 System.Web.Mvc.ControllerActionInvoker.InvokeActionMethod(ControllerContext controllerContext, ActionDescriptor actionDescriptor, IDictionary`2 parameters)
   於 System.Web.Mvc.Async.AsyncControllerActionInvoker.<BeginInvokeSynchronousActionMethod>b__39(IAsyncResult asyncResult, ActionInvocation innerInvokeState)
   於 System.Web.Mvc.Async.AsyncResultWrapper.WrappedAsyncResult`2.CallEndDelegate(IAsyncResult asyncResult)
   於 System.Web.Mvc.Async.AsyncControllerActionInvoker.EndInvokeActionMethod(IAsyncResult asyncResult)
   於 System.Web.Mvc.Async.AsyncControllerActionInvoker.AsyncInvocationWithFilters.<InvokeActionMethodFilterAsynchronouslyRecursive>b__3d()
   於 System.Web.Mvc.Async.AsyncControllerActionInvoker.AsyncInvocationWithFilters.<>c__DisplayClass46.<InvokeActionMethodFilterAsynchronouslyRecursive>b__3f()
   於 System.Web.Mvc.Async.AsyncControllerActionInvoker.EndInvokeActionMethodWithFilters(IAsyncResult asyncResult)
   於 System.Web.Mvc.Async.AsyncControllerActionInvoker.<>c__DisplayClass21.<>c__DisplayClass2b.<BeginInvokeAction>b__1c()
   於 System.Web.Mvc.Async.AsyncControllerActionInvoker.<>c__DisplayClass21.<BeginInvokeAction>b__1e(IAsyncResult asyncResult)
   於 System.Web.Mvc.Async.AsyncControllerActionInvoker.EndInvokeAction(IAsyncResult asyncResult)
   於 System.Web.Mvc.Controller.<BeginExecuteCore>b__1d(IAsyncResult asyncResult, ExecuteCoreState innerState)
   於 System.Web.Mvc.Async.AsyncResultWrapper.WrappedAsyncVoid`1.CallEndDelegate(IAsyncResult asyncResult)
   於 System.Web.Mvc.Controller.EndExecuteCore(IAsyncResult asyncResult)
   於 System.Web.Mvc.Async.AsyncResultWrapper.WrappedAsyncVoid`1.CallEndDelegate(IAsyncResult asyncResult)
   於 System.Web.Mvc.Controller.EndExecute(IAsyncResult asyncResult)
   於 System.Web.Mvc.MvcHandler.<BeginProcessRequest>b__5(IAsyncResult asyncResult, ProcessRequestState innerState)
   於 System.Web.Mvc.Async.AsyncResultWrapper.WrappedAsyncVoid`1.CallEndDelegate(IAsyncResult asyncResult)
   於 System.Web.Mvc.MvcHandler.EndProcessRequest(IAsyncResult asyncResult)
   於 System.Web.HttpApplication.CallHandlerExecutionStep.System.Web.HttpApplication.IExecutionStep.Execute()
   於 System.Web.HttpApplication.ExecuteStep(IExecutionStep step, Boolean& completedSynchronously)
2016/02/01 16:05:17
System.Web.HttpException (0x80004005): 執行 /MvcHelper/CreateInvoiceReport.aspx 的子要求時發生錯誤。 ---> System.Web.HttpUnhandledException (0x80004005): 已發生類型 'System.Web.HttpUnhandledException' 的例外狀況。 ---> System.IndexOutOfRangeException: Column number must be between 1 and 16384
   於 ClosedXML.Excel.XLRangeBase.Cell(XLAddress cellAddressInRange)
   於 ASP.mvchelper_createinvoicereport_aspx.createReport(IEnumerable`1 items) 於 c:\Project\VM-SIT04\IFS-EIVO03\eIVOGo\MvcHelper\CreateInvoiceReport.aspx: 行 31
   於 ASP.mvchelper_createinvoicereport_aspx.OnInit(EventArgs e) 於 c:\Project\VM-SIT04\IFS-EIVO03\eIVOGo\MvcHelper\CreateInvoiceReport.aspx: 行 22
   於 System.Web.UI.Control.InitRecursive(Control namingContainer)
   於 System.Web.UI.Page.ProcessRequestMain(Boolean includeStagesBeforeAsyncPoint, Boolean includeStagesAfterAsyncPoint)
   於 System.Web.UI.Page.HandleError(Exception e)
   於 System.Web.UI.Page.ProcessRequestMain(Boolean includeStagesBeforeAsyncPoint, Boolean includeStagesAfterAsyncPoint)
   於 System.Web.UI.Page.ProcessRequest(Boolean includeStagesBeforeAsyncPoint, Boolean includeStagesAfterAsyncPoint)
   於 System.Web.UI.Page.ProcessRequest()
   於 System.Web.UI.Page.ProcessRequest(HttpContext context)
   於 ASP.mvchelper_createinvoicereport_aspx.ProcessRequest(HttpContext context) 於 c:\Windows\Microsoft.NET\Framework64\v4.0.30319\Temporary ASP.NET Files\root\735e7382\d679391e\App_Web_g0bfu5oh.0.cs: 行 0
   於 System.Web.HttpServerUtility.ExecuteInternal(IHttpHandler handler, TextWriter writer, Boolean preserveForm, Boolean setPreviousPage, VirtualPath path, VirtualPath filePath, String physPath, Exception error, String queryStringOverride)
   於 System.Web.HttpServerUtility.ExecuteInternal(IHttpHandler handler, TextWriter writer, Boolean preserveForm, Boolean setPreviousPage, VirtualPath path, VirtualPath filePath, String physPath, Exception error, String queryStringOverride)
   於 System.Web.HttpServerUtility.Execute(String path, TextWriter writer, Boolean preserveForm)
   於 System.Web.HttpServerUtility.Transfer(String path, Boolean preserveForm)
   於 System.Web.HttpServerUtility.Transfer(String path)
   於 eIVOGo.Controllers.InvoiceQueryController.CreateXlsx() 於 c:\Project\VM-SIT04\IFS-EIVO03\eIVOGo\Controllers\InvoiceQueryController.cs: 行 140
   於 lambda_method(Closure , ControllerBase , Object[] )
   於 System.Web.Mvc.ReflectedActionDescriptor.Execute(ControllerContext controllerContext, IDictionary`2 parameters)
   於 System.Web.Mvc.ControllerActionInvoker.InvokeActionMethod(ControllerContext controllerContext, ActionDescriptor actionDescriptor, IDictionary`2 parameters)
   於 System.Web.Mvc.Async.AsyncControllerActionInvoker.<BeginInvokeSynchronousActionMethod>b__39(IAsyncResult asyncResult, ActionInvocation innerInvokeState)
   於 System.Web.Mvc.Async.AsyncResultWrapper.WrappedAsyncResult`2.CallEndDelegate(IAsyncResult asyncResult)
   於 System.Web.Mvc.Async.AsyncControllerActionInvoker.EndInvokeActionMethod(IAsyncResult asyncResult)
   於 System.Web.Mvc.Async.AsyncControllerActionInvoker.AsyncInvocationWithFilters.<InvokeActionMethodFilterAsynchronouslyRecursive>b__3d()
   於 System.Web.Mvc.Async.AsyncControllerActionInvoker.AsyncInvocationWithFilters.<>c__DisplayClass46.<InvokeActionMethodFilterAsynchronouslyRecursive>b__3f()
   於 System.Web.Mvc.Async.AsyncControllerActionInvoker.EndInvokeActionMethodWithFilters(IAsyncResult asyncResult)
   於 System.Web.Mvc.Async.AsyncControllerActionInvoker.<>c__DisplayClass21.<>c__DisplayClass2b.<BeginInvokeAction>b__1c()
   於 System.Web.Mvc.Async.AsyncControllerActionInvoker.<>c__DisplayClass21.<BeginInvokeAction>b__1e(IAsyncResult asyncResult)
   於 System.Web.Mvc.Async.AsyncControllerActionInvoker.EndInvokeAction(IAsyncResult asyncResult)
   於 System.Web.Mvc.Controller.<BeginExecuteCore>b__1d(IAsyncResult asyncResult, ExecuteCoreState innerState)
   於 System.Web.Mvc.Async.AsyncResultWrapper.WrappedAsyncVoid`1.CallEndDelegate(IAsyncResult asyncResult)
   於 System.Web.Mvc.Controller.EndExecuteCore(IAsyncResult asyncResult)
   於 System.Web.Mvc.Async.AsyncResultWrapper.WrappedAsyncVoid`1.CallEndDelegate(IAsyncResult asyncResult)
   於 System.Web.Mvc.Controller.EndExecute(IAsyncResult asyncResult)
   於 System.Web.Mvc.MvcHandler.<BeginProcessRequest>b__5(IAsyncResult asyncResult, ProcessRequestState innerState)
   於 System.Web.Mvc.Async.AsyncResultWrapper.WrappedAsyncVoid`1.CallEndDelegate(IAsyncResult asyncResult)
   於 System.Web.Mvc.MvcHandler.EndProcessRequest(IAsyncResult asyncResult)
   於 System.Web.HttpApplication.CallHandlerExecutionStep.System.Web.HttpApplication.IExecutionStep.Execute()
   於 System.Web.HttpApplication.ExecuteStep(IExecutionStep step, Boolean& completedSynchronously)
2016/02/01 16:35:51
System.Web.HttpException (0x80004005): The controller for path '/__browserLink/requestData/48b7e1f0bb3e439ead0e80c1a8db332e' was not found or does not implement IController.
   於 System.Web.Mvc.DefaultControllerFactory.GetControllerInstance(RequestContext requestContext, Type controllerType)
   於 System.Web.Mvc.DefaultControllerFactory.CreateController(RequestContext requestContext, String controllerName)
   於 System.Web.Mvc.MvcHandler.ProcessRequestInit(HttpContextBase httpContext, IController& controller, IControllerFactory& factory)
   於 System.Web.Mvc.MvcHandler.BeginProcessRequest(HttpContextBase httpContext, AsyncCallback callback, Object state)
   於 System.Web.HttpApplication.CallHandlerExecutionStep.System.Web.HttpApplication.IExecutionStep.Execute()
   於 System.Web.HttpApplication.ExecuteStep(IExecutionStep step, Boolean& completedSynchronously)
2016/02/01 18:34:29
System.Web.HttpException (0x80004005): 執行處理常式 'System.Web.Mvc.HttpHandlerUtil+ServerExecuteHttpHandlerWrapper' 的子要求時發生錯誤。 ---> System.Web.HttpUnhandledException (0x80004005): 已發生類型 'System.Web.HttpUnhandledException' 的例外狀況。 ---> System.NullReferenceException: 並未將物件參考設定為物件的執行個體。
   於 ASP.views_dataexchange_module_dataindex_ascx.OnInit(EventArgs e) 於 c:\Project\VM-SIT04\IFS-EIVO03\eIVOGo\Views\DataExchange\Module\DataIndex.ascx: 行 84
   於 System.Web.UI.Control.InitRecursive(Control namingContainer)
   於 System.Web.UI.Control.InitRecursive(Control namingContainer)
   於 System.Web.UI.Control.InitRecursive(Control namingContainer)
   於 System.Web.UI.Control.InitRecursive(Control namingContainer)
   於 System.Web.UI.Control.InitRecursive(Control namingContainer)
   於 System.Web.UI.Page.ProcessRequestMain(Boolean includeStagesBeforeAsyncPoint, Boolean includeStagesAfterAsyncPoint)
   於 System.Web.UI.Page.HandleError(Exception e)
   於 System.Web.UI.Page.ProcessRequestMain(Boolean includeStagesBeforeAsyncPoint, Boolean includeStagesAfterAsyncPoint)
   於 System.Web.UI.Page.ProcessRequest(Boolean includeStagesBeforeAsyncPoint, Boolean includeStagesAfterAsyncPoint)
   於 System.Web.UI.Page.ProcessRequest()
   於 System.Web.UI.Page.ProcessRequest(HttpContext context)
   於 ASP.views_dataexchange_index_aspx.ProcessRequest(HttpContext context) 於 c:\Windows\Microsoft.NET\Framework64\v4.0.30319\Temporary ASP.NET Files\root\735e7382\d679391e\App_Web_ocdkzvlz.1.cs: 行 0
   於 System.Web.Mvc.HttpHandlerUtil.ServerExecuteHttpHandlerWrapper.<>c__DisplayClass4.<Wrap>b__3()
   於 System.Web.Mvc.HttpHandlerUtil.ServerExecuteHttpHandlerWrapper.Wrap[TResult](Func`1 func)
   於 System.Web.HttpServerUtility.ExecuteInternal(IHttpHandler handler, TextWriter writer, Boolean preserveForm, Boolean setPreviousPage, VirtualPath path, VirtualPath filePath, String physPath, Exception error, String queryStringOverride)
   於 System.Web.HttpServerUtility.ExecuteInternal(IHttpHandler handler, TextWriter writer, Boolean preserveForm, Boolean setPreviousPage, VirtualPath path, VirtualPath filePath, String physPath, Exception error, String queryStringOverride)
   於 System.Web.HttpServerUtility.Execute(IHttpHandler handler, TextWriter writer, Boolean preserveForm, Boolean setPreviousPage)
   於 System.Web.HttpServerUtility.Execute(IHttpHandler handler, TextWriter writer, Boolean preserveForm)
   於 System.Web.Mvc.ViewPage.RenderView(ViewContext viewContext)
   於 System.Web.Mvc.ViewResultBase.ExecuteResult(ControllerContext context)
   於 System.Web.Mvc.ControllerActionInvoker.InvokeActionResultFilterRecursive(IList`1 filters, Int32 filterIndex, ResultExecutingContext preContext, ControllerContext controllerContext, ActionResult actionResult)
   於 System.Web.Mvc.ControllerActionInvoker.InvokeActionResultFilterRecursive(IList`1 filters, Int32 filterIndex, ResultExecutingContext preContext, ControllerContext controllerContext, ActionResult actionResult)
   於 System.Web.Mvc.ControllerActionInvoker.InvokeActionResultWithFilters(ControllerContext controllerContext, IList`1 filters, ActionResult actionResult)
   於 System.Web.Mvc.Async.AsyncControllerActionInvoker.<>c__DisplayClass21.<BeginInvokeAction>b__1e(IAsyncResult asyncResult)
   於 System.Web.Mvc.Async.AsyncControllerActionInvoker.EndInvokeAction(IAsyncResult asyncResult)
   於 System.Web.Mvc.Controller.<BeginExecuteCore>b__1d(IAsyncResult asyncResult, ExecuteCoreState innerState)
   於 System.Web.Mvc.Async.AsyncResultWrapper.WrappedAsyncVoid`1.CallEndDelegate(IAsyncResult asyncResult)
   於 System.Web.Mvc.Controller.EndExecuteCore(IAsyncResult asyncResult)
   於 System.Web.Mvc.Async.AsyncResultWrapper.WrappedAsyncVoid`1.CallEndDelegate(IAsyncResult asyncResult)
   於 System.Web.Mvc.Controller.EndExecute(IAsyncResult asyncResult)
   於 System.Web.Mvc.MvcHandler.<BeginProcessRequest>b__5(IAsyncResult asyncResult, ProcessRequestState innerState)
   於 System.Web.Mvc.Async.AsyncResultWrapper.WrappedAsyncVoid`1.CallEndDelegate(IAsyncResult asyncResult)
   於 System.Web.Mvc.MvcHandler.EndProcessRequest(IAsyncResult asyncResult)
   於 System.Web.HttpApplication.CallHandlerExecutionStep.System.Web.HttpApplication.IExecutionStep.Execute()
   於 System.Web.HttpApplication.ExecuteStep(IExecutionStep step, Boolean& completedSynchronously)
2016/02/01 18:35:47
System.Web.HttpException (0x80004005): 執行處理常式 'System.Web.Mvc.HttpHandlerUtil+ServerExecuteHttpHandlerWrapper' 的子要求時發生錯誤。 ---> System.Web.HttpUnhandledException (0x80004005): 已發生類型 'System.Web.HttpUnhandledException' 的例外狀況。 ---> System.NullReferenceException: 並未將物件參考設定為物件的執行個體。
   於 ASP.views_dataexchange_module_dataindex_ascx.OnInit(EventArgs e) 於 c:\Project\VM-SIT04\IFS-EIVO03\eIVOGo\Views\DataExchange\Module\DataIndex.ascx: 行 84
   於 System.Web.UI.Control.InitRecursive(Control namingContainer)
   於 System.Web.UI.Control.InitRecursive(Control namingContainer)
   於 System.Web.UI.Control.InitRecursive(Control namingContainer)
   於 System.Web.UI.Control.InitRecursive(Control namingContainer)
   於 System.Web.UI.Control.InitRecursive(Control namingContainer)
   於 System.Web.UI.Page.ProcessRequestMain(Boolean includeStagesBeforeAsyncPoint, Boolean includeStagesAfterAsyncPoint)
   於 System.Web.UI.Page.HandleError(Exception e)
   於 System.Web.UI.Page.ProcessRequestMain(Boolean includeStagesBeforeAsyncPoint, Boolean includeStagesAfterAsyncPoint)
   於 System.Web.UI.Page.ProcessRequest(Boolean includeStagesBeforeAsyncPoint, Boolean includeStagesAfterAsyncPoint)
   於 System.Web.UI.Page.ProcessRequest()
   於 System.Web.UI.Page.ProcessRequest(HttpContext context)
   於 ASP.views_dataexchange_index_aspx.ProcessRequest(HttpContext context) 於 c:\Windows\Microsoft.NET\Framework64\v4.0.30319\Temporary ASP.NET Files\root\735e7382\d679391e\App_Web_ocdkzvlz.1.cs: 行 0
   於 System.Web.Mvc.HttpHandlerUtil.ServerExecuteHttpHandlerWrapper.<>c__DisplayClass4.<Wrap>b__3()
   於 System.Web.Mvc.HttpHandlerUtil.ServerExecuteHttpHandlerWrapper.Wrap[TResult](Func`1 func)
   於 System.Web.HttpServerUtility.ExecuteInternal(IHttpHandler handler, TextWriter writer, Boolean preserveForm, Boolean setPreviousPage, VirtualPath path, VirtualPath filePath, String physPath, Exception error, String queryStringOverride)
   於 System.Web.HttpServerUtility.ExecuteInternal(IHttpHandler handler, TextWriter writer, Boolean preserveForm, Boolean setPreviousPage, VirtualPath path, VirtualPath filePath, String physPath, Exception error, String queryStringOverride)
   於 System.Web.HttpServerUtility.Execute(IHttpHandler handler, TextWriter writer, Boolean preserveForm, Boolean setPreviousPage)
   於 System.Web.HttpServerUtility.Execute(IHttpHandler handler, TextWriter writer, Boolean preserveForm)
   於 System.Web.Mvc.ViewPage.RenderView(ViewContext viewContext)
   於 System.Web.Mvc.ViewResultBase.ExecuteResult(ControllerContext context)
   於 System.Web.Mvc.ControllerActionInvoker.InvokeActionResultFilterRecursive(IList`1 filters, Int32 filterIndex, ResultExecutingContext preContext, ControllerContext controllerContext, ActionResult actionResult)
   於 System.Web.Mvc.ControllerActionInvoker.InvokeActionResultFilterRecursive(IList`1 filters, Int32 filterIndex, ResultExecutingContext preContext, ControllerContext controllerContext, ActionResult actionResult)
   於 System.Web.Mvc.ControllerActionInvoker.InvokeActionResultWithFilters(ControllerContext controllerContext, IList`1 filters, ActionResult actionResult)
   於 System.Web.Mvc.Async.AsyncControllerActionInvoker.<>c__DisplayClass21.<BeginInvokeAction>b__1e(IAsyncResult asyncResult)
   於 System.Web.Mvc.Async.AsyncControllerActionInvoker.EndInvokeAction(IAsyncResult asyncResult)
   於 System.Web.Mvc.Controller.<BeginExecuteCore>b__1d(IAsyncResult asyncResult, ExecuteCoreState innerState)
   於 System.Web.Mvc.Async.AsyncResultWrapper.WrappedAsyncVoid`1.CallEndDelegate(IAsyncResult asyncResult)
   於 System.Web.Mvc.Controller.EndExecuteCore(IAsyncResult asyncResult)
   於 System.Web.Mvc.Async.AsyncResultWrapper.WrappedAsyncVoid`1.CallEndDelegate(IAsyncResult asyncResult)
   於 System.Web.Mvc.Controller.EndExecute(IAsyncResult asyncResult)
   於 System.Web.Mvc.MvcHandler.<BeginProcessRequest>b__5(IAsyncResult asyncResult, ProcessRequestState innerState)
   於 System.Web.Mvc.Async.AsyncResultWrapper.WrappedAsyncVoid`1.CallEndDelegate(IAsyncResult asyncResult)
   於 System.Web.Mvc.MvcHandler.EndProcessRequest(IAsyncResult asyncResult)
   於 System.Web.HttpApplication.CallHandlerExecutionStep.System.Web.HttpApplication.IExecutionStep.Execute()
   於 System.Web.HttpApplication.ExecuteStep(IExecutionStep step, Boolean& completedSynchronously)
2016/02/01 18:38:52
System.Web.HttpException (0x80004005): 執行處理常式 'System.Web.Mvc.HttpHandlerUtil+ServerExecuteHttpHandlerWrapper' 的子要求時發生錯誤。 ---> System.Web.HttpUnhandledException (0x80004005): 已發生類型 'System.Web.HttpUnhandledException' 的例外狀況。 ---> System.NullReferenceException: 並未將物件參考設定為物件的執行個體。
   於 ASP.views_dataexchange_module_dataindex_ascx.OnInit(EventArgs e) 於 c:\Project\VM-SIT04\IFS-EIVO03\eIVOGo\Views\DataExchange\Module\DataIndex.ascx: 行 84
   於 System.Web.UI.Control.InitRecursive(Control namingContainer)
   於 System.Web.UI.Control.InitRecursive(Control namingContainer)
   於 System.Web.UI.Control.InitRecursive(Control namingContainer)
   於 System.Web.UI.Control.InitRecursive(Control namingContainer)
   於 System.Web.UI.Control.InitRecursive(Control namingContainer)
   於 System.Web.UI.Page.ProcessRequestMain(Boolean includeStagesBeforeAsyncPoint, Boolean includeStagesAfterAsyncPoint)
   於 System.Web.UI.Page.HandleError(Exception e)
   於 System.Web.UI.Page.ProcessRequestMain(Boolean includeStagesBeforeAsyncPoint, Boolean includeStagesAfterAsyncPoint)
   於 System.Web.UI.Page.ProcessRequest(Boolean includeStagesBeforeAsyncPoint, Boolean includeStagesAfterAsyncPoint)
   於 System.Web.UI.Page.ProcessRequest()
   於 System.Web.UI.Page.ProcessRequest(HttpContext context)
   於 ASP.views_dataexchange_index_aspx.ProcessRequest(HttpContext context) 於 c:\Windows\Microsoft.NET\Framework64\v4.0.30319\Temporary ASP.NET Files\root\735e7382\d679391e\App_Web_ocdkzvlz.1.cs: 行 0
   於 System.Web.Mvc.HttpHandlerUtil.ServerExecuteHttpHandlerWrapper.<>c__DisplayClass4.<Wrap>b__3()
   於 System.Web.Mvc.HttpHandlerUtil.ServerExecuteHttpHandlerWrapper.Wrap[TResult](Func`1 func)
   於 System.Web.HttpServerUtility.ExecuteInternal(IHttpHandler handler, TextWriter writer, Boolean preserveForm, Boolean setPreviousPage, VirtualPath path, VirtualPath filePath, String physPath, Exception error, String queryStringOverride)
   於 System.Web.HttpServerUtility.ExecuteInternal(IHttpHandler handler, TextWriter writer, Boolean preserveForm, Boolean setPreviousPage, VirtualPath path, VirtualPath filePath, String physPath, Exception error, String queryStringOverride)
   於 System.Web.HttpServerUtility.Execute(IHttpHandler handler, TextWriter writer, Boolean preserveForm, Boolean setPreviousPage)
   於 System.Web.HttpServerUtility.Execute(IHttpHandler handler, TextWriter writer, Boolean preserveForm)
   於 System.Web.Mvc.ViewPage.RenderView(ViewContext viewContext)
   於 System.Web.Mvc.ViewResultBase.ExecuteResult(ControllerContext context)
   於 System.Web.Mvc.ControllerActionInvoker.InvokeActionResultFilterRecursive(IList`1 filters, Int32 filterIndex, ResultExecutingContext preContext, ControllerContext controllerContext, ActionResult actionResult)
   於 System.Web.Mvc.ControllerActionInvoker.InvokeActionResultFilterRecursive(IList`1 filters, Int32 filterIndex, ResultExecutingContext preContext, ControllerContext controllerContext, ActionResult actionResult)
   於 System.Web.Mvc.ControllerActionInvoker.InvokeActionResultWithFilters(ControllerContext controllerContext, IList`1 filters, ActionResult actionResult)
   於 System.Web.Mvc.Async.AsyncControllerActionInvoker.<>c__DisplayClass21.<BeginInvokeAction>b__1e(IAsyncResult asyncResult)
   於 System.Web.Mvc.Async.AsyncControllerActionInvoker.EndInvokeAction(IAsyncResult asyncResult)
   於 System.Web.Mvc.Controller.<BeginExecuteCore>b__1d(IAsyncResult asyncResult, ExecuteCoreState innerState)
   於 System.Web.Mvc.Async.AsyncResultWrapper.WrappedAsyncVoid`1.CallEndDelegate(IAsyncResult asyncResult)
   於 System.Web.Mvc.Controller.EndExecuteCore(IAsyncResult asyncResult)
   於 System.Web.Mvc.Async.AsyncResultWrapper.WrappedAsyncVoid`1.CallEndDelegate(IAsyncResult asyncResult)
   於 System.Web.Mvc.Controller.EndExecute(IAsyncResult asyncResult)
   於 System.Web.Mvc.MvcHandler.<BeginProcessRequest>b__5(IAsyncResult asyncResult, ProcessRequestState innerState)
   於 System.Web.Mvc.Async.AsyncResultWrapper.WrappedAsyncVoid`1.CallEndDelegate(IAsyncResult asyncResult)
   於 System.Web.Mvc.MvcHandler.EndProcessRequest(IAsyncResult asyncResult)
   於 System.Web.HttpApplication.CallHandlerExecutionStep.System.Web.HttpApplication.IExecutionStep.Execute()
   於 System.Web.HttpApplication.ExecuteStep(IExecutionStep step, Boolean& completedSynchronously)
2016/02/01 18:42:04
System.NullReferenceException: 並未將物件參考設定為物件的執行個體。
   於 ASP.views_dataexchange_module_dataindex_ascx.__Render__control1(HtmlTextWriter __w, Control parameterContainer) 於 c:\Project\VM-SIT04\IFS-EIVO03\eIVOGo\Views\DataExchange\Module\DataIndex.ascx: 行 67
   於 System.Web.UI.Control.RenderChildrenInternal(HtmlTextWriter writer, ICollection children)
   於 System.Web.UI.Control.RenderControlInternal(HtmlTextWriter writer, ControlAdapter adapter)
   於 System.Web.UI.Control.RenderChildrenInternal(HtmlTextWriter writer, ICollection children)
   於 System.Web.UI.Control.RenderControlInternal(HtmlTextWriter writer, ControlAdapter adapter)
   於 System.Web.UI.Control.RenderChildrenInternal(HtmlTextWriter writer, ICollection children)
   於 System.Web.UI.HtmlControls.HtmlForm.RenderChildren(HtmlTextWriter writer)
   於 System.Web.UI.HtmlControls.HtmlContainerControl.Render(HtmlTextWriter writer)
   於 System.Web.UI.Control.RenderControlInternal(HtmlTextWriter writer, ControlAdapter adapter)
   於 System.Web.UI.HtmlControls.HtmlForm.RenderControl(HtmlTextWriter writer)
   於 System.Web.UI.Control.RenderChildrenInternal(HtmlTextWriter writer, ICollection children)
   於 System.Web.UI.Control.RenderControlInternal(HtmlTextWriter writer, ControlAdapter adapter)
   於 System.Web.UI.Control.RenderChildrenInternal(HtmlTextWriter writer, ICollection children)
   於 System.Web.Mvc.ViewPage.Render(HtmlTextWriter writer)
   於 System.Web.UI.Control.RenderControlInternal(HtmlTextWriter writer, ControlAdapter adapter)
   於 System.Web.UI.Page.ProcessRequestMain(Boolean includeStagesBeforeAsyncPoint, Boolean includeStagesAfterAsyncPoint)
2016/02/01 18:42:04
System.Web.HttpException (0x80004005): 執行處理常式 'System.Web.Mvc.HttpHandlerUtil+ServerExecuteHttpHandlerWrapper' 的子要求時發生錯誤。 ---> System.Web.HttpUnhandledException (0x80004005): 已發生類型 'System.Web.HttpUnhandledException' 的例外狀況。 ---> System.Web.HttpException (0x80004005): 執行 /Views/DataExchange/Index.aspx 的子要求時發生錯誤。 ---> System.NullReferenceException: 並未將物件參考設定為物件的執行個體。
   於 System.Web.Mvc.ViewPage.get_TempData()
   於 ASP.views_dataexchange_index_aspx.Dispose() 於 c:\Project\VM-SIT04\IFS-EIVO03\eIVOGo\Views\DataExchange\Index.aspx: 行 15
   於 System.Web.UI.Control.UnloadRecursive(Boolean dispose)
   於 System.Web.UI.Page.UnloadRecursive(Boolean dispose)
   於 System.Web.UI.Page.ProcessRequestCleanup()
   於 System.Web.UI.Page.ProcessRequest(Boolean includeStagesBeforeAsyncPoint, Boolean includeStagesAfterAsyncPoint)
   於 System.Web.UI.Page.ProcessRequest()
   於 System.Web.UI.Page.ProcessRequest(HttpContext context)
   於 ASP.views_dataexchange_index_aspx.ProcessRequest(HttpContext context) 於 c:\Windows\Microsoft.NET\Framework64\v4.0.30319\Temporary ASP.NET Files\root\735e7382\d679391e\App_Web_ska30pqt.1.cs: 行 0
   於 System.Web.HttpServerUtility.ExecuteInternal(IHttpHandler handler, TextWriter writer, Boolean preserveForm, Boolean setPreviousPage, VirtualPath path, VirtualPath filePath, String physPath, Exception error, String queryStringOverride)
   於 System.Web.HttpServerUtility.ExecuteInternal(IHttpHandler handler, TextWriter writer, Boolean preserveForm, Boolean setPreviousPage, VirtualPath path, VirtualPath filePath, String physPath, Exception error, String queryStringOverride)
   於 System.Web.HttpServerUtility.Execute(String path, TextWriter writer, Boolean preserveForm)
   於 System.Web.HttpServerUtility.Transfer(String path, Boolean preserveForm)
   於 System.Web.HttpServerUtility.Transfer(String path)
   於 ASP.views_dataexchange_test_aspx.OnInit(EventArgs e) 於 c:\Project\VM-SIT04\IFS-EIVO03\eIVOGo\Views\DataExchange\Test.aspx: 行 10
   於 System.Web.UI.Control.InitRecursive(Control namingContainer)
   於 System.Web.UI.Page.ProcessRequestMain(Boolean includeStagesBeforeAsyncPoint, Boolean includeStagesAfterAsyncPoint)
   於 System.Web.UI.Page.HandleError(Exception e)
   於 System.Web.UI.Page.ProcessRequestMain(Boolean includeStagesBeforeAsyncPoint, Boolean includeStagesAfterAsyncPoint)
   於 System.Web.UI.Page.ProcessRequest(Boolean includeStagesBeforeAsyncPoint, Boolean includeStagesAfterAsyncPoint)
   於 System.Web.UI.Page.ProcessRequest()
   於 System.Web.UI.Page.ProcessRequest(HttpContext context)
   於 ASP.views_dataexchange_test_aspx.ProcessRequest(HttpContext context) 於 c:\Windows\Microsoft.NET\Framework64\v4.0.30319\Temporary ASP.NET Files\root\735e7382\d679391e\App_Web_ska30pqt.0.cs: 行 0
   於 System.Web.Mvc.HttpHandlerUtil.ServerExecuteHttpHandlerWrapper.<>c__DisplayClass4.<Wrap>b__3()
   於 System.Web.Mvc.HttpHandlerUtil.ServerExecuteHttpHandlerWrapper.Wrap[TResult](Func`1 func)
   於 System.Web.HttpServerUtility.ExecuteInternal(IHttpHandler handler, TextWriter writer, Boolean preserveForm, Boolean setPreviousPage, VirtualPath path, VirtualPath filePath, String physPath, Exception error, String queryStringOverride)
   於 System.Web.HttpServerUtility.ExecuteInternal(IHttpHandler handler, TextWriter writer, Boolean preserveForm, Boolean setPreviousPage, VirtualPath path, VirtualPath filePath, String physPath, Exception error, String queryStringOverride)
   於 System.Web.HttpServerUtility.Execute(IHttpHandler handler, TextWriter writer, Boolean preserveForm, Boolean setPreviousPage)
   於 System.Web.HttpServerUtility.Execute(IHttpHandler handler, TextWriter writer, Boolean preserveForm)
   於 System.Web.Mvc.ViewPage.RenderView(ViewContext viewContext)
   於 System.Web.Mvc.ViewResultBase.ExecuteResult(ControllerContext context)
   於 System.Web.Mvc.ControllerActionInvoker.InvokeActionResultFilterRecursive(IList`1 filters, Int32 filterIndex, ResultExecutingContext preContext, ControllerContext controllerContext, ActionResult actionResult)
   於 System.Web.Mvc.ControllerActionInvoker.InvokeActionResultFilterRecursive(IList`1 filters, Int32 filterIndex, ResultExecutingContext preContext, ControllerContext controllerContext, ActionResult actionResult)
   於 System.Web.Mvc.ControllerActionInvoker.InvokeActionResultWithFilters(ControllerContext controllerContext, IList`1 filters, ActionResult actionResult)
   於 System.Web.Mvc.Async.AsyncControllerActionInvoker.<>c__DisplayClass21.<BeginInvokeAction>b__1e(IAsyncResult asyncResult)
   於 System.Web.Mvc.Async.AsyncControllerActionInvoker.EndInvokeAction(IAsyncResult asyncResult)
   於 System.Web.Mvc.Controller.<BeginExecuteCore>b__1d(IAsyncResult asyncResult, ExecuteCoreState innerState)
   於 System.Web.Mvc.Async.AsyncResultWrapper.WrappedAsyncVoid`1.CallEndDelegate(IAsyncResult asyncResult)
   於 System.Web.Mvc.Controller.EndExecuteCore(IAsyncResult asyncResult)
   於 System.Web.Mvc.Async.AsyncResultWrapper.WrappedAsyncVoid`1.CallEndDelegate(IAsyncResult asyncResult)
   於 System.Web.Mvc.Controller.EndExecute(IAsyncResult asyncResult)
   於 System.Web.Mvc.MvcHandler.<BeginProcessRequest>b__5(IAsyncResult asyncResult, ProcessRequestState innerState)
   於 System.Web.Mvc.Async.AsyncResultWrapper.WrappedAsyncVoid`1.CallEndDelegate(IAsyncResult asyncResult)
   於 System.Web.Mvc.MvcHandler.EndProcessRequest(IAsyncResult asyncResult)
   於 System.Web.HttpApplication.CallHandlerExecutionStep.System.Web.HttpApplication.IExecutionStep.Execute()
   於 System.Web.HttpApplication.ExecuteStep(IExecutionStep step, Boolean& completedSynchronously)
2016/02/01 18:44:50
System.Web.HttpException (0x80004005): 執行處理常式 'System.Web.Mvc.HttpHandlerUtil+ServerExecuteHttpHandlerWrapper' 的子要求時發生錯誤。 ---> System.Web.HttpException (0x80004005): 執行 /_test/DownloadText.aspx 的子要求時發生錯誤。 ---> System.Web.HttpUnhandledException (0x80004005): 已發生類型 'System.Web.HttpUnhandledException' 的例外狀況。 ---> System.Web.HttpException (0x80004005): 當使用自訂 TextWriter 時，就無法使用 OutputStream。
   於 System.Web.HttpResponse.get_OutputStream()
   於 ASP._test_downloadtext_aspx.OnInit(EventArgs e) 於 c:\Project\VM-SIT04\IFS-EIVO03\eIVOGo\_test\DownloadText.aspx: 行 25
   於 System.Web.UI.Control.InitRecursive(Control namingContainer)
   於 System.Web.UI.Page.ProcessRequestMain(Boolean includeStagesBeforeAsyncPoint, Boolean includeStagesAfterAsyncPoint)
   於 System.Web.UI.Page.HandleError(Exception e)
   於 System.Web.UI.Page.ProcessRequestMain(Boolean includeStagesBeforeAsyncPoint, Boolean includeStagesAfterAsyncPoint)
   於 System.Web.UI.Page.ProcessRequest(Boolean includeStagesBeforeAsyncPoint, Boolean includeStagesAfterAsyncPoint)
   於 System.Web.UI.Page.ProcessRequest()
   於 System.Web.UI.Page.ProcessRequest(HttpContext context)
   於 ASP._test_downloadtext_aspx.ProcessRequest(HttpContext context) 於 c:\Windows\Microsoft.NET\Framework64\v4.0.30319\Temporary ASP.NET Files\root\735e7382\d679391e\App_Web_hnotaauh.2.cs: 行 0
   於 System.Web.HttpServerUtility.ExecuteInternal(IHttpHandler handler, TextWriter writer, Boolean preserveForm, Boolean setPreviousPage, VirtualPath path, VirtualPath filePath, String physPath, Exception error, String queryStringOverride)
   於 System.Web.HttpServerUtility.ExecuteInternal(IHttpHandler handler, TextWriter writer, Boolean preserveForm, Boolean setPreviousPage, VirtualPath path, VirtualPath filePath, String physPath, Exception error, String queryStringOverride)
   於 System.Web.HttpServerUtility.Execute(String path, TextWriter writer, Boolean preserveForm)
   於 System.Web.HttpServerUtility.Transfer(String path, Boolean preserveForm)
   於 System.Web.HttpServerUtility.Transfer(String path)
   於 ASP.views_dataexchange_test_aspx.OnInit(EventArgs e) 於 c:\Project\VM-SIT04\IFS-EIVO03\eIVOGo\Views\DataExchange\Test.aspx: 行 10
   於 System.Web.UI.Control.InitRecursive(Control namingContainer)
   於 System.Web.UI.Page.ProcessRequestMain(Boolean includeStagesBeforeAsyncPoint, Boolean includeStagesAfterAsyncPoint)
   於 System.Web.UI.Page.ProcessRequest(Boolean includeStagesBeforeAsyncPoint, Boolean includeStagesAfterAsyncPoint)
   於 System.Web.UI.Page.ProcessRequest()
   於 System.Web.UI.Page.ProcessRequest(HttpContext context)
   於 ASP.views_dataexchange_test_aspx.ProcessRequest(HttpContext context) 於 c:\Windows\Microsoft.NET\Framework64\v4.0.30319\Temporary ASP.NET Files\root\735e7382\d679391e\App_Web_xd5my24k.1.cs: 行 0
   於 System.Web.Mvc.HttpHandlerUtil.ServerExecuteHttpHandlerWrapper.<>c__DisplayClass4.<Wrap>b__3()
   於 System.Web.Mvc.HttpHandlerUtil.ServerExecuteHttpHandlerWrapper.Wrap[TResult](Func`1 func)
   於 System.Web.HttpServerUtility.ExecuteInternal(IHttpHandler handler, TextWriter writer, Boolean preserveForm, Boolean setPreviousPage, VirtualPath path, VirtualPath filePath, String physPath, Exception error, String queryStringOverride)
   於 System.Web.HttpServerUtility.ExecuteInternal(IHttpHandler handler, TextWriter writer, Boolean preserveForm, Boolean setPreviousPage, VirtualPath path, VirtualPath filePath, String physPath, Exception error, String queryStringOverride)
   於 System.Web.HttpServerUtility.Execute(IHttpHandler handler, TextWriter writer, Boolean preserveForm, Boolean setPreviousPage)
   於 System.Web.HttpServerUtility.Execute(IHttpHandler handler, TextWriter writer, Boolean preserveForm)
   於 System.Web.Mvc.ViewPage.RenderView(ViewContext viewContext)
   於 System.Web.Mvc.ViewResultBase.ExecuteResult(ControllerContext context)
   於 System.Web.Mvc.ControllerActionInvoker.InvokeActionResultFilterRecursive(IList`1 filters, Int32 filterIndex, ResultExecutingContext preContext, ControllerContext controllerContext, ActionResult actionResult)
   於 System.Web.Mvc.ControllerActionInvoker.InvokeActionResultFilterRecursive(IList`1 filters, Int32 filterIndex, ResultExecutingContext preContext, ControllerContext controllerContext, ActionResult actionResult)
   於 System.Web.Mvc.ControllerActionInvoker.InvokeActionResultWithFilters(ControllerContext controllerContext, IList`1 filters, ActionResult actionResult)
   於 System.Web.Mvc.Async.AsyncControllerActionInvoker.<>c__DisplayClass21.<BeginInvokeAction>b__1e(IAsyncResult asyncResult)
   於 System.Web.Mvc.Async.AsyncControllerActionInvoker.EndInvokeAction(IAsyncResult asyncResult)
   於 System.Web.Mvc.Controller.<BeginExecuteCore>b__1d(IAsyncResult asyncResult, ExecuteCoreState innerState)
   於 System.Web.Mvc.Async.AsyncResultWrapper.WrappedAsyncVoid`1.CallEndDelegate(IAsyncResult asyncResult)
   於 System.Web.Mvc.Controller.EndExecuteCore(IAsyncResult asyncResult)
   於 System.Web.Mvc.Async.AsyncResultWrapper.WrappedAsyncVoid`1.CallEndDelegate(IAsyncResult asyncResult)
   於 System.Web.Mvc.Controller.EndExecute(IAsyncResult asyncResult)
   於 System.Web.Mvc.MvcHandler.<BeginProcessRequest>b__5(IAsyncResult asyncResult, ProcessRequestState innerState)
   於 System.Web.Mvc.Async.AsyncResultWrapper.WrappedAsyncVoid`1.CallEndDelegate(IAsyncResult asyncResult)
   於 System.Web.Mvc.MvcHandler.EndProcessRequest(IAsyncResult asyncResult)
   於 System.Web.HttpApplication.CallHandlerExecutionStep.System.Web.HttpApplication.IExecutionStep.Execute()
   於 System.Web.HttpApplication.ExecuteStep(IExecutionStep step, Boolean& completedSynchronously)
