2016/03/25 10:41:35
System.Net.Mail.SmtpException: 傳送郵件失敗。 ---> System.Net.WebException: 無法連接至遠端伺服器 ---> System.Net.Sockets.SocketException: 無法連線，因為目標電腦拒絕連線。 127.0.0.1:25
   於 System.Net.Sockets.Socket.DoConnect(EndPoint endPointSnapshot, SocketAddress socketAddress)
   於 System.Net.ServicePoint.ConnectSocketInternal(Boolean connectFailure, Socket s4, Socket s6, Socket& socket, IPAddress& address, ConnectSocketState state, IAsyncResult asyncResult, Exception& exception)
   --- 內部例外狀況堆疊追蹤的結尾 ---
   於 System.Net.ServicePoint.GetConnection(PooledStream PooledStream, Object owner, Boolean async, IPAddress& address, Socket& abortSocket, Socket& abortSocket6)
   於 System.Net.PooledStream.Activate(Object owningObject, Boolean async, GeneralAsyncDelegate asyncCallback)
   於 System.Net.ConnectionPool.GetConnection(Object owningObject, GeneralAsyncDelegate asyncCallback, Int32 creationTimeout)
   於 System.Net.Mail.SmtpConnection.GetConnection(ServicePoint servicePoint)
   於 System.Net.Mail.SmtpTransport.GetConnection(ServicePoint servicePoint)
   於 System.Net.Mail.SmtpClient.GetConnection()
   於 System.Net.Mail.SmtpClient.Send(MailMessage message)
   --- 內部例外狀況堆疊追蹤的結尾 ---
   於 System.Net.Mail.SmtpClient.Send(MailMessage message)
   於 eIVOGo.services.ServiceWorkItem.doDailyTurnKeyCheck() 於 c:\Project\VM-SIT04\IFS-EIVO03\eIVOGo\services\ServiceWorkItem.cs: 行 244
2016/03/25 12:17:32
System.Web.HttpException (0x80004005): A public action method 'images' was not found on controller 'eIVOGo.Controllers.OrganizationQueryController'.
   於 System.Web.Mvc.Controller.HandleUnknownAction(String actionName)
   於 System.Web.Mvc.Controller.<BeginExecuteCore>b__1d(IAsyncResult asyncResult, ExecuteCoreState innerState)
   於 System.Web.Mvc.Async.AsyncResultWrapper.WrappedAsyncVoid`1.CallEndDelegate(IAsyncResult asyncResult)
   於 System.Web.Mvc.Controller.EndExecuteCore(IAsyncResult asyncResult)
   於 System.Web.Mvc.Async.AsyncResultWrapper.WrappedAsyncVoid`1.CallEndDelegate(IAsyncResult asyncResult)
   於 System.Web.Mvc.Controller.EndExecute(IAsyncResult asyncResult)
   於 System.Web.Mvc.MvcHandler.<BeginProcessRequest>b__5(IAsyncResult asyncResult, ProcessRequestState innerState)
   於 System.Web.Mvc.Async.AsyncResultWrapper.WrappedAsyncVoid`1.CallEndDelegate(IAsyncResult asyncResult)
   於 System.Web.Mvc.MvcHandler.EndProcessRequest(IAsyncResult asyncResult)
   於 System.Web.HttpApplication.CallHandlerExecutionStep.System.Web.HttpApplication.IExecutionStep.Execute()
   於 System.Web.HttpApplication.ExecuteStep(IExecutionStep step, Boolean& completedSynchronously)
2016/03/25 12:34:58
System.Web.HttpException (0x80004005): A public action method 'images' was not found on controller 'eIVOGo.Controllers.OrganizationQueryController'.
   於 System.Web.Mvc.Controller.HandleUnknownAction(String actionName)
   於 System.Web.Mvc.Controller.<BeginExecuteCore>b__1d(IAsyncResult asyncResult, ExecuteCoreState innerState)
   於 System.Web.Mvc.Async.AsyncResultWrapper.WrappedAsyncVoid`1.CallEndDelegate(IAsyncResult asyncResult)
   於 System.Web.Mvc.Controller.EndExecuteCore(IAsyncResult asyncResult)
   於 System.Web.Mvc.Async.AsyncResultWrapper.WrappedAsyncVoid`1.CallEndDelegate(IAsyncResult asyncResult)
   於 System.Web.Mvc.Controller.EndExecute(IAsyncResult asyncResult)
   於 System.Web.Mvc.MvcHandler.<BeginProcessRequest>b__5(IAsyncResult asyncResult, ProcessRequestState innerState)
   於 System.Web.Mvc.Async.AsyncResultWrapper.WrappedAsyncVoid`1.CallEndDelegate(IAsyncResult asyncResult)
   於 System.Web.Mvc.MvcHandler.EndProcessRequest(IAsyncResult asyncResult)
   於 System.Web.HttpApplication.CallHandlerExecutionStep.System.Web.HttpApplication.IExecutionStep.Execute()
   於 System.Web.HttpApplication.ExecuteStep(IExecutionStep step, Boolean& completedSynchronously)
2016/03/25 14:05:00
System.Web.HttpException (0x80004005): 傳送 HTTP 標頭後無法重新導向。
   於 System.Web.HttpResponse.Redirect(String url, Boolean endResponse, Boolean permanent)
   於 Business.Helper.WebPageUtility.get_UserProfile() 於 c:\Project\VM-SIT04\IFS-EIVO03\Business\Helper\WebPageUtility.cs: 行 27
   於 eIVOGo.template.base_page.Page_Load(Object sender, EventArgs e) 於 c:\Project\VM-SIT04\IFS-EIVO03\eIVOGo\template\base_page.aspx.cs: 行 21
   於 System.Web.UI.Control.OnLoad(EventArgs e)
   於 System.Web.UI.Control.LoadRecursive()
   於 System.Web.UI.Page.ProcessRequestMain(Boolean includeStagesBeforeAsyncPoint, Boolean includeStagesAfterAsyncPoint)
2016/03/25 14:05:01
System.Web.HttpException (0x80004005): 執行處理常式 'System.Web.Mvc.HttpHandlerUtil+ServerExecuteHttpHandlerWrapper' 的子要求時發生錯誤。 ---> System.Web.HttpUnhandledException (0x80004005): 已發生類型 'System.Web.HttpUnhandledException' 的例外狀況。 ---> System.Web.HttpException (0x80004005): 傳送 HTTP 標頭後無法重新導向。
   於 System.Web.HttpResponse.Redirect(String url, Boolean endResponse, Boolean permanent)
   於 Business.Helper.WebPageUtility.get_UserProfile() 於 c:\Project\VM-SIT04\IFS-EIVO03\Business\Helper\WebPageUtility.cs: 行 27
   於 eIVOGo.template.base_page.Page_Load(Object sender, EventArgs e) 於 c:\Project\VM-SIT04\IFS-EIVO03\eIVOGo\template\base_page.aspx.cs: 行 21
   於 System.Web.UI.Control.OnLoad(EventArgs e)
   於 System.Web.UI.Control.LoadRecursive()
   於 System.Web.UI.Page.ProcessRequestMain(Boolean includeStagesBeforeAsyncPoint, Boolean includeStagesAfterAsyncPoint)
   於 System.Web.UI.Page.HandleError(Exception e)
   於 System.Web.UI.Page.ProcessRequestMain(Boolean includeStagesBeforeAsyncPoint, Boolean includeStagesAfterAsyncPoint)
   於 System.Web.UI.Page.ProcessRequest(Boolean includeStagesBeforeAsyncPoint, Boolean includeStagesAfterAsyncPoint)
   於 System.Web.UI.Page.ProcessRequest()
   於 System.Web.UI.Page.ProcessRequest(HttpContext context)
   於 ASP.views_organizationquery_inquiryresult_aspx.ProcessRequest(HttpContext context) 於 c:\Windows\Microsoft.NET\Framework64\v4.0.30319\Temporary ASP.NET Files\root\735e7382\d679391e\App_Web_exp4k4nv.0.cs: 行 0
   於 System.Web.Mvc.HttpHandlerUtil.ServerExecuteHttpHandlerWrapper.<>c__DisplayClass4.<Wrap>b__3()
   於 System.Web.Mvc.HttpHandlerUtil.ServerExecuteHttpHandlerWrapper.Wrap[TResult](Func`1 func)
   於 System.Web.HttpServerUtility.ExecuteInternal(IHttpHandler handler, TextWriter writer, Boolean preserveForm, Boolean setPreviousPage, VirtualPath path, VirtualPath filePath, String physPath, Exception error, String queryStringOverride)
   於 System.Web.HttpServerUtility.ExecuteInternal(IHttpHandler handler, TextWriter writer, Boolean preserveForm, Boolean setPreviousPage, VirtualPath path, VirtualPath filePath, String physPath, Exception error, String queryStringOverride)
   於 System.Web.HttpServerUtility.Execute(IHttpHandler handler, TextWriter writer, Boolean preserveForm, Boolean setPreviousPage)
   於 System.Web.HttpServerUtility.Execute(IHttpHandler handler, TextWriter writer, Boolean preserveForm)
   於 System.Web.Mvc.ViewPage.RenderView(ViewContext viewContext)
   於 System.Web.Mvc.ViewResultBase.ExecuteResult(ControllerContext context)
   於 System.Web.Mvc.ControllerActionInvoker.InvokeActionResultFilterRecursive(IList`1 filters, Int32 filterIndex, ResultExecutingContext preContext, ControllerContext controllerContext, ActionResult actionResult)
   於 System.Web.Mvc.ControllerActionInvoker.InvokeActionResultFilterRecursive(IList`1 filters, Int32 filterIndex, ResultExecutingContext preContext, ControllerContext controllerContext, ActionResult actionResult)
   於 System.Web.Mvc.ControllerActionInvoker.InvokeActionResultWithFilters(ControllerContext controllerContext, IList`1 filters, ActionResult actionResult)
   於 System.Web.Mvc.Async.AsyncControllerActionInvoker.<>c__DisplayClass21.<BeginInvokeAction>b__1e(IAsyncResult asyncResult)
   於 System.Web.Mvc.Async.AsyncControllerActionInvoker.EndInvokeAction(IAsyncResult asyncResult)
   於 System.Web.Mvc.Controller.<BeginExecuteCore>b__1d(IAsyncResult asyncResult, ExecuteCoreState innerState)
   於 System.Web.Mvc.Async.AsyncResultWrapper.WrappedAsyncVoid`1.CallEndDelegate(IAsyncResult asyncResult)
   於 System.Web.Mvc.Controller.EndExecuteCore(IAsyncResult asyncResult)
   於 System.Web.Mvc.Async.AsyncResultWrapper.WrappedAsyncVoid`1.CallEndDelegate(IAsyncResult asyncResult)
   於 System.Web.Mvc.Controller.EndExecute(IAsyncResult asyncResult)
   於 System.Web.Mvc.MvcHandler.<BeginProcessRequest>b__5(IAsyncResult asyncResult, ProcessRequestState innerState)
   於 System.Web.Mvc.Async.AsyncResultWrapper.WrappedAsyncVoid`1.CallEndDelegate(IAsyncResult asyncResult)
   於 System.Web.Mvc.MvcHandler.EndProcessRequest(IAsyncResult asyncResult)
   於 System.Web.HttpApplication.CallHandlerExecutionStep.System.Web.HttpApplication.IExecutionStep.Execute()
   於 System.Web.HttpApplication.ExecuteStep(IExecutionStep step, Boolean& completedSynchronously)
2016/03/25 14:09:48
System.Web.HttpException (0x80004005): 傳送 HTTP 標頭後無法重新導向。
   於 System.Web.HttpResponse.Redirect(String url, Boolean endResponse, Boolean permanent)
   於 Business.Helper.WebPageUtility.get_UserProfile() 於 c:\Project\VM-SIT04\IFS-EIVO03\Business\Helper\WebPageUtility.cs: 行 27
   於 eIVOGo.template.base_page.Page_Load(Object sender, EventArgs e) 於 c:\Project\VM-SIT04\IFS-EIVO03\eIVOGo\template\base_page.aspx.cs: 行 21
   於 System.Web.UI.Control.OnLoad(EventArgs e)
   於 System.Web.UI.Control.LoadRecursive()
   於 System.Web.UI.Page.ProcessRequestMain(Boolean includeStagesBeforeAsyncPoint, Boolean includeStagesAfterAsyncPoint)
2016/03/25 14:09:48
System.Web.HttpException (0x80004005): 執行處理常式 'System.Web.Mvc.HttpHandlerUtil+ServerExecuteHttpHandlerWrapper' 的子要求時發生錯誤。 ---> System.Web.HttpUnhandledException (0x80004005): 已發生類型 'System.Web.HttpUnhandledException' 的例外狀況。 ---> System.Web.HttpException (0x80004005): 傳送 HTTP 標頭後無法重新導向。
   於 System.Web.HttpResponse.Redirect(String url, Boolean endResponse, Boolean permanent)
   於 Business.Helper.WebPageUtility.get_UserProfile() 於 c:\Project\VM-SIT04\IFS-EIVO03\Business\Helper\WebPageUtility.cs: 行 27
   於 eIVOGo.template.base_page.Page_Load(Object sender, EventArgs e) 於 c:\Project\VM-SIT04\IFS-EIVO03\eIVOGo\template\base_page.aspx.cs: 行 21
   於 System.Web.UI.Control.OnLoad(EventArgs e)
   於 System.Web.UI.Control.LoadRecursive()
   於 System.Web.UI.Page.ProcessRequestMain(Boolean includeStagesBeforeAsyncPoint, Boolean includeStagesAfterAsyncPoint)
   於 System.Web.UI.Page.HandleError(Exception e)
   於 System.Web.UI.Page.ProcessRequestMain(Boolean includeStagesBeforeAsyncPoint, Boolean includeStagesAfterAsyncPoint)
   於 System.Web.UI.Page.ProcessRequest(Boolean includeStagesBeforeAsyncPoint, Boolean includeStagesAfterAsyncPoint)
   於 System.Web.UI.Page.ProcessRequest()
   於 System.Web.UI.Page.ProcessRequest(HttpContext context)
   於 ASP.views_organizationquery_index_aspx.ProcessRequest(HttpContext context) 於 c:\Windows\Microsoft.NET\Framework64\v4.0.30319\Temporary ASP.NET Files\root\735e7382\d679391e\App_Web_exp4k4nv.1.cs: 行 0
   於 System.Web.Mvc.HttpHandlerUtil.ServerExecuteHttpHandlerWrapper.<>c__DisplayClass4.<Wrap>b__3()
   於 System.Web.Mvc.HttpHandlerUtil.ServerExecuteHttpHandlerWrapper.Wrap[TResult](Func`1 func)
   於 System.Web.HttpServerUtility.ExecuteInternal(IHttpHandler handler, TextWriter writer, Boolean preserveForm, Boolean setPreviousPage, VirtualPath path, VirtualPath filePath, String physPath, Exception error, String queryStringOverride)
   於 System.Web.HttpServerUtility.ExecuteInternal(IHttpHandler handler, TextWriter writer, Boolean preserveForm, Boolean setPreviousPage, VirtualPath path, VirtualPath filePath, String physPath, Exception error, String queryStringOverride)
   於 System.Web.HttpServerUtility.Execute(IHttpHandler handler, TextWriter writer, Boolean preserveForm, Boolean setPreviousPage)
   於 System.Web.HttpServerUtility.Execute(IHttpHandler handler, TextWriter writer, Boolean preserveForm)
   於 System.Web.Mvc.ViewPage.RenderView(ViewContext viewContext)
   於 System.Web.Mvc.ViewResultBase.ExecuteResult(ControllerContext context)
   於 System.Web.Mvc.ControllerActionInvoker.InvokeActionResultFilterRecursive(IList`1 filters, Int32 filterIndex, ResultExecutingContext preContext, ControllerContext controllerContext, ActionResult actionResult)
   於 System.Web.Mvc.ControllerActionInvoker.InvokeActionResultFilterRecursive(IList`1 filters, Int32 filterIndex, ResultExecutingContext preContext, ControllerContext controllerContext, ActionResult actionResult)
   於 System.Web.Mvc.ControllerActionInvoker.InvokeActionResultWithFilters(ControllerContext controllerContext, IList`1 filters, ActionResult actionResult)
   於 System.Web.Mvc.Async.AsyncControllerActionInvoker.<>c__DisplayClass21.<BeginInvokeAction>b__1e(IAsyncResult asyncResult)
   於 System.Web.Mvc.Async.AsyncControllerActionInvoker.EndInvokeAction(IAsyncResult asyncResult)
   於 System.Web.Mvc.Controller.<BeginExecuteCore>b__1d(IAsyncResult asyncResult, ExecuteCoreState innerState)
   於 System.Web.Mvc.Async.AsyncResultWrapper.WrappedAsyncVoid`1.CallEndDelegate(IAsyncResult asyncResult)
   於 System.Web.Mvc.Controller.EndExecuteCore(IAsyncResult asyncResult)
   於 System.Web.Mvc.Async.AsyncResultWrapper.WrappedAsyncVoid`1.CallEndDelegate(IAsyncResult asyncResult)
   於 System.Web.Mvc.Controller.EndExecute(IAsyncResult asyncResult)
   於 System.Web.Mvc.MvcHandler.<BeginProcessRequest>b__5(IAsyncResult asyncResult, ProcessRequestState innerState)
   於 System.Web.Mvc.Async.AsyncResultWrapper.WrappedAsyncVoid`1.CallEndDelegate(IAsyncResult asyncResult)
   於 System.Web.Mvc.MvcHandler.EndProcessRequest(IAsyncResult asyncResult)
   於 System.Web.HttpApplication.CallHandlerExecutionStep.System.Web.HttpApplication.IExecutionStep.Execute()
   於 System.Web.HttpApplication.ExecuteStep(IExecutionStep step, Boolean& completedSynchronously)
2016/03/25 14:22:11
System.Web.HttpException (0x80004005): 傳送 HTTP 標頭後無法重新導向。
   於 System.Web.HttpResponse.Redirect(String url, Boolean endResponse, Boolean permanent)
   於 Business.Helper.WebPageUtility.get_UserProfile() 於 c:\Project\VM-SIT04\IFS-EIVO03\Business\Helper\WebPageUtility.cs: 行 27
   於 eIVOGo.template.base_page.Page_Load(Object sender, EventArgs e) 於 c:\Project\VM-SIT04\IFS-EIVO03\eIVOGo\template\base_page.aspx.cs: 行 21
   於 System.Web.UI.Control.OnLoad(EventArgs e)
   於 System.Web.UI.Control.LoadRecursive()
   於 System.Web.UI.Page.ProcessRequestMain(Boolean includeStagesBeforeAsyncPoint, Boolean includeStagesAfterAsyncPoint)
2016/03/25 14:22:11
System.Web.HttpException (0x80004005): 執行處理常式 'System.Web.Mvc.HttpHandlerUtil+ServerExecuteHttpHandlerWrapper' 的子要求時發生錯誤。 ---> System.Web.HttpUnhandledException (0x80004005): 已發生類型 'System.Web.HttpUnhandledException' 的例外狀況。 ---> System.Web.HttpException (0x80004005): 傳送 HTTP 標頭後無法重新導向。
   於 System.Web.HttpResponse.Redirect(String url, Boolean endResponse, Boolean permanent)
   於 Business.Helper.WebPageUtility.get_UserProfile() 於 c:\Project\VM-SIT04\IFS-EIVO03\Business\Helper\WebPageUtility.cs: 行 27
   於 eIVOGo.template.base_page.Page_Load(Object sender, EventArgs e) 於 c:\Project\VM-SIT04\IFS-EIVO03\eIVOGo\template\base_page.aspx.cs: 行 21
   於 System.Web.UI.Control.OnLoad(EventArgs e)
   於 System.Web.UI.Control.LoadRecursive()
   於 System.Web.UI.Page.ProcessRequestMain(Boolean includeStagesBeforeAsyncPoint, Boolean includeStagesAfterAsyncPoint)
   於 System.Web.UI.Page.HandleError(Exception e)
   於 System.Web.UI.Page.ProcessRequestMain(Boolean includeStagesBeforeAsyncPoint, Boolean includeStagesAfterAsyncPoint)
   於 System.Web.UI.Page.ProcessRequest(Boolean includeStagesBeforeAsyncPoint, Boolean includeStagesAfterAsyncPoint)
   於 System.Web.UI.Page.ProcessRequest()
   於 System.Web.UI.Page.ProcessRequest(HttpContext context)
   於 ASP.views_organizationquery_inquiryresult_aspx.ProcessRequest(HttpContext context) 於 c:\Windows\Microsoft.NET\Framework64\v4.0.30319\Temporary ASP.NET Files\root\735e7382\d679391e\App_Web_snjaiu2b.2.cs: 行 0
   於 System.Web.Mvc.HttpHandlerUtil.ServerExecuteHttpHandlerWrapper.<>c__DisplayClass4.<Wrap>b__3()
   於 System.Web.Mvc.HttpHandlerUtil.ServerExecuteHttpHandlerWrapper.Wrap[TResult](Func`1 func)
   於 System.Web.HttpServerUtility.ExecuteInternal(IHttpHandler handler, TextWriter writer, Boolean preserveForm, Boolean setPreviousPage, VirtualPath path, VirtualPath filePath, String physPath, Exception error, String queryStringOverride)
   於 System.Web.HttpServerUtility.ExecuteInternal(IHttpHandler handler, TextWriter writer, Boolean preserveForm, Boolean setPreviousPage, VirtualPath path, VirtualPath filePath, String physPath, Exception error, String queryStringOverride)
   於 System.Web.HttpServerUtility.Execute(IHttpHandler handler, TextWriter writer, Boolean preserveForm, Boolean setPreviousPage)
   於 System.Web.HttpServerUtility.Execute(IHttpHandler handler, TextWriter writer, Boolean preserveForm)
   於 System.Web.Mvc.ViewPage.RenderView(ViewContext viewContext)
   於 System.Web.Mvc.ViewResultBase.ExecuteResult(ControllerContext context)
   於 System.Web.Mvc.ControllerActionInvoker.InvokeActionResultFilterRecursive(IList`1 filters, Int32 filterIndex, ResultExecutingContext preContext, ControllerContext controllerContext, ActionResult actionResult)
   於 System.Web.Mvc.ControllerActionInvoker.InvokeActionResultFilterRecursive(IList`1 filters, Int32 filterIndex, ResultExecutingContext preContext, ControllerContext controllerContext, ActionResult actionResult)
   於 System.Web.Mvc.ControllerActionInvoker.InvokeActionResultWithFilters(ControllerContext controllerContext, IList`1 filters, ActionResult actionResult)
   於 System.Web.Mvc.Async.AsyncControllerActionInvoker.<>c__DisplayClass21.<BeginInvokeAction>b__1e(IAsyncResult asyncResult)
   於 System.Web.Mvc.Async.AsyncControllerActionInvoker.EndInvokeAction(IAsyncResult asyncResult)
   於 System.Web.Mvc.Controller.<BeginExecuteCore>b__1d(IAsyncResult asyncResult, ExecuteCoreState innerState)
   於 System.Web.Mvc.Async.AsyncResultWrapper.WrappedAsyncVoid`1.CallEndDelegate(IAsyncResult asyncResult)
   於 System.Web.Mvc.Controller.EndExecuteCore(IAsyncResult asyncResult)
   於 System.Web.Mvc.Async.AsyncResultWrapper.WrappedAsyncVoid`1.CallEndDelegate(IAsyncResult asyncResult)
   於 System.Web.Mvc.Controller.EndExecute(IAsyncResult asyncResult)
   於 System.Web.Mvc.MvcHandler.<BeginProcessRequest>b__5(IAsyncResult asyncResult, ProcessRequestState innerState)
   於 System.Web.Mvc.Async.AsyncResultWrapper.WrappedAsyncVoid`1.CallEndDelegate(IAsyncResult asyncResult)
   於 System.Web.Mvc.MvcHandler.EndProcessRequest(IAsyncResult asyncResult)
   於 System.Web.HttpApplication.CallHandlerExecutionStep.System.Web.HttpApplication.IExecutionStep.Execute()
   於 System.Web.HttpApplication.ExecuteStep(IExecutionStep step, Boolean& completedSynchronously)
2016/03/25 14:44:07
System.Web.HttpUnhandledException (0x80004005): 已發生類型 'System.Web.HttpUnhandledException' 的例外狀況。 ---> System.InvalidOperationException: ID 為 'Updatepanel1' 的控制項要求頁面上必須有 ScriptManager。任何控制項需要 ScriptManager 之前，它必須先出現。
   於 System.Web.UI.UpdatePanel.get_ScriptManager()
   於 System.Web.UI.UpdatePanel.RegisterPanel()
   於 System.Web.UI.UpdatePanel.OnInit(EventArgs e)
   於 System.Web.UI.Control.InitRecursive(Control namingContainer)
   於 System.Web.UI.Control.InitRecursive(Control namingContainer)
   於 System.Web.UI.Control.AddedControl(Control control, Int32 index)
   於 ASP.helper_rendercontent_aspx.OnInit(EventArgs e) 於 c:\Project\VM-SIT04\IFS-EIVO03\eIVOGo\Helper\RenderContent.aspx: 行 22
   於 System.Web.UI.Control.InitRecursive(Control namingContainer)
   於 System.Web.UI.Page.ProcessRequestMain(Boolean includeStagesBeforeAsyncPoint, Boolean includeStagesAfterAsyncPoint)
   於 System.Web.UI.Page.HandleError(Exception e)
   於 System.Web.UI.Page.ProcessRequestMain(Boolean includeStagesBeforeAsyncPoint, Boolean includeStagesAfterAsyncPoint)
   於 System.Web.UI.Page.ProcessRequest(Boolean includeStagesBeforeAsyncPoint, Boolean includeStagesAfterAsyncPoint)
   於 System.Web.UI.Page.ProcessRequest()
   於 System.Web.UI.Page.ProcessRequest(HttpContext context)
   於 ASP.helper_rendercontent_aspx.ProcessRequest(HttpContext context) 於 c:\Windows\Microsoft.NET\Framework64\v4.0.30319\Temporary ASP.NET Files\root\735e7382\d679391e\App_Web_33vv3zyy.8.cs: 行 0
   於 System.Web.HttpApplication.CallHandlerExecutionStep.System.Web.HttpApplication.IExecutionStep.Execute()
   於 System.Web.HttpApplication.ExecuteStep(IExecutionStep step, Boolean& completedSynchronously)
2016/03/25 14:45:15
System.Web.HttpUnhandledException (0x80004005): 已發生類型 'System.Web.HttpUnhandledException' 的例外狀況。 ---> System.InvalidOperationException: ID 為 'Updatepanel1' 的控制項要求頁面上必須有 ScriptManager。任何控制項需要 ScriptManager 之前，它必須先出現。
   於 System.Web.UI.UpdatePanel.get_ScriptManager()
   於 System.Web.UI.UpdatePanel.RegisterPanel()
   於 System.Web.UI.UpdatePanel.OnInit(EventArgs e)
   於 System.Web.UI.Control.InitRecursive(Control namingContainer)
   於 System.Web.UI.Control.InitRecursive(Control namingContainer)
   於 System.Web.UI.Control.AddedControl(Control control, Int32 index)
   於 ASP.helper_rendercontent_aspx.OnInit(EventArgs e) 於 c:\Project\VM-SIT04\IFS-EIVO03\eIVOGo\Helper\RenderContent.aspx: 行 22
   於 System.Web.UI.Control.InitRecursive(Control namingContainer)
   於 System.Web.UI.Page.ProcessRequestMain(Boolean includeStagesBeforeAsyncPoint, Boolean includeStagesAfterAsyncPoint)
   於 System.Web.UI.Page.HandleError(Exception e)
   於 System.Web.UI.Page.ProcessRequestMain(Boolean includeStagesBeforeAsyncPoint, Boolean includeStagesAfterAsyncPoint)
   於 System.Web.UI.Page.ProcessRequest(Boolean includeStagesBeforeAsyncPoint, Boolean includeStagesAfterAsyncPoint)
   於 System.Web.UI.Page.ProcessRequest()
   於 System.Web.UI.Page.ProcessRequest(HttpContext context)
   於 ASP.helper_rendercontent_aspx.ProcessRequest(HttpContext context) 於 c:\Windows\Microsoft.NET\Framework64\v4.0.30319\Temporary ASP.NET Files\root\735e7382\d679391e\App_Web_33vv3zyy.8.cs: 行 0
   於 System.Web.HttpApplication.CallHandlerExecutionStep.System.Web.HttpApplication.IExecutionStep.Execute()
   於 System.Web.HttpApplication.ExecuteStep(IExecutionStep step, Boolean& completedSynchronously)
2016/03/25 14:46:22
System.Web.HttpUnhandledException (0x80004005): 已發生類型 'System.Web.HttpUnhandledException' 的例外狀況。 ---> System.InvalidOperationException: ID 為 'Updatepanel1' 的控制項要求頁面上必須有 ScriptManager。任何控制項需要 ScriptManager 之前，它必須先出現。
   於 System.Web.UI.UpdatePanel.get_ScriptManager()
   於 System.Web.UI.UpdatePanel.RegisterPanel()
   於 System.Web.UI.UpdatePanel.OnInit(EventArgs e)
   於 System.Web.UI.Control.InitRecursive(Control namingContainer)
   於 System.Web.UI.Control.InitRecursive(Control namingContainer)
   於 System.Web.UI.Control.AddedControl(Control control, Int32 index)
   於 ASP.helper_rendercontent_aspx.OnInit(EventArgs e) 於 c:\Project\VM-SIT04\IFS-EIVO03\eIVOGo\Helper\RenderContent.aspx: 行 22
   於 System.Web.UI.Control.InitRecursive(Control namingContainer)
   於 System.Web.UI.Page.ProcessRequestMain(Boolean includeStagesBeforeAsyncPoint, Boolean includeStagesAfterAsyncPoint)
   於 System.Web.UI.Page.HandleError(Exception e)
   於 System.Web.UI.Page.ProcessRequestMain(Boolean includeStagesBeforeAsyncPoint, Boolean includeStagesAfterAsyncPoint)
   於 System.Web.UI.Page.ProcessRequest(Boolean includeStagesBeforeAsyncPoint, Boolean includeStagesAfterAsyncPoint)
   於 System.Web.UI.Page.ProcessRequest()
   於 System.Web.UI.Page.ProcessRequest(HttpContext context)
   於 ASP.helper_rendercontent_aspx.ProcessRequest(HttpContext context) 於 c:\Windows\Microsoft.NET\Framework64\v4.0.30319\Temporary ASP.NET Files\root\735e7382\d679391e\App_Web_33vv3zyy.8.cs: 行 0
   於 System.Web.HttpApplication.CallHandlerExecutionStep.System.Web.HttpApplication.IExecutionStep.Execute()
   於 System.Web.HttpApplication.ExecuteStep(IExecutionStep step, Boolean& completedSynchronously)
2016/03/25 15:13:25
System.Threading.ThreadAbortException: 執行緒已經中止。
   於 System.Threading.Thread.AbortInternal()
   於 System.Threading.Thread.Abort(Object stateInfo)
   於 System.Web.HttpResponse.AbortCurrentThread()
   於 System.Web.HttpResponse.Redirect(String url, Boolean endResponse, Boolean permanent)
   於 eIVOGo.Module.SAM.CreateCompany.EditItem_Done(Object sender, EventArgs e) 於 c:\Project\VM-SIT04\IFS-EIVO03\eIVOGo\Module\SAM\CreateCompany.ascx.cs: 行 33
   於 eIVOGo.Module.Base.EditEntityItemBase`2.<OnInit>b__0(String arg) 於 c:\Project\VM-SIT04\IFS-EIVO03\eIVOGo\Module\Base\EditEntityItemBase.cs: 行 35
2016/03/25 15:13:25
System.Web.HttpException (0x80004005): The controller for path '/Helper/register_msg.aspx' was not found or does not implement IController.
   於 System.Web.Mvc.DefaultControllerFactory.GetControllerInstance(RequestContext requestContext, Type controllerType)
   於 System.Web.Mvc.DefaultControllerFactory.CreateController(RequestContext requestContext, String controllerName)
   於 System.Web.Mvc.MvcHandler.ProcessRequestInit(HttpContextBase httpContext, IController& controller, IControllerFactory& factory)
   於 System.Web.Mvc.MvcHandler.BeginProcessRequest(HttpContextBase httpContext, AsyncCallback callback, Object state)
   於 System.Web.HttpApplication.CallHandlerExecutionStep.System.Web.HttpApplication.IExecutionStep.Execute()
   於 System.Web.HttpApplication.ExecuteStep(IExecutionStep step, Boolean& completedSynchronously)
2016/03/25 15:18:01
System.Threading.ThreadAbortException: 執行緒已經中止。
   於 System.Threading.Thread.AbortInternal()
   於 System.Threading.Thread.Abort(Object stateInfo)
   於 System.Web.HttpResponse.AbortCurrentThread()
   於 System.Web.HttpResponse.Redirect(String url, Boolean endResponse, Boolean permanent)
   於 eIVOGo.Module.SAM.CreateCompany.EditItem_Done(Object sender, EventArgs e) 於 c:\Project\VM-SIT04\IFS-EIVO03\eIVOGo\Module\SAM\CreateCompany.ascx.cs: 行 33
   於 eIVOGo.Module.Base.EditEntityItemBase`2.<OnInit>b__0(String arg) 於 c:\Project\VM-SIT04\IFS-EIVO03\eIVOGo\Module\Base\EditEntityItemBase.cs: 行 35
2016/03/25 15:56:15
System.Threading.ThreadAbortException: 執行緒已經中止。
   於 System.Threading.Thread.AbortInternal()
   於 System.Threading.Thread.Abort(Object stateInfo)
   於 System.Web.HttpResponse.AbortCurrentThread()
   於 System.Web.HttpResponse.Redirect(String url, Boolean endResponse, Boolean permanent)
   於 eIVOGo.Module.SAM.CreateCompany.EditItem_Done(Object sender, EventArgs e) 於 c:\Project\VM-SIT04\IFS-EIVO03\eIVOGo\Module\SAM\CreateCompany.ascx.cs: 行 33
   於 eIVOGo.Module.Base.EditEntityItemBase`2.<OnInit>b__0(String arg) 於 c:\Project\VM-SIT04\IFS-EIVO03\eIVOGo\Module\Base\EditEntityItemBase.cs: 行 35
2016/03/25 15:57:50
System.Threading.ThreadAbortException: 執行緒已經中止。
   於 System.Threading.Thread.AbortInternal()
   於 System.Threading.Thread.Abort(Object stateInfo)
   於 System.Web.HttpResponse.AbortCurrentThread()
   於 System.Web.HttpResponse.Redirect(String url, Boolean endResponse, Boolean permanent)
   於 eIVOGo.Module.SAM.CreateCompany.EditItem_Done(Object sender, EventArgs e) 於 c:\Project\VM-SIT04\IFS-EIVO03\eIVOGo\Module\SAM\CreateCompany.ascx.cs: 行 33
   於 eIVOGo.Module.Base.EditEntityItemBase`2.<OnInit>b__0(String arg) 於 c:\Project\VM-SIT04\IFS-EIVO03\eIVOGo\Module\Base\EditEntityItemBase.cs: 行 35
2016/03/25 15:59:18
System.Threading.ThreadAbortException: 執行緒已經中止。
   於 System.Threading.Thread.AbortInternal()
   於 System.Threading.Thread.Abort(Object stateInfo)
   於 System.Web.HttpResponse.AbortCurrentThread()
   於 System.Web.HttpResponse.Redirect(String url, Boolean endResponse, Boolean permanent)
   於 eIVOGo.Module.SAM.CreateCompany.EditItem_Done(Object sender, EventArgs e) 於 c:\Project\VM-SIT04\IFS-EIVO03\eIVOGo\Module\SAM\CreateCompany.ascx.cs: 行 33
   於 eIVOGo.Module.Base.EditEntityItemBase`2.<OnInit>b__0(String arg) 於 c:\Project\VM-SIT04\IFS-EIVO03\eIVOGo\Module\Base\EditEntityItemBase.cs: 行 35
2016/03/25 15:59:57
System.Threading.ThreadAbortException: 執行緒已經中止。
   於 System.Threading.Thread.AbortInternal()
   於 System.Threading.Thread.Abort(Object stateInfo)
   於 System.Web.HttpResponse.AbortCurrentThread()
   於 System.Web.HttpResponse.Redirect(String url, Boolean endResponse, Boolean permanent)
   於 eIVOGo.Module.SAM.CreateCompany.EditItem_Done(Object sender, EventArgs e) 於 c:\Project\VM-SIT04\IFS-EIVO03\eIVOGo\Module\SAM\CreateCompany.ascx.cs: 行 33
   於 eIVOGo.Module.Base.EditEntityItemBase`2.<OnInit>b__0(String arg) 於 c:\Project\VM-SIT04\IFS-EIVO03\eIVOGo\Module\Base\EditEntityItemBase.cs: 行 35
2016/03/25 16:01:20
System.Threading.ThreadAbortException: 執行緒已經中止。
   於 System.Threading.Thread.AbortInternal()
   於 System.Threading.Thread.Abort(Object stateInfo)
   於 System.Web.HttpResponse.AbortCurrentThread()
   於 System.Web.HttpResponse.Redirect(String url, Boolean endResponse, Boolean permanent)
   於 eIVOGo.Module.SAM.CreateCompany.EditItem_Done(Object sender, EventArgs e) 於 c:\Project\VM-SIT04\IFS-EIVO03\eIVOGo\Module\SAM\CreateCompany.ascx.cs: 行 33
   於 eIVOGo.Module.Base.EditEntityItemBase`2.<OnInit>b__0(String arg) 於 c:\Project\VM-SIT04\IFS-EIVO03\eIVOGo\Module\Base\EditEntityItemBase.cs: 行 35
2016/03/25 16:03:50
System.Threading.ThreadAbortException: 執行緒已經中止。
   於 System.Threading.Thread.AbortInternal()
   於 System.Threading.Thread.Abort(Object stateInfo)
   於 System.Web.HttpResponse.AbortCurrentThread()
   於 System.Web.HttpResponse.Redirect(String url, Boolean endResponse, Boolean permanent)
   於 eIVOGo.Module.SAM.CreateCompany.EditItem_Done(Object sender, EventArgs e) 於 c:\Project\VM-SIT04\IFS-EIVO03\eIVOGo\Module\SAM\CreateCompany.ascx.cs: 行 33
   於 eIVOGo.Module.Base.EditEntityItemBase`2.<OnInit>b__0(String arg) 於 c:\Project\VM-SIT04\IFS-EIVO03\eIVOGo\Module\Base\EditEntityItemBase.cs: 行 35
2016/03/25 16:10:05
System.Threading.ThreadAbortException: 執行緒已經中止。
   於 System.Threading.Thread.AbortInternal()
   於 System.Threading.Thread.Abort(Object stateInfo)
   於 System.Web.HttpResponse.AbortCurrentThread()
   於 System.Web.HttpResponse.Redirect(String url, Boolean endResponse, Boolean permanent)
   於 eIVOGo.Module.SAM.CreateCompany.EditItem_Done(Object sender, EventArgs e) 於 c:\Project\VM-SIT04\IFS-EIVO03\eIVOGo\Module\SAM\CreateCompany.ascx.cs: 行 33
   於 eIVOGo.Module.Base.EditEntityItemBase`2.<OnInit>b__0(String arg) 於 c:\Project\VM-SIT04\IFS-EIVO03\eIVOGo\Module\Base\EditEntityItemBase.cs: 行 35
2016/03/25 16:14:09
System.Threading.ThreadAbortException: 執行緒已經中止。
   於 System.Threading.Thread.AbortInternal()
   於 System.Threading.Thread.Abort(Object stateInfo)
   於 System.Web.HttpResponse.AbortCurrentThread()
   於 System.Web.HttpResponse.Redirect(String url, Boolean endResponse, Boolean permanent)
   於 eIVOGo.Module.SAM.CreateCompany.EditItem_Done(Object sender, EventArgs e) 於 c:\Project\VM-SIT04\IFS-EIVO03\eIVOGo\Module\SAM\CreateCompany.ascx.cs: 行 33
   於 eIVOGo.Module.Base.EditEntityItemBase`2.<OnInit>b__0(String arg) 於 c:\Project\VM-SIT04\IFS-EIVO03\eIVOGo\Module\Base\EditEntityItemBase.cs: 行 35
2016/03/25 16:55:34
System.Web.HttpException (0x80004005): 傳送 HTTP 標頭後無法重新導向。
   於 System.Web.HttpResponse.Redirect(String url, Boolean endResponse, Boolean permanent)
   於 Business.Helper.WebPageUtility.get_UserProfile() 於 c:\Project\VM-SIT04\IFS-EIVO03\Business\Helper\WebPageUtility.cs: 行 27
   於 eIVOGo.template.base_page.Page_Load(Object sender, EventArgs e) 於 c:\Project\VM-SIT04\IFS-EIVO03\eIVOGo\template\base_page.aspx.cs: 行 21
   於 System.Web.UI.Control.OnLoad(EventArgs e)
   於 System.Web.UI.Control.LoadRecursive()
   於 System.Web.UI.Page.ProcessRequestMain(Boolean includeStagesBeforeAsyncPoint, Boolean includeStagesAfterAsyncPoint)
2016/03/25 16:55:35
System.Web.HttpException (0x80004005): 執行處理常式 'System.Web.Mvc.HttpHandlerUtil+ServerExecuteHttpHandlerWrapper' 的子要求時發生錯誤。 ---> System.Web.HttpUnhandledException (0x80004005): 已發生類型 'System.Web.HttpUnhandledException' 的例外狀況。 ---> System.Web.HttpException (0x80004005): 傳送 HTTP 標頭後無法重新導向。
   於 System.Web.HttpResponse.Redirect(String url, Boolean endResponse, Boolean permanent)
   於 Business.Helper.WebPageUtility.get_UserProfile() 於 c:\Project\VM-SIT04\IFS-EIVO03\Business\Helper\WebPageUtility.cs: 行 27
   於 eIVOGo.template.base_page.Page_Load(Object sender, EventArgs e) 於 c:\Project\VM-SIT04\IFS-EIVO03\eIVOGo\template\base_page.aspx.cs: 行 21
   於 System.Web.UI.Control.OnLoad(EventArgs e)
   於 System.Web.UI.Control.LoadRecursive()
   於 System.Web.UI.Page.ProcessRequestMain(Boolean includeStagesBeforeAsyncPoint, Boolean includeStagesAfterAsyncPoint)
   於 System.Web.UI.Page.HandleError(Exception e)
   於 System.Web.UI.Page.ProcessRequestMain(Boolean includeStagesBeforeAsyncPoint, Boolean includeStagesAfterAsyncPoint)
   於 System.Web.UI.Page.ProcessRequest(Boolean includeStagesBeforeAsyncPoint, Boolean includeStagesAfterAsyncPoint)
   於 System.Web.UI.Page.ProcessRequest()
   於 System.Web.UI.Page.ProcessRequest(HttpContext context)
   於 ASP.views_organizationquery_inquiryresult_aspx.ProcessRequest(HttpContext context) 於 c:\Windows\Microsoft.NET\Framework64\v4.0.30319\Temporary ASP.NET Files\root\735e7382\d679391e\App_Web_h0nfmnnx.0.cs: 行 0
   於 System.Web.Mvc.HttpHandlerUtil.ServerExecuteHttpHandlerWrapper.<>c__DisplayClass4.<Wrap>b__3()
   於 System.Web.Mvc.HttpHandlerUtil.ServerExecuteHttpHandlerWrapper.Wrap[TResult](Func`1 func)
   於 System.Web.HttpServerUtility.ExecuteInternal(IHttpHandler handler, TextWriter writer, Boolean preserveForm, Boolean setPreviousPage, VirtualPath path, VirtualPath filePath, String physPath, Exception error, String queryStringOverride)
   於 System.Web.HttpServerUtility.ExecuteInternal(IHttpHandler handler, TextWriter writer, Boolean preserveForm, Boolean setPreviousPage, VirtualPath path, VirtualPath filePath, String physPath, Exception error, String queryStringOverride)
   於 System.Web.HttpServerUtility.Execute(IHttpHandler handler, TextWriter writer, Boolean preserveForm, Boolean setPreviousPage)
   於 System.Web.HttpServerUtility.Execute(IHttpHandler handler, TextWriter writer, Boolean preserveForm)
   於 System.Web.Mvc.ViewPage.RenderView(ViewContext viewContext)
   於 System.Web.Mvc.ViewResultBase.ExecuteResult(ControllerContext context)
   於 System.Web.Mvc.ControllerActionInvoker.InvokeActionResultFilterRecursive(IList`1 filters, Int32 filterIndex, ResultExecutingContext preContext, ControllerContext controllerContext, ActionResult actionResult)
   於 System.Web.Mvc.ControllerActionInvoker.InvokeActionResultFilterRecursive(IList`1 filters, Int32 filterIndex, ResultExecutingContext preContext, ControllerContext controllerContext, ActionResult actionResult)
   於 System.Web.Mvc.ControllerActionInvoker.InvokeActionResultWithFilters(ControllerContext controllerContext, IList`1 filters, ActionResult actionResult)
   於 System.Web.Mvc.Async.AsyncControllerActionInvoker.<>c__DisplayClass21.<BeginInvokeAction>b__1e(IAsyncResult asyncResult)
   於 System.Web.Mvc.Async.AsyncControllerActionInvoker.EndInvokeAction(IAsyncResult asyncResult)
   於 System.Web.Mvc.Controller.<BeginExecuteCore>b__1d(IAsyncResult asyncResult, ExecuteCoreState innerState)
   於 System.Web.Mvc.Async.AsyncResultWrapper.WrappedAsyncVoid`1.CallEndDelegate(IAsyncResult asyncResult)
   於 System.Web.Mvc.Controller.EndExecuteCore(IAsyncResult asyncResult)
   於 System.Web.Mvc.Async.AsyncResultWrapper.WrappedAsyncVoid`1.CallEndDelegate(IAsyncResult asyncResult)
   於 System.Web.Mvc.Controller.EndExecute(IAsyncResult asyncResult)
   於 System.Web.Mvc.MvcHandler.<BeginProcessRequest>b__5(IAsyncResult asyncResult, ProcessRequestState innerState)
   於 System.Web.Mvc.Async.AsyncResultWrapper.WrappedAsyncVoid`1.CallEndDelegate(IAsyncResult asyncResult)
   於 System.Web.Mvc.MvcHandler.EndProcessRequest(IAsyncResult asyncResult)
   於 System.Web.HttpApplication.CallHandlerExecutionStep.System.Web.HttpApplication.IExecutionStep.Execute()
   於 System.Web.HttpApplication.ExecuteStep(IExecutionStep step, Boolean& completedSynchronously)
2016/03/25 16:56:32
System.Web.HttpException (0x80004005): 傳送 HTTP 標頭後無法重新導向。
   於 System.Web.HttpResponse.Redirect(String url, Boolean endResponse, Boolean permanent)
   於 Business.Helper.WebPageUtility.get_UserProfile() 於 c:\Project\VM-SIT04\IFS-EIVO03\Business\Helper\WebPageUtility.cs: 行 27
   於 eIVOGo.template.base_page.Page_Load(Object sender, EventArgs e) 於 c:\Project\VM-SIT04\IFS-EIVO03\eIVOGo\template\base_page.aspx.cs: 行 21
   於 System.Web.UI.Control.OnLoad(EventArgs e)
   於 System.Web.UI.Control.LoadRecursive()
   於 System.Web.UI.Page.ProcessRequestMain(Boolean includeStagesBeforeAsyncPoint, Boolean includeStagesAfterAsyncPoint)
2016/03/25 16:56:32
System.Web.HttpException (0x80004005): 執行處理常式 'System.Web.Mvc.HttpHandlerUtil+ServerExecuteHttpHandlerWrapper' 的子要求時發生錯誤。 ---> System.Web.HttpUnhandledException (0x80004005): 已發生類型 'System.Web.HttpUnhandledException' 的例外狀況。 ---> System.Web.HttpException (0x80004005): 傳送 HTTP 標頭後無法重新導向。
   於 System.Web.HttpResponse.Redirect(String url, Boolean endResponse, Boolean permanent)
   於 Business.Helper.WebPageUtility.get_UserProfile() 於 c:\Project\VM-SIT04\IFS-EIVO03\Business\Helper\WebPageUtility.cs: 行 27
   於 eIVOGo.template.base_page.Page_Load(Object sender, EventArgs e) 於 c:\Project\VM-SIT04\IFS-EIVO03\eIVOGo\template\base_page.aspx.cs: 行 21
   於 System.Web.UI.Control.OnLoad(EventArgs e)
   於 System.Web.UI.Control.LoadRecursive()
   於 System.Web.UI.Page.ProcessRequestMain(Boolean includeStagesBeforeAsyncPoint, Boolean includeStagesAfterAsyncPoint)
   於 System.Web.UI.Page.HandleError(Exception e)
   於 System.Web.UI.Page.ProcessRequestMain(Boolean includeStagesBeforeAsyncPoint, Boolean includeStagesAfterAsyncPoint)
   於 System.Web.UI.Page.ProcessRequest(Boolean includeStagesBeforeAsyncPoint, Boolean includeStagesAfterAsyncPoint)
   於 System.Web.UI.Page.ProcessRequest()
   於 System.Web.UI.Page.ProcessRequest(HttpContext context)
   於 ASP.views_organizationquery_index_aspx.ProcessRequest(HttpContext context) 於 c:\Windows\Microsoft.NET\Framework64\v4.0.30319\Temporary ASP.NET Files\root\735e7382\d679391e\App_Web_h0nfmnnx.2.cs: 行 0
   於 System.Web.Mvc.HttpHandlerUtil.ServerExecuteHttpHandlerWrapper.<>c__DisplayClass4.<Wrap>b__3()
   於 System.Web.Mvc.HttpHandlerUtil.ServerExecuteHttpHandlerWrapper.Wrap[TResult](Func`1 func)
   於 System.Web.HttpServerUtility.ExecuteInternal(IHttpHandler handler, TextWriter writer, Boolean preserveForm, Boolean setPreviousPage, VirtualPath path, VirtualPath filePath, String physPath, Exception error, String queryStringOverride)
   於 System.Web.HttpServerUtility.ExecuteInternal(IHttpHandler handler, TextWriter writer, Boolean preserveForm, Boolean setPreviousPage, VirtualPath path, VirtualPath filePath, String physPath, Exception error, String queryStringOverride)
   於 System.Web.HttpServerUtility.Execute(IHttpHandler handler, TextWriter writer, Boolean preserveForm, Boolean setPreviousPage)
   於 System.Web.HttpServerUtility.Execute(IHttpHandler handler, TextWriter writer, Boolean preserveForm)
   於 System.Web.Mvc.ViewPage.RenderView(ViewContext viewContext)
   於 System.Web.Mvc.ViewResultBase.ExecuteResult(ControllerContext context)
   於 System.Web.Mvc.ControllerActionInvoker.InvokeActionResultFilterRecursive(IList`1 filters, Int32 filterIndex, ResultExecutingContext preContext, ControllerContext controllerContext, ActionResult actionResult)
   於 System.Web.Mvc.ControllerActionInvoker.InvokeActionResultFilterRecursive(IList`1 filters, Int32 filterIndex, ResultExecutingContext preContext, ControllerContext controllerContext, ActionResult actionResult)
   於 System.Web.Mvc.ControllerActionInvoker.InvokeActionResultWithFilters(ControllerContext controllerContext, IList`1 filters, ActionResult actionResult)
   於 System.Web.Mvc.Async.AsyncControllerActionInvoker.<>c__DisplayClass21.<BeginInvokeAction>b__1e(IAsyncResult asyncResult)
   於 System.Web.Mvc.Async.AsyncControllerActionInvoker.EndInvokeAction(IAsyncResult asyncResult)
   於 System.Web.Mvc.Controller.<BeginExecuteCore>b__1d(IAsyncResult asyncResult, ExecuteCoreState innerState)
   於 System.Web.Mvc.Async.AsyncResultWrapper.WrappedAsyncVoid`1.CallEndDelegate(IAsyncResult asyncResult)
   於 System.Web.Mvc.Controller.EndExecuteCore(IAsyncResult asyncResult)
   於 System.Web.Mvc.Async.AsyncResultWrapper.WrappedAsyncVoid`1.CallEndDelegate(IAsyncResult asyncResult)
   於 System.Web.Mvc.Controller.EndExecute(IAsyncResult asyncResult)
   於 System.Web.Mvc.MvcHandler.<BeginProcessRequest>b__5(IAsyncResult asyncResult, ProcessRequestState innerState)
   於 System.Web.Mvc.Async.AsyncResultWrapper.WrappedAsyncVoid`1.CallEndDelegate(IAsyncResult asyncResult)
   於 System.Web.Mvc.MvcHandler.EndProcessRequest(IAsyncResult asyncResult)
   於 System.Web.HttpApplication.CallHandlerExecutionStep.System.Web.HttpApplication.IExecutionStep.Execute()
   於 System.Web.HttpApplication.ExecuteStep(IExecutionStep step, Boolean& completedSynchronously)
2016/03/25 17:26:24
System.Threading.ThreadAbortException: 執行緒已經中止。
   於 System.Threading.Thread.AbortInternal()
   於 System.Threading.Thread.Abort(Object stateInfo)
   於 System.Web.HttpResponse.AbortCurrentThread()
   於 System.Web.HttpResponse.Redirect(String url, Boolean endResponse, Boolean permanent)
   於 eIVOGo.Module.SAM.CreateCompany.EditItem_Done(Object sender, EventArgs e) 於 c:\Project\VM-SIT04\IFS-EIVO03\eIVOGo\Module\SAM\CreateCompany.ascx.cs: 行 33
   於 eIVOGo.Module.Base.EditEntityItemBase`2.<OnInit>b__0(String arg) 於 c:\Project\VM-SIT04\IFS-EIVO03\eIVOGo\Module\Base\EditEntityItemBase.cs: 行 35
2016/03/25 17:31:27
System.Web.HttpException (0x80004005): 傳送 HTTP 標頭後無法重新導向。
   於 System.Web.HttpResponse.Redirect(String url, Boolean endResponse, Boolean permanent)
   於 Business.Helper.WebPageUtility.get_UserProfile() 於 c:\Project\VM-SIT04\IFS-EIVO03\Business\Helper\WebPageUtility.cs: 行 27
   於 eIVOGo.template.base_page.Page_Load(Object sender, EventArgs e) 於 c:\Project\VM-SIT04\IFS-EIVO03\eIVOGo\template\base_page.aspx.cs: 行 21
   於 System.Web.UI.Control.OnLoad(EventArgs e)
   於 System.Web.UI.Control.LoadRecursive()
   於 System.Web.UI.Page.ProcessRequestMain(Boolean includeStagesBeforeAsyncPoint, Boolean includeStagesAfterAsyncPoint)
2016/03/25 17:31:27
System.Web.HttpException (0x80004005): 執行處理常式 'System.Web.Mvc.HttpHandlerUtil+ServerExecuteHttpHandlerWrapper' 的子要求時發生錯誤。 ---> System.Web.HttpUnhandledException (0x80004005): 已發生類型 'System.Web.HttpUnhandledException' 的例外狀況。 ---> System.Web.HttpException (0x80004005): 傳送 HTTP 標頭後無法重新導向。
   於 System.Web.HttpResponse.Redirect(String url, Boolean endResponse, Boolean permanent)
   於 Business.Helper.WebPageUtility.get_UserProfile() 於 c:\Project\VM-SIT04\IFS-EIVO03\Business\Helper\WebPageUtility.cs: 行 27
   於 eIVOGo.template.base_page.Page_Load(Object sender, EventArgs e) 於 c:\Project\VM-SIT04\IFS-EIVO03\eIVOGo\template\base_page.aspx.cs: 行 21
   於 System.Web.UI.Control.OnLoad(EventArgs e)
   於 System.Web.UI.Control.LoadRecursive()
   於 System.Web.UI.Page.ProcessRequestMain(Boolean includeStagesBeforeAsyncPoint, Boolean includeStagesAfterAsyncPoint)
   於 System.Web.UI.Page.HandleError(Exception e)
   於 System.Web.UI.Page.ProcessRequestMain(Boolean includeStagesBeforeAsyncPoint, Boolean includeStagesAfterAsyncPoint)
   於 System.Web.UI.Page.ProcessRequest(Boolean includeStagesBeforeAsyncPoint, Boolean includeStagesAfterAsyncPoint)
   於 System.Web.UI.Page.ProcessRequest()
   於 System.Web.UI.Page.ProcessRequest(HttpContext context)
   於 ASP.views_organizationquery_inquiryresult_aspx.ProcessRequest(HttpContext context) 於 c:\Windows\Microsoft.NET\Framework64\v4.0.30319\Temporary ASP.NET Files\root\735e7382\d679391e\App_Web_1kqojg5j.1.cs: 行 0
   於 System.Web.Mvc.HttpHandlerUtil.ServerExecuteHttpHandlerWrapper.<>c__DisplayClass4.<Wrap>b__3()
   於 System.Web.Mvc.HttpHandlerUtil.ServerExecuteHttpHandlerWrapper.Wrap[TResult](Func`1 func)
   於 System.Web.HttpServerUtility.ExecuteInternal(IHttpHandler handler, TextWriter writer, Boolean preserveForm, Boolean setPreviousPage, VirtualPath path, VirtualPath filePath, String physPath, Exception error, String queryStringOverride)
   於 System.Web.HttpServerUtility.ExecuteInternal(IHttpHandler handler, TextWriter writer, Boolean preserveForm, Boolean setPreviousPage, VirtualPath path, VirtualPath filePath, String physPath, Exception error, String queryStringOverride)
   於 System.Web.HttpServerUtility.Execute(IHttpHandler handler, TextWriter writer, Boolean preserveForm, Boolean setPreviousPage)
   於 System.Web.HttpServerUtility.Execute(IHttpHandler handler, TextWriter writer, Boolean preserveForm)
   於 System.Web.Mvc.ViewPage.RenderView(ViewContext viewContext)
   於 System.Web.Mvc.ViewResultBase.ExecuteResult(ControllerContext context)
   於 System.Web.Mvc.ControllerActionInvoker.InvokeActionResultFilterRecursive(IList`1 filters, Int32 filterIndex, ResultExecutingContext preContext, ControllerContext controllerContext, ActionResult actionResult)
   於 System.Web.Mvc.ControllerActionInvoker.InvokeActionResultFilterRecursive(IList`1 filters, Int32 filterIndex, ResultExecutingContext preContext, ControllerContext controllerContext, ActionResult actionResult)
   於 System.Web.Mvc.ControllerActionInvoker.InvokeActionResultWithFilters(ControllerContext controllerContext, IList`1 filters, ActionResult actionResult)
   於 System.Web.Mvc.Async.AsyncControllerActionInvoker.<>c__DisplayClass21.<BeginInvokeAction>b__1e(IAsyncResult asyncResult)
   於 System.Web.Mvc.Async.AsyncControllerActionInvoker.EndInvokeAction(IAsyncResult asyncResult)
   於 System.Web.Mvc.Controller.<BeginExecuteCore>b__1d(IAsyncResult asyncResult, ExecuteCoreState innerState)
   於 System.Web.Mvc.Async.AsyncResultWrapper.WrappedAsyncVoid`1.CallEndDelegate(IAsyncResult asyncResult)
   於 System.Web.Mvc.Controller.EndExecuteCore(IAsyncResult asyncResult)
   於 System.Web.Mvc.Async.AsyncResultWrapper.WrappedAsyncVoid`1.CallEndDelegate(IAsyncResult asyncResult)
   於 System.Web.Mvc.Controller.EndExecute(IAsyncResult asyncResult)
   於 System.Web.Mvc.MvcHandler.<BeginProcessRequest>b__5(IAsyncResult asyncResult, ProcessRequestState innerState)
   於 System.Web.Mvc.Async.AsyncResultWrapper.WrappedAsyncVoid`1.CallEndDelegate(IAsyncResult asyncResult)
   於 System.Web.Mvc.MvcHandler.EndProcessRequest(IAsyncResult asyncResult)
   於 System.Web.HttpApplication.CallHandlerExecutionStep.System.Web.HttpApplication.IExecutionStep.Execute()
   於 System.Web.HttpApplication.ExecuteStep(IExecutionStep step, Boolean& completedSynchronously)
2016/03/25 17:32:00
System.Web.HttpException (0x80004005): 傳送 HTTP 標頭後無法重新導向。
   於 System.Web.HttpResponse.Redirect(String url, Boolean endResponse, Boolean permanent)
   於 Business.Helper.WebPageUtility.get_UserProfile() 於 c:\Project\VM-SIT04\IFS-EIVO03\Business\Helper\WebPageUtility.cs: 行 27
   於 eIVOGo.template.base_page.Page_Load(Object sender, EventArgs e) 於 c:\Project\VM-SIT04\IFS-EIVO03\eIVOGo\template\base_page.aspx.cs: 行 21
   於 System.Web.UI.Control.OnLoad(EventArgs e)
   於 System.Web.UI.Control.LoadRecursive()
   於 System.Web.UI.Page.ProcessRequestMain(Boolean includeStagesBeforeAsyncPoint, Boolean includeStagesAfterAsyncPoint)
2016/03/25 17:32:00
System.Web.HttpException (0x80004005): 執行處理常式 'System.Web.Mvc.HttpHandlerUtil+ServerExecuteHttpHandlerWrapper' 的子要求時發生錯誤。 ---> System.Web.HttpUnhandledException (0x80004005): 已發生類型 'System.Web.HttpUnhandledException' 的例外狀況。 ---> System.Web.HttpException (0x80004005): 傳送 HTTP 標頭後無法重新導向。
   於 System.Web.HttpResponse.Redirect(String url, Boolean endResponse, Boolean permanent)
   於 Business.Helper.WebPageUtility.get_UserProfile() 於 c:\Project\VM-SIT04\IFS-EIVO03\Business\Helper\WebPageUtility.cs: 行 27
   於 eIVOGo.template.base_page.Page_Load(Object sender, EventArgs e) 於 c:\Project\VM-SIT04\IFS-EIVO03\eIVOGo\template\base_page.aspx.cs: 行 21
   於 System.Web.UI.Control.OnLoad(EventArgs e)
   於 System.Web.UI.Control.LoadRecursive()
   於 System.Web.UI.Page.ProcessRequestMain(Boolean includeStagesBeforeAsyncPoint, Boolean includeStagesAfterAsyncPoint)
   於 System.Web.UI.Page.HandleError(Exception e)
   於 System.Web.UI.Page.ProcessRequestMain(Boolean includeStagesBeforeAsyncPoint, Boolean includeStagesAfterAsyncPoint)
   於 System.Web.UI.Page.ProcessRequest(Boolean includeStagesBeforeAsyncPoint, Boolean includeStagesAfterAsyncPoint)
   於 System.Web.UI.Page.ProcessRequest()
   於 System.Web.UI.Page.ProcessRequest(HttpContext context)
   於 ASP.views_organizationquery_index_aspx.ProcessRequest(HttpContext context) 於 c:\Windows\Microsoft.NET\Framework64\v4.0.30319\Temporary ASP.NET Files\root\735e7382\d679391e\App_Web_1kqojg5j.2.cs: 行 0
   於 System.Web.Mvc.HttpHandlerUtil.ServerExecuteHttpHandlerWrapper.<>c__DisplayClass4.<Wrap>b__3()
   於 System.Web.Mvc.HttpHandlerUtil.ServerExecuteHttpHandlerWrapper.Wrap[TResult](Func`1 func)
   於 System.Web.HttpServerUtility.ExecuteInternal(IHttpHandler handler, TextWriter writer, Boolean preserveForm, Boolean setPreviousPage, VirtualPath path, VirtualPath filePath, String physPath, Exception error, String queryStringOverride)
   於 System.Web.HttpServerUtility.ExecuteInternal(IHttpHandler handler, TextWriter writer, Boolean preserveForm, Boolean setPreviousPage, VirtualPath path, VirtualPath filePath, String physPath, Exception error, String queryStringOverride)
   於 System.Web.HttpServerUtility.Execute(IHttpHandler handler, TextWriter writer, Boolean preserveForm, Boolean setPreviousPage)
   於 System.Web.HttpServerUtility.Execute(IHttpHandler handler, TextWriter writer, Boolean preserveForm)
   於 System.Web.Mvc.ViewPage.RenderView(ViewContext viewContext)
   於 System.Web.Mvc.ViewResultBase.ExecuteResult(ControllerContext context)
   於 System.Web.Mvc.ControllerActionInvoker.InvokeActionResultFilterRecursive(IList`1 filters, Int32 filterIndex, ResultExecutingContext preContext, ControllerContext controllerContext, ActionResult actionResult)
   於 System.Web.Mvc.ControllerActionInvoker.InvokeActionResultFilterRecursive(IList`1 filters, Int32 filterIndex, ResultExecutingContext preContext, ControllerContext controllerContext, ActionResult actionResult)
   於 System.Web.Mvc.ControllerActionInvoker.InvokeActionResultWithFilters(ControllerContext controllerContext, IList`1 filters, ActionResult actionResult)
   於 System.Web.Mvc.Async.AsyncControllerActionInvoker.<>c__DisplayClass21.<BeginInvokeAction>b__1e(IAsyncResult asyncResult)
   於 System.Web.Mvc.Async.AsyncControllerActionInvoker.EndInvokeAction(IAsyncResult asyncResult)
   於 System.Web.Mvc.Controller.<BeginExecuteCore>b__1d(IAsyncResult asyncResult, ExecuteCoreState innerState)
   於 System.Web.Mvc.Async.AsyncResultWrapper.WrappedAsyncVoid`1.CallEndDelegate(IAsyncResult asyncResult)
   於 System.Web.Mvc.Controller.EndExecuteCore(IAsyncResult asyncResult)
   於 System.Web.Mvc.Async.AsyncResultWrapper.WrappedAsyncVoid`1.CallEndDelegate(IAsyncResult asyncResult)
   於 System.Web.Mvc.Controller.EndExecute(IAsyncResult asyncResult)
   於 System.Web.Mvc.MvcHandler.<BeginProcessRequest>b__5(IAsyncResult asyncResult, ProcessRequestState innerState)
   於 System.Web.Mvc.Async.AsyncResultWrapper.WrappedAsyncVoid`1.CallEndDelegate(IAsyncResult asyncResult)
   於 System.Web.Mvc.MvcHandler.EndProcessRequest(IAsyncResult asyncResult)
   於 System.Web.HttpApplication.CallHandlerExecutionStep.System.Web.HttpApplication.IExecutionStep.Execute()
   於 System.Web.HttpApplication.ExecuteStep(IExecutionStep step, Boolean& completedSynchronously)
