2016/07/11 11:28:53
System.Data.Linq.ChangeConflictException: 資料列找不到，或者已變更。
   於 System.Data.Linq.ChangeProcessor.SubmitChanges(ConflictMode failureMode)
   於 System.Data.Linq.DataContext.SubmitChanges(ConflictMode failureMode)
   於 DataAccessLayer.basis.GenericManager`1.SubmitChanges()
   於 eIVOGo.Published.eInvoiceService.acknowledgeReport(InvoiceManager mgr, OrganizationToken token, Nullable`1 periodicalInterval) 於 c:\Project\VM-SIT04\IFS-EIVO03\eIVOGo\Published\eInvoiceService.asmx.cs: 行 1366
   於 eIVOGo.Published.eInvoiceService.ReceiveContentAsPDF(XmlDocument sellerInfo, String clientID) 於 c:\Project\VM-SIT04\IFS-EIVO03\eIVOGo\Published\eInvoiceService.asmx.cs: 行 1931
2016/07/11 12:04:26
System.Net.Mail.SmtpException: 傳送郵件失敗。 ---> System.Net.WebException: 無法連接至遠端伺服器 ---> System.Net.Sockets.SocketException: 無法連線，因為目標電腦拒絕連線。 127.0.0.1:25
   於 System.Net.Sockets.Socket.DoConnect(EndPoint endPointSnapshot, SocketAddress socketAddress)
   於 System.Net.ServicePoint.ConnectSocketInternal(Boolean connectFailure, Socket s4, Socket s6, Socket& socket, IPAddress& address, ConnectSocketState state, IAsyncResult asyncResult, Exception& exception)
   --- 內部例外狀況堆疊追蹤的結尾 ---
   於 System.Net.ServicePoint.GetConnection(PooledStream PooledStream, Object owner, Boolean async, IPAddress& address, Socket& abortSocket, Socket& abortSocket6)
   於 System.Net.PooledStream.Activate(Object owningObject, Boolean async, GeneralAsyncDelegate asyncCallback)
   於 System.Net.ConnectionPool.GetConnection(Object owningObject, GeneralAsyncDelegate asyncCallback, Int32 creationTimeout)
   於 System.Net.Mail.SmtpConnection.GetConnection(ServicePoint servicePoint)
   於 System.Net.Mail.SmtpTransport.GetConnection(ServicePoint servicePoint)
   於 System.Net.Mail.SmtpClient.GetConnection()
   於 System.Net.Mail.SmtpClient.Send(MailMessage message)
   --- 內部例外狀況堆疊追蹤的結尾 ---
   於 System.Net.Mail.SmtpClient.Send(MailMessage message)
   於 eIVOGo.services.ServiceWorkItem.doDailyTurnKeyCheck() 於 c:\Project\VM-SIT04\IFS-EIVO03\eIVOGo\services\ServiceWorkItem.cs: 行 244
