2016/02/21 05:02:26
System.Net.Mail.SmtpException: 傳送郵件失敗。 ---> System.Net.WebException: 無法連接至遠端伺服器 ---> System.Net.Sockets.SocketException: 無法連線，因為目標電腦拒絕連線。 127.0.0.1:25
   於 System.Net.Sockets.Socket.DoConnect(EndPoint endPointSnapshot, SocketAddress socketAddress)
   於 System.Net.ServicePoint.ConnectSocketInternal(Boolean connectFailure, Socket s4, Socket s6, Socket& socket, IPAddress& address, ConnectSocketState state, IAsyncResult asyncResult, Exception& exception)
   --- 內部例外狀況堆疊追蹤的結尾 ---
   於 System.Net.ServicePoint.GetConnection(PooledStream PooledStream, Object owner, Boolean async, IPAddress& address, Socket& abortSocket, Socket& abortSocket6)
   於 System.Net.PooledStream.Activate(Object owningObject, Boolean async, GeneralAsyncDelegate asyncCallback)
   於 System.Net.ConnectionPool.GetConnection(Object owningObject, GeneralAsyncDelegate asyncCallback, Int32 creationTimeout)
   於 System.Net.Mail.SmtpConnection.GetConnection(ServicePoint servicePoint)
   於 System.Net.Mail.SmtpTransport.GetConnection(ServicePoint servicePoint)
   於 System.Net.Mail.SmtpClient.GetConnection()
   於 System.Net.Mail.SmtpClient.Send(MailMessage message)
   --- 內部例外狀況堆疊追蹤的結尾 ---
   於 System.Net.Mail.SmtpClient.Send(MailMessage message)
   於 eIVOGo.services.ServiceWorkItem.doDailyTurnKeyCheck() 於 c:\Project\VM-SIT04\IFS-EIVO03\eIVOGo\services\ServiceWorkItem.cs: 行 244
2016/02/21 15:25:10
System.Data.SqlClient.SqlException (0x80131904): 建立連接至 SQL Server 時，發生網路相關或執行個體特定的錯誤。找不到或無法存取伺服器。確認執行個名稱是否正確，以及 SQL Server 是否設定為允許遠端連線。 (provider: SQL Network Interfaces, error: 26 - 搜尋指定的伺服器/執行個體時發生錯誤)
   於 System.Data.SqlClient.SqlInternalConnection.OnError(SqlException exception, Boolean breakConnection, Action`1 wrapCloseInAction)
   於 System.Data.SqlClient.TdsParser.ThrowExceptionAndWarning(TdsParserStateObject stateObj, Boolean callerHasConnectionLock, Boolean asyncClose)
   於 System.Data.SqlClient.TdsParser.Connect(ServerInfo serverInfo, SqlInternalConnectionTds connHandler, Boolean ignoreSniOpenTimeout, Int64 timerExpire, Boolean encrypt, Boolean trustServerCert, Boolean integratedSecurity, Boolean withFailover, SqlAuthenticationMethod authType)
   於 System.Data.SqlClient.SqlInternalConnectionTds.AttemptOneLogin(ServerInfo serverInfo, String newPassword, SecureString newSecurePassword, Boolean ignoreSniOpenTimeout, TimeoutTimer timeout, Boolean withFailover)
   於 System.Data.SqlClient.SqlInternalConnectionTds.LoginNoFailover(ServerInfo serverInfo, String newPassword, SecureString newSecurePassword, Boolean redirectedUserInstance, SqlConnectionString connectionOptions, SqlCredential credential, TimeoutTimer timeout)
   於 System.Data.SqlClient.SqlInternalConnectionTds.OpenLoginEnlist(TimeoutTimer timeout, SqlConnectionString connectionOptions, SqlCredential credential, String newPassword, SecureString newSecurePassword, Boolean redirectedUserInstance)
   於 System.Data.SqlClient.SqlInternalConnectionTds..ctor(DbConnectionPoolIdentity identity, SqlConnectionString connectionOptions, SqlCredential credential, Object providerInfo, String newPassword, SecureString newSecurePassword, Boolean redirectedUserInstance, SqlConnectionString userConnectionOptions, SessionData reconnectSessionData, DbConnectionPool pool, String accessToken)
   於 System.Data.SqlClient.SqlConnectionFactory.CreateConnection(DbConnectionOptions options, DbConnectionPoolKey poolKey, Object poolGroupProviderInfo, DbConnectionPool pool, DbConnection owningConnection, DbConnectionOptions userOptions)
   於 System.Data.ProviderBase.DbConnectionFactory.CreatePooledConnection(DbConnectionPool pool, DbConnection owningObject, DbConnectionOptions options, DbConnectionPoolKey poolKey, DbConnectionOptions userOptions)
   於 System.Data.ProviderBase.DbConnectionPool.CreateObject(DbConnection owningObject, DbConnectionOptions userOptions, DbConnectionInternal oldConnection)
   於 System.Data.ProviderBase.DbConnectionPool.UserCreateRequest(DbConnection owningObject, DbConnectionOptions userOptions, DbConnectionInternal oldConnection)
   於 System.Data.ProviderBase.DbConnectionPool.TryGetConnection(DbConnection owningObject, UInt32 waitForMultipleObjectsTimeout, Boolean allowCreate, Boolean onlyOneCheckConnection, DbConnectionOptions userOptions, DbConnectionInternal& connection)
   於 System.Data.ProviderBase.DbConnectionPool.TryGetConnection(DbConnection owningObject, TaskCompletionSource`1 retry, DbConnectionOptions userOptions, DbConnectionInternal& connection)
   於 System.Data.ProviderBase.DbConnectionFactory.TryGetConnection(DbConnection owningConnection, TaskCompletionSource`1 retry, DbConnectionOptions userOptions, DbConnectionInternal oldConnection, DbConnectionInternal& connection)
   於 System.Data.ProviderBase.DbConnectionInternal.TryOpenConnectionInternal(DbConnection outerConnection, DbConnectionFactory connectionFactory, TaskCompletionSource`1 retry, DbConnectionOptions userOptions)
   於 System.Data.SqlClient.SqlConnection.TryOpenInner(TaskCompletionSource`1 retry)
   於 System.Data.SqlClient.SqlConnection.TryOpen(TaskCompletionSource`1 retry)
   於 System.Data.SqlClient.SqlConnection.Open()
   於 System.Data.Linq.SqlClient.SqlConnectionManager.UseConnection(IConnectionUser user)
   於 System.Data.Linq.SqlClient.SqlProvider.get_IsSqlCe()
   於 System.Data.Linq.SqlClient.SqlProvider.InitializeProviderMode()
   於 System.Data.Linq.SqlClient.SqlProvider.System.Data.Linq.Provider.IProvider.Execute(Expression query)
   於 System.Data.Linq.DataQuery`1.System.Collections.Generic.IEnumerable<T>.GetEnumerator()
   於 ModelExtension.MessageManagement.InvoiceNotificationManager.ProcessMessage() 於 c:\Project\VM-SIT04\IFS-EIVO03\ModelExtension\MessageManagement\InvoiceNotificationManager.cs: 行 22
   於 eIVOGo.Published.eInvoiceService.<.cctor>b__5() 於 c:\Project\VM-SIT04\IFS-EIVO03\eIVOGo\Published\eInvoiceService.asmx.cs: 行 170
   於 Model.InvoiceManagement.GovPlatformFactory.processEventQueue() 於 c:\Project\VM-SIT04\IFS-EIVO03\Model\InvoiceManagement\GovPlatformFactory.cs: 行 69
   於 Model.InvoiceManagement.GovPlatformFactory.notifyToProcess(Object stateInfo) 於 c:\Project\VM-SIT04\IFS-EIVO03\Model\InvoiceManagement\GovPlatformFactory.cs: 行 53
ClientConnectionId:00000000-0000-0000-0000-000000000000
Error Number:-1,State:0,Class:20
