2016/01/30 14:00:31
System.NullReferenceException: 並未將物件參考設定為物件的執行個體。
   於 eIVOGo.template.base_page.Page_Load(Object sender, EventArgs e) 於 c:\Project\VM-SIT04\IFS-EIVO03\eIVOGo\template\base_page.aspx.cs: 行 22
   於 System.Web.UI.Control.OnLoad(EventArgs e)
   於 System.Web.UI.Control.LoadRecursive()
   於 System.Web.UI.Page.ProcessRequestMain(Boolean includeStagesBeforeAsyncPoint, Boolean includeStagesAfterAsyncPoint)
2016/01/30 16:14:04
System.IO.FileFormatException: 檔案包含損毀的資料。
   於 MS.Internal.IO.Zip.ZipIOEndOfCentralDirectoryBlock.FindPosition(Stream archiveStream)
   於 MS.Internal.IO.Zip.ZipIOEndOfCentralDirectoryBlock.SeekableLoad(ZipIOBlockManager blockManager)
   於 MS.Internal.IO.Zip.ZipArchive..ctor(Stream archiveStream, FileMode mode, FileAccess access, Boolean streaming, Boolean ownStream)
   於 MS.Internal.IO.Zip.ZipArchive.OpenOnStream(Stream stream, FileMode mode, FileAccess access, Boolean streaming)
   於 System.IO.Packaging.ZipPackage..ctor(Stream s, FileMode mode, FileAccess access, Boolean streaming)
   於 System.IO.Packaging.Package.Open(Stream stream, FileMode packageMode, FileAccess packageAccess, Boolean streaming)
   於 DocumentFormat.OpenXml.Packaging.OpenXmlPackage.OpenCore(Stream stream, Boolean readWriteMode)
   於 DocumentFormat.OpenXml.Packaging.SpreadsheetDocument.Open(Stream stream, Boolean isEditable, OpenSettings openSettings)
   於 ClosedXML.Excel.XLWorkbook.LoadSheets(Stream stream)
   於 ClosedXML.Excel.XLWorkbook..ctor(Stream stream)
   於 eIVOGo.Controllers.DataExchangeController.UpdateBuyer() 於 c:\Project\VM-SIT04\IFS-EIVO03\eIVOGo\Controllers\DataExchangeController.cs: 行 33
2016/01/30 17:24:58
System.Web.HttpException (0x800704CD): 遠端主機已關閉連接。錯誤碼為 0x800704CD。
   於 System.Web.Hosting.IIS7WorkerRequest.RaiseCommunicationError(Int32 result, Boolean throwOnDisconnect)
   於 System.Web.Hosting.IIS7WorkerRequest.ExplicitFlush()
   於 System.Web.HttpResponse.Flush(Boolean finalFlush, Boolean async)
   於 System.Web.HttpResponse.End()
   於 System.Web.HttpResponse.Redirect(String url, Boolean endResponse, Boolean permanent)
   於 Business.Helper.WebPageUtility.get_UserProfile() 於 c:\Project\VM-SIT04\IFS-EIVO03\Business\Helper\WebPageUtility.cs: 行 27
   於 eIVOGo.template.base_page.Page_Load(Object sender, EventArgs e) 於 c:\Project\VM-SIT04\IFS-EIVO03\eIVOGo\template\base_page.aspx.cs: 行 21
   於 System.Web.UI.Control.OnLoad(EventArgs e)
   於 System.Web.UI.Control.LoadRecursive()
   於 System.Web.UI.Page.ProcessRequestMain(Boolean includeStagesBeforeAsyncPoint, Boolean includeStagesAfterAsyncPoint)
2016/01/30 18:01:19
System.Web.HttpException (0x80004005): 傳送 HTTP 標頭後無法重新導向。
   於 System.Web.HttpResponse.Redirect(String url, Boolean endResponse, Boolean permanent)
   於 Business.Helper.WebPageUtility.get_UserProfile() 於 c:\Project\VM-SIT04\IFS-EIVO03\Business\Helper\WebPageUtility.cs: 行 27
   於 eIVOGo.template.base_page.Page_Load(Object sender, EventArgs e) 於 c:\Project\VM-SIT04\IFS-EIVO03\eIVOGo\template\base_page.aspx.cs: 行 21
   於 System.Web.UI.Control.OnLoad(EventArgs e)
   於 System.Web.UI.Control.LoadRecursive()
   於 System.Web.UI.Page.ProcessRequestMain(Boolean includeStagesBeforeAsyncPoint, Boolean includeStagesAfterAsyncPoint)
