2016/03/26 00:10:12
System.InvalidOperationException: The view 'Index' or its master was not found or no view engine supports the searched locations. The following locations were searched:
~/Views/Handling/Hello,World!!.master
~/Views/Shared/Hello,World!!.master
~/Views/Handling/Index.cshtml
~/Views/Handling/Index.vbhtml
~/Views/Shared/Index.cshtml
~/Views/Shared/Index.vbhtml
~/Views/Handling/Hello,World!!.cshtml
~/Views/Handling/Hello,World!!.vbhtml
~/Views/Shared/Hello,World!!.cshtml
~/Views/Shared/Hello,World!!.vbhtml
   於 System.Web.Mvc.ViewResult.FindView(ControllerContext context)
   於 System.Web.Mvc.ViewResultBase.ExecuteResult(ControllerContext context)
   於 System.Web.Mvc.ControllerActionInvoker.InvokeActionResultFilterRecursive(IList`1 filters, Int32 filterIndex, ResultExecutingContext preContext, ControllerContext controllerContext, ActionResult actionResult)
   於 System.Web.Mvc.ControllerActionInvoker.InvokeActionResultFilterRecursive(IList`1 filters, Int32 filterIndex, ResultExecutingContext preContext, ControllerContext controllerContext, ActionResult actionResult)
   於 System.Web.Mvc.ControllerActionInvoker.InvokeActionResultWithFilters(ControllerContext controllerContext, IList`1 filters, ActionResult actionResult)
   於 System.Web.Mvc.Async.AsyncControllerActionInvoker.<>c__DisplayClass21.<BeginInvokeAction>b__1e(IAsyncResult asyncResult)
   於 System.Web.Mvc.Async.AsyncControllerActionInvoker.EndInvokeAction(IAsyncResult asyncResult)
   於 System.Web.Mvc.Controller.<BeginExecuteCore>b__1d(IAsyncResult asyncResult, ExecuteCoreState innerState)
   於 System.Web.Mvc.Async.AsyncResultWrapper.WrappedAsyncVoid`1.CallEndDelegate(IAsyncResult asyncResult)
   於 System.Web.Mvc.Controller.EndExecuteCore(IAsyncResult asyncResult)
   於 System.Web.Mvc.Async.AsyncResultWrapper.WrappedAsyncVoid`1.CallEndDelegate(IAsyncResult asyncResult)
   於 System.Web.Mvc.Controller.EndExecute(IAsyncResult asyncResult)
   於 System.Web.Mvc.MvcHandler.<BeginProcessRequest>b__5(IAsyncResult asyncResult, ProcessRequestState innerState)
   於 System.Web.Mvc.Async.AsyncResultWrapper.WrappedAsyncVoid`1.CallEndDelegate(IAsyncResult asyncResult)
   於 System.Web.Mvc.MvcHandler.EndProcessRequest(IAsyncResult asyncResult)
   於 System.Web.HttpApplication.CallHandlerExecutionStep.System.Web.HttpApplication.IExecutionStep.Execute()
   於 System.Web.HttpApplication.ExecuteStep(IExecutionStep step, Boolean& completedSynchronously)
2016/03/26 00:11:18
System.InvalidOperationException: The view 'Index' or its master was not found or no view engine supports the searched locations. The following locations were searched:
~/Views/Handling/Hello,World!!.master
~/Views/Shared/Hello,World!!.master
~/Views/Handling/Index.cshtml
~/Views/Handling/Index.vbhtml
~/Views/Shared/Index.cshtml
~/Views/Shared/Index.vbhtml
~/Views/Handling/Hello,World!!.cshtml
~/Views/Handling/Hello,World!!.vbhtml
~/Views/Shared/Hello,World!!.cshtml
~/Views/Shared/Hello,World!!.vbhtml
   於 System.Web.Mvc.ViewResult.FindView(ControllerContext context)
   於 System.Web.Mvc.ViewResultBase.ExecuteResult(ControllerContext context)
   於 System.Web.Mvc.ControllerActionInvoker.InvokeActionResultFilterRecursive(IList`1 filters, Int32 filterIndex, ResultExecutingContext preContext, ControllerContext controllerContext, ActionResult actionResult)
   於 System.Web.Mvc.ControllerActionInvoker.InvokeActionResultFilterRecursive(IList`1 filters, Int32 filterIndex, ResultExecutingContext preContext, ControllerContext controllerContext, ActionResult actionResult)
   於 System.Web.Mvc.ControllerActionInvoker.InvokeActionResultWithFilters(ControllerContext controllerContext, IList`1 filters, ActionResult actionResult)
   於 System.Web.Mvc.Async.AsyncControllerActionInvoker.<>c__DisplayClass21.<BeginInvokeAction>b__1e(IAsyncResult asyncResult)
   於 System.Web.Mvc.Async.AsyncControllerActionInvoker.EndInvokeAction(IAsyncResult asyncResult)
   於 System.Web.Mvc.Controller.<BeginExecuteCore>b__1d(IAsyncResult asyncResult, ExecuteCoreState innerState)
   於 System.Web.Mvc.Async.AsyncResultWrapper.WrappedAsyncVoid`1.CallEndDelegate(IAsyncResult asyncResult)
   於 System.Web.Mvc.Controller.EndExecuteCore(IAsyncResult asyncResult)
   於 System.Web.Mvc.Async.AsyncResultWrapper.WrappedAsyncVoid`1.CallEndDelegate(IAsyncResult asyncResult)
   於 System.Web.Mvc.Controller.EndExecute(IAsyncResult asyncResult)
   於 System.Web.Mvc.MvcHandler.<BeginProcessRequest>b__5(IAsyncResult asyncResult, ProcessRequestState innerState)
   於 System.Web.Mvc.Async.AsyncResultWrapper.WrappedAsyncVoid`1.CallEndDelegate(IAsyncResult asyncResult)
   於 System.Web.Mvc.MvcHandler.EndProcessRequest(IAsyncResult asyncResult)
   於 System.Web.HttpApplication.CallHandlerExecutionStep.System.Web.HttpApplication.IExecutionStep.Execute()
   於 System.Web.HttpApplication.ExecuteStep(IExecutionStep step, Boolean& completedSynchronously)
2016/03/26 00:11:47
System.InvalidOperationException: The view 'Index' or its master was not found or no view engine supports the searched locations. The following locations were searched:
~/Views/Handling/Hello,World!!.master
~/Views/Shared/Hello,World!!.master
~/Views/Handling/Index.cshtml
~/Views/Handling/Index.vbhtml
~/Views/Shared/Index.cshtml
~/Views/Shared/Index.vbhtml
~/Views/Handling/Hello,World!!.cshtml
~/Views/Handling/Hello,World!!.vbhtml
~/Views/Shared/Hello,World!!.cshtml
~/Views/Shared/Hello,World!!.vbhtml
   於 System.Web.Mvc.ViewResult.FindView(ControllerContext context)
   於 System.Web.Mvc.ViewResultBase.ExecuteResult(ControllerContext context)
   於 System.Web.Mvc.ControllerActionInvoker.InvokeActionResultFilterRecursive(IList`1 filters, Int32 filterIndex, ResultExecutingContext preContext, ControllerContext controllerContext, ActionResult actionResult)
   於 System.Web.Mvc.ControllerActionInvoker.InvokeActionResultFilterRecursive(IList`1 filters, Int32 filterIndex, ResultExecutingContext preContext, ControllerContext controllerContext, ActionResult actionResult)
   於 System.Web.Mvc.ControllerActionInvoker.InvokeActionResultWithFilters(ControllerContext controllerContext, IList`1 filters, ActionResult actionResult)
   於 System.Web.Mvc.Async.AsyncControllerActionInvoker.<>c__DisplayClass21.<BeginInvokeAction>b__1e(IAsyncResult asyncResult)
   於 System.Web.Mvc.Async.AsyncControllerActionInvoker.EndInvokeAction(IAsyncResult asyncResult)
   於 System.Web.Mvc.Controller.<BeginExecuteCore>b__1d(IAsyncResult asyncResult, ExecuteCoreState innerState)
   於 System.Web.Mvc.Async.AsyncResultWrapper.WrappedAsyncVoid`1.CallEndDelegate(IAsyncResult asyncResult)
   於 System.Web.Mvc.Controller.EndExecuteCore(IAsyncResult asyncResult)
   於 System.Web.Mvc.Async.AsyncResultWrapper.WrappedAsyncVoid`1.CallEndDelegate(IAsyncResult asyncResult)
   於 System.Web.Mvc.Controller.EndExecute(IAsyncResult asyncResult)
   於 System.Web.Mvc.MvcHandler.<BeginProcessRequest>b__5(IAsyncResult asyncResult, ProcessRequestState innerState)
   於 System.Web.Mvc.Async.AsyncResultWrapper.WrappedAsyncVoid`1.CallEndDelegate(IAsyncResult asyncResult)
   於 System.Web.Mvc.MvcHandler.EndProcessRequest(IAsyncResult asyncResult)
   於 System.Web.HttpApplication.CallHandlerExecutionStep.System.Web.HttpApplication.IExecutionStep.Execute()
   於 System.Web.HttpApplication.ExecuteStep(IExecutionStep step, Boolean& completedSynchronously)
2016/03/26 00:11:48
System.InvalidOperationException: The view 'Index' or its master was not found or no view engine supports the searched locations. The following locations were searched:
~/Views/Handling/Hello,World!!.master
~/Views/Shared/Hello,World!!.master
~/Views/Handling/Index.cshtml
~/Views/Handling/Index.vbhtml
~/Views/Shared/Index.cshtml
~/Views/Shared/Index.vbhtml
~/Views/Handling/Hello,World!!.cshtml
~/Views/Handling/Hello,World!!.vbhtml
~/Views/Shared/Hello,World!!.cshtml
~/Views/Shared/Hello,World!!.vbhtml
   於 System.Web.Mvc.ViewResult.FindView(ControllerContext context)
   於 System.Web.Mvc.ViewResultBase.ExecuteResult(ControllerContext context)
   於 System.Web.Mvc.ControllerActionInvoker.InvokeActionResultFilterRecursive(IList`1 filters, Int32 filterIndex, ResultExecutingContext preContext, ControllerContext controllerContext, ActionResult actionResult)
   於 System.Web.Mvc.ControllerActionInvoker.InvokeActionResultFilterRecursive(IList`1 filters, Int32 filterIndex, ResultExecutingContext preContext, ControllerContext controllerContext, ActionResult actionResult)
   於 System.Web.Mvc.ControllerActionInvoker.InvokeActionResultWithFilters(ControllerContext controllerContext, IList`1 filters, ActionResult actionResult)
   於 System.Web.Mvc.Async.AsyncControllerActionInvoker.<>c__DisplayClass21.<BeginInvokeAction>b__1e(IAsyncResult asyncResult)
   於 System.Web.Mvc.Async.AsyncControllerActionInvoker.EndInvokeAction(IAsyncResult asyncResult)
   於 System.Web.Mvc.Controller.<BeginExecuteCore>b__1d(IAsyncResult asyncResult, ExecuteCoreState innerState)
   於 System.Web.Mvc.Async.AsyncResultWrapper.WrappedAsyncVoid`1.CallEndDelegate(IAsyncResult asyncResult)
   於 System.Web.Mvc.Controller.EndExecuteCore(IAsyncResult asyncResult)
   於 System.Web.Mvc.Async.AsyncResultWrapper.WrappedAsyncVoid`1.CallEndDelegate(IAsyncResult asyncResult)
   於 System.Web.Mvc.Controller.EndExecute(IAsyncResult asyncResult)
   於 System.Web.Mvc.MvcHandler.<BeginProcessRequest>b__5(IAsyncResult asyncResult, ProcessRequestState innerState)
   於 System.Web.Mvc.Async.AsyncResultWrapper.WrappedAsyncVoid`1.CallEndDelegate(IAsyncResult asyncResult)
   於 System.Web.Mvc.MvcHandler.EndProcessRequest(IAsyncResult asyncResult)
   於 System.Web.HttpApplication.CallHandlerExecutionStep.System.Web.HttpApplication.IExecutionStep.Execute()
   於 System.Web.HttpApplication.ExecuteStep(IExecutionStep step, Boolean& completedSynchronously)
2016/03/26 00:11:50
System.InvalidOperationException: The view 'Index' or its master was not found or no view engine supports the searched locations. The following locations were searched:
~/Views/Handling/Hello,World!!.master
~/Views/Shared/Hello,World!!.master
~/Views/Handling/Index.cshtml
~/Views/Handling/Index.vbhtml
~/Views/Shared/Index.cshtml
~/Views/Shared/Index.vbhtml
~/Views/Handling/Hello,World!!.cshtml
~/Views/Handling/Hello,World!!.vbhtml
~/Views/Shared/Hello,World!!.cshtml
~/Views/Shared/Hello,World!!.vbhtml
   於 System.Web.Mvc.ViewResult.FindView(ControllerContext context)
   於 System.Web.Mvc.ViewResultBase.ExecuteResult(ControllerContext context)
   於 System.Web.Mvc.ControllerActionInvoker.InvokeActionResultFilterRecursive(IList`1 filters, Int32 filterIndex, ResultExecutingContext preContext, ControllerContext controllerContext, ActionResult actionResult)
   於 System.Web.Mvc.ControllerActionInvoker.InvokeActionResultFilterRecursive(IList`1 filters, Int32 filterIndex, ResultExecutingContext preContext, ControllerContext controllerContext, ActionResult actionResult)
   於 System.Web.Mvc.ControllerActionInvoker.InvokeActionResultWithFilters(ControllerContext controllerContext, IList`1 filters, ActionResult actionResult)
   於 System.Web.Mvc.Async.AsyncControllerActionInvoker.<>c__DisplayClass21.<BeginInvokeAction>b__1e(IAsyncResult asyncResult)
   於 System.Web.Mvc.Async.AsyncControllerActionInvoker.EndInvokeAction(IAsyncResult asyncResult)
   於 System.Web.Mvc.Controller.<BeginExecuteCore>b__1d(IAsyncResult asyncResult, ExecuteCoreState innerState)
   於 System.Web.Mvc.Async.AsyncResultWrapper.WrappedAsyncVoid`1.CallEndDelegate(IAsyncResult asyncResult)
   於 System.Web.Mvc.Controller.EndExecuteCore(IAsyncResult asyncResult)
   於 System.Web.Mvc.Async.AsyncResultWrapper.WrappedAsyncVoid`1.CallEndDelegate(IAsyncResult asyncResult)
   於 System.Web.Mvc.Controller.EndExecute(IAsyncResult asyncResult)
   於 System.Web.Mvc.MvcHandler.<BeginProcessRequest>b__5(IAsyncResult asyncResult, ProcessRequestState innerState)
   於 System.Web.Mvc.Async.AsyncResultWrapper.WrappedAsyncVoid`1.CallEndDelegate(IAsyncResult asyncResult)
   於 System.Web.Mvc.MvcHandler.EndProcessRequest(IAsyncResult asyncResult)
   於 System.Web.HttpApplication.CallHandlerExecutionStep.System.Web.HttpApplication.IExecutionStep.Execute()
   於 System.Web.HttpApplication.ExecuteStep(IExecutionStep step, Boolean& completedSynchronously)
2016/03/26 00:12:39
System.InvalidOperationException: The view 'Index' or its master was not found or no view engine supports the searched locations. The following locations were searched:
~/Views/Handling/Hello,World!!.master
~/Views/Shared/Hello,World!!.master
~/Views/Handling/Index.cshtml
~/Views/Handling/Index.vbhtml
~/Views/Shared/Index.cshtml
~/Views/Shared/Index.vbhtml
~/Views/Handling/Hello,World!!.cshtml
~/Views/Handling/Hello,World!!.vbhtml
~/Views/Shared/Hello,World!!.cshtml
~/Views/Shared/Hello,World!!.vbhtml
   於 System.Web.Mvc.ViewResult.FindView(ControllerContext context)
   於 System.Web.Mvc.ViewResultBase.ExecuteResult(ControllerContext context)
   於 System.Web.Mvc.ControllerActionInvoker.InvokeActionResultFilterRecursive(IList`1 filters, Int32 filterIndex, ResultExecutingContext preContext, ControllerContext controllerContext, ActionResult actionResult)
   於 System.Web.Mvc.ControllerActionInvoker.InvokeActionResultFilterRecursive(IList`1 filters, Int32 filterIndex, ResultExecutingContext preContext, ControllerContext controllerContext, ActionResult actionResult)
   於 System.Web.Mvc.ControllerActionInvoker.InvokeActionResultWithFilters(ControllerContext controllerContext, IList`1 filters, ActionResult actionResult)
   於 System.Web.Mvc.Async.AsyncControllerActionInvoker.<>c__DisplayClass21.<BeginInvokeAction>b__1e(IAsyncResult asyncResult)
   於 System.Web.Mvc.Async.AsyncControllerActionInvoker.EndInvokeAction(IAsyncResult asyncResult)
   於 System.Web.Mvc.Controller.<BeginExecuteCore>b__1d(IAsyncResult asyncResult, ExecuteCoreState innerState)
   於 System.Web.Mvc.Async.AsyncResultWrapper.WrappedAsyncVoid`1.CallEndDelegate(IAsyncResult asyncResult)
   於 System.Web.Mvc.Controller.EndExecuteCore(IAsyncResult asyncResult)
   於 System.Web.Mvc.Async.AsyncResultWrapper.WrappedAsyncVoid`1.CallEndDelegate(IAsyncResult asyncResult)
   於 System.Web.Mvc.Controller.EndExecute(IAsyncResult asyncResult)
   於 System.Web.Mvc.MvcHandler.<BeginProcessRequest>b__5(IAsyncResult asyncResult, ProcessRequestState innerState)
   於 System.Web.Mvc.Async.AsyncResultWrapper.WrappedAsyncVoid`1.CallEndDelegate(IAsyncResult asyncResult)
   於 System.Web.Mvc.MvcHandler.EndProcessRequest(IAsyncResult asyncResult)
   於 System.Web.HttpApplication.CallHandlerExecutionStep.System.Web.HttpApplication.IExecutionStep.Execute()
   於 System.Web.HttpApplication.ExecuteStep(IExecutionStep step, Boolean& completedSynchronously)
2016/03/26 00:13:19
System.InvalidOperationException: The view 'Index' or its master was not found or no view engine supports the searched locations. The following locations were searched:
~/Views/Handling/Hello,World!!.master
~/Views/Shared/Hello,World!!.master
~/Views/Handling/Index.cshtml
~/Views/Handling/Index.vbhtml
~/Views/Shared/Index.cshtml
~/Views/Shared/Index.vbhtml
~/Views/Handling/Hello,World!!.cshtml
~/Views/Handling/Hello,World!!.vbhtml
~/Views/Shared/Hello,World!!.cshtml
~/Views/Shared/Hello,World!!.vbhtml
   於 System.Web.Mvc.ViewResult.FindView(ControllerContext context)
   於 System.Web.Mvc.ViewResultBase.ExecuteResult(ControllerContext context)
   於 System.Web.Mvc.ControllerActionInvoker.InvokeActionResultFilterRecursive(IList`1 filters, Int32 filterIndex, ResultExecutingContext preContext, ControllerContext controllerContext, ActionResult actionResult)
   於 System.Web.Mvc.ControllerActionInvoker.InvokeActionResultFilterRecursive(IList`1 filters, Int32 filterIndex, ResultExecutingContext preContext, ControllerContext controllerContext, ActionResult actionResult)
   於 System.Web.Mvc.ControllerActionInvoker.InvokeActionResultWithFilters(ControllerContext controllerContext, IList`1 filters, ActionResult actionResult)
   於 System.Web.Mvc.Async.AsyncControllerActionInvoker.<>c__DisplayClass21.<BeginInvokeAction>b__1e(IAsyncResult asyncResult)
   於 System.Web.Mvc.Async.AsyncControllerActionInvoker.EndInvokeAction(IAsyncResult asyncResult)
   於 System.Web.Mvc.Controller.<BeginExecuteCore>b__1d(IAsyncResult asyncResult, ExecuteCoreState innerState)
   於 System.Web.Mvc.Async.AsyncResultWrapper.WrappedAsyncVoid`1.CallEndDelegate(IAsyncResult asyncResult)
   於 System.Web.Mvc.Controller.EndExecuteCore(IAsyncResult asyncResult)
   於 System.Web.Mvc.Async.AsyncResultWrapper.WrappedAsyncVoid`1.CallEndDelegate(IAsyncResult asyncResult)
   於 System.Web.Mvc.Controller.EndExecute(IAsyncResult asyncResult)
   於 System.Web.Mvc.MvcHandler.<BeginProcessRequest>b__5(IAsyncResult asyncResult, ProcessRequestState innerState)
   於 System.Web.Mvc.Async.AsyncResultWrapper.WrappedAsyncVoid`1.CallEndDelegate(IAsyncResult asyncResult)
   於 System.Web.Mvc.MvcHandler.EndProcessRequest(IAsyncResult asyncResult)
   於 System.Web.HttpApplication.CallHandlerExecutionStep.System.Web.HttpApplication.IExecutionStep.Execute()
   於 System.Web.HttpApplication.ExecuteStep(IExecutionStep step, Boolean& completedSynchronously)
2016/03/26 00:14:16
System.InvalidOperationException: The view 'Index' or its master was not found or no view engine supports the searched locations. The following locations were searched:
~/Views/Handling/Hello,World!!.master
~/Views/Shared/Hello,World!!.master
~/Views/Handling/Index.cshtml
~/Views/Handling/Index.vbhtml
~/Views/Shared/Index.cshtml
~/Views/Shared/Index.vbhtml
~/Views/Handling/Hello,World!!.cshtml
~/Views/Handling/Hello,World!!.vbhtml
~/Views/Shared/Hello,World!!.cshtml
~/Views/Shared/Hello,World!!.vbhtml
   於 System.Web.Mvc.ViewResult.FindView(ControllerContext context)
   於 System.Web.Mvc.ViewResultBase.ExecuteResult(ControllerContext context)
   於 System.Web.Mvc.ControllerActionInvoker.InvokeActionResultFilterRecursive(IList`1 filters, Int32 filterIndex, ResultExecutingContext preContext, ControllerContext controllerContext, ActionResult actionResult)
   於 System.Web.Mvc.ControllerActionInvoker.InvokeActionResultFilterRecursive(IList`1 filters, Int32 filterIndex, ResultExecutingContext preContext, ControllerContext controllerContext, ActionResult actionResult)
   於 System.Web.Mvc.ControllerActionInvoker.InvokeActionResultWithFilters(ControllerContext controllerContext, IList`1 filters, ActionResult actionResult)
   於 System.Web.Mvc.Async.AsyncControllerActionInvoker.<>c__DisplayClass21.<BeginInvokeAction>b__1e(IAsyncResult asyncResult)
   於 System.Web.Mvc.Async.AsyncControllerActionInvoker.EndInvokeAction(IAsyncResult asyncResult)
   於 System.Web.Mvc.Controller.<BeginExecuteCore>b__1d(IAsyncResult asyncResult, ExecuteCoreState innerState)
   於 System.Web.Mvc.Async.AsyncResultWrapper.WrappedAsyncVoid`1.CallEndDelegate(IAsyncResult asyncResult)
   於 System.Web.Mvc.Controller.EndExecuteCore(IAsyncResult asyncResult)
   於 System.Web.Mvc.Async.AsyncResultWrapper.WrappedAsyncVoid`1.CallEndDelegate(IAsyncResult asyncResult)
   於 System.Web.Mvc.Controller.EndExecute(IAsyncResult asyncResult)
   於 System.Web.Mvc.MvcHandler.<BeginProcessRequest>b__5(IAsyncResult asyncResult, ProcessRequestState innerState)
   於 System.Web.Mvc.Async.AsyncResultWrapper.WrappedAsyncVoid`1.CallEndDelegate(IAsyncResult asyncResult)
   於 System.Web.Mvc.MvcHandler.EndProcessRequest(IAsyncResult asyncResult)
   於 System.Web.HttpApplication.CallHandlerExecutionStep.System.Web.HttpApplication.IExecutionStep.Execute()
   於 System.Web.HttpApplication.ExecuteStep(IExecutionStep step, Boolean& completedSynchronously)
2016/03/26 00:15:46
System.InvalidOperationException: The view 'Index' or its master was not found or no view engine supports the searched locations. The following locations were searched:
~/Views/Handling/Hello,World!!.master
~/Views/Shared/Hello,World!!.master
~/Views/Handling/Index.cshtml
~/Views/Handling/Index.vbhtml
~/Views/Shared/Index.cshtml
~/Views/Shared/Index.vbhtml
~/Views/Handling/Hello,World!!.cshtml
~/Views/Handling/Hello,World!!.vbhtml
~/Views/Shared/Hello,World!!.cshtml
~/Views/Shared/Hello,World!!.vbhtml
   於 System.Web.Mvc.ViewResult.FindView(ControllerContext context)
   於 System.Web.Mvc.ViewResultBase.ExecuteResult(ControllerContext context)
   於 System.Web.Mvc.ControllerActionInvoker.InvokeActionResultFilterRecursive(IList`1 filters, Int32 filterIndex, ResultExecutingContext preContext, ControllerContext controllerContext, ActionResult actionResult)
   於 System.Web.Mvc.ControllerActionInvoker.InvokeActionResultFilterRecursive(IList`1 filters, Int32 filterIndex, ResultExecutingContext preContext, ControllerContext controllerContext, ActionResult actionResult)
   於 System.Web.Mvc.ControllerActionInvoker.InvokeActionResultWithFilters(ControllerContext controllerContext, IList`1 filters, ActionResult actionResult)
   於 System.Web.Mvc.Async.AsyncControllerActionInvoker.<>c__DisplayClass21.<BeginInvokeAction>b__1e(IAsyncResult asyncResult)
   於 System.Web.Mvc.Async.AsyncControllerActionInvoker.EndInvokeAction(IAsyncResult asyncResult)
   於 System.Web.Mvc.Controller.<BeginExecuteCore>b__1d(IAsyncResult asyncResult, ExecuteCoreState innerState)
   於 System.Web.Mvc.Async.AsyncResultWrapper.WrappedAsyncVoid`1.CallEndDelegate(IAsyncResult asyncResult)
   於 System.Web.Mvc.Controller.EndExecuteCore(IAsyncResult asyncResult)
   於 System.Web.Mvc.Async.AsyncResultWrapper.WrappedAsyncVoid`1.CallEndDelegate(IAsyncResult asyncResult)
   於 System.Web.Mvc.Controller.EndExecute(IAsyncResult asyncResult)
   於 System.Web.Mvc.MvcHandler.<BeginProcessRequest>b__5(IAsyncResult asyncResult, ProcessRequestState innerState)
   於 System.Web.Mvc.Async.AsyncResultWrapper.WrappedAsyncVoid`1.CallEndDelegate(IAsyncResult asyncResult)
   於 System.Web.Mvc.MvcHandler.EndProcessRequest(IAsyncResult asyncResult)
   於 System.Web.HttpApplication.CallHandlerExecutionStep.System.Web.HttpApplication.IExecutionStep.Execute()
   於 System.Web.HttpApplication.ExecuteStep(IExecutionStep step, Boolean& completedSynchronously)
2016/03/26 00:16:52
System.InvalidOperationException: The view 'Index' or its master was not found or no view engine supports the searched locations. The following locations were searched:
~/Views/Handling/Hello,World!!.master
~/Views/Shared/Hello,World!!.master
~/Views/Handling/Index.cshtml
~/Views/Handling/Index.vbhtml
~/Views/Shared/Index.cshtml
~/Views/Shared/Index.vbhtml
~/Views/Handling/Hello,World!!.cshtml
~/Views/Handling/Hello,World!!.vbhtml
~/Views/Shared/Hello,World!!.cshtml
~/Views/Shared/Hello,World!!.vbhtml
   於 System.Web.Mvc.ViewResult.FindView(ControllerContext context)
   於 System.Web.Mvc.ViewResultBase.ExecuteResult(ControllerContext context)
   於 System.Web.Mvc.ControllerActionInvoker.InvokeActionResultFilterRecursive(IList`1 filters, Int32 filterIndex, ResultExecutingContext preContext, ControllerContext controllerContext, ActionResult actionResult)
   於 System.Web.Mvc.ControllerActionInvoker.InvokeActionResultFilterRecursive(IList`1 filters, Int32 filterIndex, ResultExecutingContext preContext, ControllerContext controllerContext, ActionResult actionResult)
   於 System.Web.Mvc.ControllerActionInvoker.InvokeActionResultWithFilters(ControllerContext controllerContext, IList`1 filters, ActionResult actionResult)
   於 System.Web.Mvc.Async.AsyncControllerActionInvoker.<>c__DisplayClass21.<BeginInvokeAction>b__1e(IAsyncResult asyncResult)
   於 System.Web.Mvc.Async.AsyncControllerActionInvoker.EndInvokeAction(IAsyncResult asyncResult)
   於 System.Web.Mvc.Controller.<BeginExecuteCore>b__1d(IAsyncResult asyncResult, ExecuteCoreState innerState)
   於 System.Web.Mvc.Async.AsyncResultWrapper.WrappedAsyncVoid`1.CallEndDelegate(IAsyncResult asyncResult)
   於 System.Web.Mvc.Controller.EndExecuteCore(IAsyncResult asyncResult)
   於 System.Web.Mvc.Async.AsyncResultWrapper.WrappedAsyncVoid`1.CallEndDelegate(IAsyncResult asyncResult)
   於 System.Web.Mvc.Controller.EndExecute(IAsyncResult asyncResult)
   於 System.Web.Mvc.MvcHandler.<BeginProcessRequest>b__5(IAsyncResult asyncResult, ProcessRequestState innerState)
   於 System.Web.Mvc.Async.AsyncResultWrapper.WrappedAsyncVoid`1.CallEndDelegate(IAsyncResult asyncResult)
   於 System.Web.Mvc.MvcHandler.EndProcessRequest(IAsyncResult asyncResult)
   於 System.Web.HttpApplication.CallHandlerExecutionStep.System.Web.HttpApplication.IExecutionStep.Execute()
   於 System.Web.HttpApplication.ExecuteStep(IExecutionStep step, Boolean& completedSynchronously)
2016/03/26 00:17:42
System.InvalidOperationException: The view 'Index' or its master was not found or no view engine supports the searched locations. The following locations were searched:
~/Views/Handling/Hello,World!!.master
~/Views/Shared/Hello,World!!.master
~/Views/Handling/Index.cshtml
~/Views/Handling/Index.vbhtml
~/Views/Shared/Index.cshtml
~/Views/Shared/Index.vbhtml
~/Views/Handling/Hello,World!!.cshtml
~/Views/Handling/Hello,World!!.vbhtml
~/Views/Shared/Hello,World!!.cshtml
~/Views/Shared/Hello,World!!.vbhtml
   於 System.Web.Mvc.ViewResult.FindView(ControllerContext context)
   於 System.Web.Mvc.ViewResultBase.ExecuteResult(ControllerContext context)
   於 System.Web.Mvc.ControllerActionInvoker.InvokeActionResultFilterRecursive(IList`1 filters, Int32 filterIndex, ResultExecutingContext preContext, ControllerContext controllerContext, ActionResult actionResult)
   於 System.Web.Mvc.ControllerActionInvoker.InvokeActionResultFilterRecursive(IList`1 filters, Int32 filterIndex, ResultExecutingContext preContext, ControllerContext controllerContext, ActionResult actionResult)
   於 System.Web.Mvc.ControllerActionInvoker.InvokeActionResultWithFilters(ControllerContext controllerContext, IList`1 filters, ActionResult actionResult)
   於 System.Web.Mvc.Async.AsyncControllerActionInvoker.<>c__DisplayClass21.<BeginInvokeAction>b__1e(IAsyncResult asyncResult)
   於 System.Web.Mvc.Async.AsyncControllerActionInvoker.EndInvokeAction(IAsyncResult asyncResult)
   於 System.Web.Mvc.Controller.<BeginExecuteCore>b__1d(IAsyncResult asyncResult, ExecuteCoreState innerState)
   於 System.Web.Mvc.Async.AsyncResultWrapper.WrappedAsyncVoid`1.CallEndDelegate(IAsyncResult asyncResult)
   於 System.Web.Mvc.Controller.EndExecuteCore(IAsyncResult asyncResult)
   於 System.Web.Mvc.Async.AsyncResultWrapper.WrappedAsyncVoid`1.CallEndDelegate(IAsyncResult asyncResult)
   於 System.Web.Mvc.Controller.EndExecute(IAsyncResult asyncResult)
   於 System.Web.Mvc.MvcHandler.<BeginProcessRequest>b__5(IAsyncResult asyncResult, ProcessRequestState innerState)
   於 System.Web.Mvc.Async.AsyncResultWrapper.WrappedAsyncVoid`1.CallEndDelegate(IAsyncResult asyncResult)
   於 System.Web.Mvc.MvcHandler.EndProcessRequest(IAsyncResult asyncResult)
   於 System.Web.HttpApplication.CallHandlerExecutionStep.System.Web.HttpApplication.IExecutionStep.Execute()
   於 System.Web.HttpApplication.ExecuteStep(IExecutionStep step, Boolean& completedSynchronously)
2016/03/26 05:02:20
System.Net.Mail.SmtpException: 傳送郵件失敗。 ---> System.Net.WebException: 無法連接至遠端伺服器 ---> System.Net.Sockets.SocketException: 無法連線，因為目標電腦拒絕連線。 127.0.0.1:25
   於 System.Net.Sockets.Socket.DoConnect(EndPoint endPointSnapshot, SocketAddress socketAddress)
   於 System.Net.ServicePoint.ConnectSocketInternal(Boolean connectFailure, Socket s4, Socket s6, Socket& socket, IPAddress& address, ConnectSocketState state, IAsyncResult asyncResult, Exception& exception)
   --- 內部例外狀況堆疊追蹤的結尾 ---
   於 System.Net.ServicePoint.GetConnection(PooledStream PooledStream, Object owner, Boolean async, IPAddress& address, Socket& abortSocket, Socket& abortSocket6)
   於 System.Net.PooledStream.Activate(Object owningObject, Boolean async, GeneralAsyncDelegate asyncCallback)
   於 System.Net.ConnectionPool.GetConnection(Object owningObject, GeneralAsyncDelegate asyncCallback, Int32 creationTimeout)
   於 System.Net.Mail.SmtpConnection.GetConnection(ServicePoint servicePoint)
   於 System.Net.Mail.SmtpTransport.GetConnection(ServicePoint servicePoint)
   於 System.Net.Mail.SmtpClient.GetConnection()
   於 System.Net.Mail.SmtpClient.Send(MailMessage message)
   --- 內部例外狀況堆疊追蹤的結尾 ---
   於 System.Net.Mail.SmtpClient.Send(MailMessage message)
   於 eIVOGo.services.ServiceWorkItem.doDailyTurnKeyCheck() 於 c:\Project\VM-SIT04\IFS-EIVO03\eIVOGo\services\ServiceWorkItem.cs: 行 244
2016/03/26 17:02:02
System.Web.HttpException (0x80004005): A public action method 'images' was not found on controller 'eIVOGo.Controllers.OrganizationQueryController'.
   於 System.Web.Mvc.Controller.HandleUnknownAction(String actionName)
   於 System.Web.Mvc.Controller.<BeginExecuteCore>b__1d(IAsyncResult asyncResult, ExecuteCoreState innerState)
   於 System.Web.Mvc.Async.AsyncResultWrapper.WrappedAsyncVoid`1.CallEndDelegate(IAsyncResult asyncResult)
   於 System.Web.Mvc.Controller.EndExecuteCore(IAsyncResult asyncResult)
   於 System.Web.Mvc.Async.AsyncResultWrapper.WrappedAsyncVoid`1.CallEndDelegate(IAsyncResult asyncResult)
   於 System.Web.Mvc.Controller.EndExecute(IAsyncResult asyncResult)
   於 System.Web.Mvc.MvcHandler.<BeginProcessRequest>b__5(IAsyncResult asyncResult, ProcessRequestState innerState)
   於 System.Web.Mvc.Async.AsyncResultWrapper.WrappedAsyncVoid`1.CallEndDelegate(IAsyncResult asyncResult)
   於 System.Web.Mvc.MvcHandler.EndProcessRequest(IAsyncResult asyncResult)
   於 System.Web.HttpApplication.CallHandlerExecutionStep.System.Web.HttpApplication.IExecutionStep.Execute()
   於 System.Web.HttpApplication.ExecuteStep(IExecutionStep step, Boolean& completedSynchronously)
2016/03/26 17:09:57
System.InvalidOperationException: The view 'DisableCompany' or its master was not found or no view engine supports the searched locations. The following locations were searched:
~/Views/Handling/DisableCompany.aspx
~/Views/Handling/DisableCompany.ascx
~/Views/Shared/DisableCompany.aspx
~/Views/Shared/DisableCompany.ascx
~/Views/Handling/DisableCompany.cshtml
~/Views/Handling/DisableCompany.vbhtml
~/Views/Shared/DisableCompany.cshtml
~/Views/Shared/DisableCompany.vbhtml
   於 System.Web.Mvc.ViewResult.FindView(ControllerContext context)
   於 System.Web.Mvc.ViewResultBase.ExecuteResult(ControllerContext context)
   於 System.Web.Mvc.ControllerActionInvoker.InvokeActionResultFilterRecursive(IList`1 filters, Int32 filterIndex, ResultExecutingContext preContext, ControllerContext controllerContext, ActionResult actionResult)
   於 System.Web.Mvc.ControllerActionInvoker.InvokeActionResultFilterRecursive(IList`1 filters, Int32 filterIndex, ResultExecutingContext preContext, ControllerContext controllerContext, ActionResult actionResult)
   於 System.Web.Mvc.ControllerActionInvoker.InvokeActionResultWithFilters(ControllerContext controllerContext, IList`1 filters, ActionResult actionResult)
   於 System.Web.Mvc.Async.AsyncControllerActionInvoker.<>c__DisplayClass21.<BeginInvokeAction>b__1e(IAsyncResult asyncResult)
   於 System.Web.Mvc.Async.AsyncControllerActionInvoker.EndInvokeAction(IAsyncResult asyncResult)
   於 System.Web.Mvc.Controller.<BeginExecuteCore>b__1d(IAsyncResult asyncResult, ExecuteCoreState innerState)
   於 System.Web.Mvc.Async.AsyncResultWrapper.WrappedAsyncVoid`1.CallEndDelegate(IAsyncResult asyncResult)
   於 System.Web.Mvc.Controller.EndExecuteCore(IAsyncResult asyncResult)
   於 System.Web.Mvc.Async.AsyncResultWrapper.WrappedAsyncVoid`1.CallEndDelegate(IAsyncResult asyncResult)
   於 System.Web.Mvc.Controller.EndExecute(IAsyncResult asyncResult)
   於 System.Web.Mvc.MvcHandler.<BeginProcessRequest>b__5(IAsyncResult asyncResult, ProcessRequestState innerState)
   於 System.Web.Mvc.Async.AsyncResultWrapper.WrappedAsyncVoid`1.CallEndDelegate(IAsyncResult asyncResult)
   於 System.Web.Mvc.MvcHandler.EndProcessRequest(IAsyncResult asyncResult)
   於 System.Web.HttpApplication.CallHandlerExecutionStep.System.Web.HttpApplication.IExecutionStep.Execute()
   於 System.Web.HttpApplication.ExecuteStep(IExecutionStep step, Boolean& completedSynchronously)
2016/03/26 17:10:05
System.InvalidOperationException: The view 'EnableCompany' or its master was not found or no view engine supports the searched locations. The following locations were searched:
~/Views/Handling/EnableCompany.aspx
~/Views/Handling/EnableCompany.ascx
~/Views/Shared/EnableCompany.aspx
~/Views/Shared/EnableCompany.ascx
~/Views/Handling/EnableCompany.cshtml
~/Views/Handling/EnableCompany.vbhtml
~/Views/Shared/EnableCompany.cshtml
~/Views/Shared/EnableCompany.vbhtml
   於 System.Web.Mvc.ViewResult.FindView(ControllerContext context)
   於 System.Web.Mvc.ViewResultBase.ExecuteResult(ControllerContext context)
   於 System.Web.Mvc.ControllerActionInvoker.InvokeActionResultFilterRecursive(IList`1 filters, Int32 filterIndex, ResultExecutingContext preContext, ControllerContext controllerContext, ActionResult actionResult)
   於 System.Web.Mvc.ControllerActionInvoker.InvokeActionResultFilterRecursive(IList`1 filters, Int32 filterIndex, ResultExecutingContext preContext, ControllerContext controllerContext, ActionResult actionResult)
   於 System.Web.Mvc.ControllerActionInvoker.InvokeActionResultWithFilters(ControllerContext controllerContext, IList`1 filters, ActionResult actionResult)
   於 System.Web.Mvc.Async.AsyncControllerActionInvoker.<>c__DisplayClass21.<BeginInvokeAction>b__1e(IAsyncResult asyncResult)
   於 System.Web.Mvc.Async.AsyncControllerActionInvoker.EndInvokeAction(IAsyncResult asyncResult)
   於 System.Web.Mvc.Controller.<BeginExecuteCore>b__1d(IAsyncResult asyncResult, ExecuteCoreState innerState)
   於 System.Web.Mvc.Async.AsyncResultWrapper.WrappedAsyncVoid`1.CallEndDelegate(IAsyncResult asyncResult)
   於 System.Web.Mvc.Controller.EndExecuteCore(IAsyncResult asyncResult)
   於 System.Web.Mvc.Async.AsyncResultWrapper.WrappedAsyncVoid`1.CallEndDelegate(IAsyncResult asyncResult)
   於 System.Web.Mvc.Controller.EndExecute(IAsyncResult asyncResult)
   於 System.Web.Mvc.MvcHandler.<BeginProcessRequest>b__5(IAsyncResult asyncResult, ProcessRequestState innerState)
   於 System.Web.Mvc.Async.AsyncResultWrapper.WrappedAsyncVoid`1.CallEndDelegate(IAsyncResult asyncResult)
   於 System.Web.Mvc.MvcHandler.EndProcessRequest(IAsyncResult asyncResult)
   於 System.Web.HttpApplication.CallHandlerExecutionStep.System.Web.HttpApplication.IExecutionStep.Execute()
   於 System.Web.HttpApplication.ExecuteStep(IExecutionStep step, Boolean& completedSynchronously)
2016/03/26 17:10:53
System.InvalidOperationException: The view 'DisableCompany' or its master was not found or no view engine supports the searched locations. The following locations were searched:
~/Views/Handling/DisableCompany.aspx
~/Views/Handling/DisableCompany.ascx
~/Views/Shared/DisableCompany.aspx
~/Views/Shared/DisableCompany.ascx
~/Views/Handling/DisableCompany.cshtml
~/Views/Handling/DisableCompany.vbhtml
~/Views/Shared/DisableCompany.cshtml
~/Views/Shared/DisableCompany.vbhtml
   於 System.Web.Mvc.ViewResult.FindView(ControllerContext context)
   於 System.Web.Mvc.ViewResultBase.ExecuteResult(ControllerContext context)
   於 System.Web.Mvc.ControllerActionInvoker.InvokeActionResultFilterRecursive(IList`1 filters, Int32 filterIndex, ResultExecutingContext preContext, ControllerContext controllerContext, ActionResult actionResult)
   於 System.Web.Mvc.ControllerActionInvoker.InvokeActionResultFilterRecursive(IList`1 filters, Int32 filterIndex, ResultExecutingContext preContext, ControllerContext controllerContext, ActionResult actionResult)
   於 System.Web.Mvc.ControllerActionInvoker.InvokeActionResultWithFilters(ControllerContext controllerContext, IList`1 filters, ActionResult actionResult)
   於 System.Web.Mvc.Async.AsyncControllerActionInvoker.<>c__DisplayClass21.<BeginInvokeAction>b__1e(IAsyncResult asyncResult)
   於 System.Web.Mvc.Async.AsyncControllerActionInvoker.EndInvokeAction(IAsyncResult asyncResult)
   於 System.Web.Mvc.Controller.<BeginExecuteCore>b__1d(IAsyncResult asyncResult, ExecuteCoreState innerState)
   於 System.Web.Mvc.Async.AsyncResultWrapper.WrappedAsyncVoid`1.CallEndDelegate(IAsyncResult asyncResult)
   於 System.Web.Mvc.Controller.EndExecuteCore(IAsyncResult asyncResult)
   於 System.Web.Mvc.Async.AsyncResultWrapper.WrappedAsyncVoid`1.CallEndDelegate(IAsyncResult asyncResult)
   於 System.Web.Mvc.Controller.EndExecute(IAsyncResult asyncResult)
   於 System.Web.Mvc.MvcHandler.<BeginProcessRequest>b__5(IAsyncResult asyncResult, ProcessRequestState innerState)
   於 System.Web.Mvc.Async.AsyncResultWrapper.WrappedAsyncVoid`1.CallEndDelegate(IAsyncResult asyncResult)
   於 System.Web.Mvc.MvcHandler.EndProcessRequest(IAsyncResult asyncResult)
   於 System.Web.HttpApplication.CallHandlerExecutionStep.System.Web.HttpApplication.IExecutionStep.Execute()
   於 System.Web.HttpApplication.ExecuteStep(IExecutionStep step, Boolean& completedSynchronously)
2016/03/26 17:10:56
System.InvalidOperationException: The view 'EnableCompany' or its master was not found or no view engine supports the searched locations. The following locations were searched:
~/Views/Handling/EnableCompany.aspx
~/Views/Handling/EnableCompany.ascx
~/Views/Shared/EnableCompany.aspx
~/Views/Shared/EnableCompany.ascx
~/Views/Handling/EnableCompany.cshtml
~/Views/Handling/EnableCompany.vbhtml
~/Views/Shared/EnableCompany.cshtml
~/Views/Shared/EnableCompany.vbhtml
   於 System.Web.Mvc.ViewResult.FindView(ControllerContext context)
   於 System.Web.Mvc.ViewResultBase.ExecuteResult(ControllerContext context)
   於 System.Web.Mvc.ControllerActionInvoker.InvokeActionResultFilterRecursive(IList`1 filters, Int32 filterIndex, ResultExecutingContext preContext, ControllerContext controllerContext, ActionResult actionResult)
   於 System.Web.Mvc.ControllerActionInvoker.InvokeActionResultFilterRecursive(IList`1 filters, Int32 filterIndex, ResultExecutingContext preContext, ControllerContext controllerContext, ActionResult actionResult)
   於 System.Web.Mvc.ControllerActionInvoker.InvokeActionResultWithFilters(ControllerContext controllerContext, IList`1 filters, ActionResult actionResult)
   於 System.Web.Mvc.Async.AsyncControllerActionInvoker.<>c__DisplayClass21.<BeginInvokeAction>b__1e(IAsyncResult asyncResult)
   於 System.Web.Mvc.Async.AsyncControllerActionInvoker.EndInvokeAction(IAsyncResult asyncResult)
   於 System.Web.Mvc.Controller.<BeginExecuteCore>b__1d(IAsyncResult asyncResult, ExecuteCoreState innerState)
   於 System.Web.Mvc.Async.AsyncResultWrapper.WrappedAsyncVoid`1.CallEndDelegate(IAsyncResult asyncResult)
   於 System.Web.Mvc.Controller.EndExecuteCore(IAsyncResult asyncResult)
   於 System.Web.Mvc.Async.AsyncResultWrapper.WrappedAsyncVoid`1.CallEndDelegate(IAsyncResult asyncResult)
   於 System.Web.Mvc.Controller.EndExecute(IAsyncResult asyncResult)
   於 System.Web.Mvc.MvcHandler.<BeginProcessRequest>b__5(IAsyncResult asyncResult, ProcessRequestState innerState)
   於 System.Web.Mvc.Async.AsyncResultWrapper.WrappedAsyncVoid`1.CallEndDelegate(IAsyncResult asyncResult)
   於 System.Web.Mvc.MvcHandler.EndProcessRequest(IAsyncResult asyncResult)
   於 System.Web.HttpApplication.CallHandlerExecutionStep.System.Web.HttpApplication.IExecutionStep.Execute()
   於 System.Web.HttpApplication.ExecuteStep(IExecutionStep step, Boolean& completedSynchronously)
2016/03/26 17:13:58
System.Web.HttpException (0x80004005): 傳送 HTTP 標頭後無法重新導向。
   於 System.Web.HttpResponse.Redirect(String url, Boolean endResponse, Boolean permanent)
   於 Business.Helper.WebPageUtility.get_UserProfile() 於 c:\Project\VM-SIT04\IFS-EIVO03\Business\Helper\WebPageUtility.cs: 行 27
   於 eIVOGo.template.base_page.Page_Load(Object sender, EventArgs e) 於 c:\Project\VM-SIT04\IFS-EIVO03\eIVOGo\template\base_page.aspx.cs: 行 21
   於 System.Web.UI.Control.OnLoad(EventArgs e)
   於 System.Web.UI.Control.LoadRecursive()
   於 System.Web.UI.Page.ProcessRequestMain(Boolean includeStagesBeforeAsyncPoint, Boolean includeStagesAfterAsyncPoint)
2016/03/26 17:13:58
System.Web.HttpException (0x80004005): 執行處理常式 'System.Web.Mvc.HttpHandlerUtil+ServerExecuteHttpHandlerWrapper' 的子要求時發生錯誤。 ---> System.Web.HttpUnhandledException (0x80004005): 已發生類型 'System.Web.HttpUnhandledException' 的例外狀況。 ---> System.Web.HttpException (0x80004005): 傳送 HTTP 標頭後無法重新導向。
   於 System.Web.HttpResponse.Redirect(String url, Boolean endResponse, Boolean permanent)
   於 Business.Helper.WebPageUtility.get_UserProfile() 於 c:\Project\VM-SIT04\IFS-EIVO03\Business\Helper\WebPageUtility.cs: 行 27
   於 eIVOGo.template.base_page.Page_Load(Object sender, EventArgs e) 於 c:\Project\VM-SIT04\IFS-EIVO03\eIVOGo\template\base_page.aspx.cs: 行 21
   於 System.Web.UI.Control.OnLoad(EventArgs e)
   於 System.Web.UI.Control.LoadRecursive()
   於 System.Web.UI.Page.ProcessRequestMain(Boolean includeStagesBeforeAsyncPoint, Boolean includeStagesAfterAsyncPoint)
   於 System.Web.UI.Page.HandleError(Exception e)
   於 System.Web.UI.Page.ProcessRequestMain(Boolean includeStagesBeforeAsyncPoint, Boolean includeStagesAfterAsyncPoint)
   於 System.Web.UI.Page.ProcessRequest(Boolean includeStagesBeforeAsyncPoint, Boolean includeStagesAfterAsyncPoint)
   於 System.Web.UI.Page.ProcessRequest()
   於 System.Web.UI.Page.ProcessRequest(HttpContext context)
   於 ASP.views_organizationquery_inquiryresult_aspx.ProcessRequest(HttpContext context) 於 c:\Windows\Microsoft.NET\Framework64\v4.0.30319\Temporary ASP.NET Files\root\735e7382\d679391e\App_Web_cldxoogq.2.cs: 行 0
   於 System.Web.Mvc.HttpHandlerUtil.ServerExecuteHttpHandlerWrapper.<>c__DisplayClass4.<Wrap>b__3()
   於 System.Web.Mvc.HttpHandlerUtil.ServerExecuteHttpHandlerWrapper.Wrap[TResult](Func`1 func)
   於 System.Web.HttpServerUtility.ExecuteInternal(IHttpHandler handler, TextWriter writer, Boolean preserveForm, Boolean setPreviousPage, VirtualPath path, VirtualPath filePath, String physPath, Exception error, String queryStringOverride)
   於 System.Web.HttpServerUtility.ExecuteInternal(IHttpHandler handler, TextWriter writer, Boolean preserveForm, Boolean setPreviousPage, VirtualPath path, VirtualPath filePath, String physPath, Exception error, String queryStringOverride)
   於 System.Web.HttpServerUtility.Execute(IHttpHandler handler, TextWriter writer, Boolean preserveForm, Boolean setPreviousPage)
   於 System.Web.HttpServerUtility.Execute(IHttpHandler handler, TextWriter writer, Boolean preserveForm)
   於 System.Web.Mvc.ViewPage.RenderView(ViewContext viewContext)
   於 System.Web.Mvc.ViewResultBase.ExecuteResult(ControllerContext context)
   於 System.Web.Mvc.ControllerActionInvoker.InvokeActionResultFilterRecursive(IList`1 filters, Int32 filterIndex, ResultExecutingContext preContext, ControllerContext controllerContext, ActionResult actionResult)
   於 System.Web.Mvc.ControllerActionInvoker.InvokeActionResultFilterRecursive(IList`1 filters, Int32 filterIndex, ResultExecutingContext preContext, ControllerContext controllerContext, ActionResult actionResult)
   於 System.Web.Mvc.ControllerActionInvoker.InvokeActionResultWithFilters(ControllerContext controllerContext, IList`1 filters, ActionResult actionResult)
   於 System.Web.Mvc.Async.AsyncControllerActionInvoker.<>c__DisplayClass21.<BeginInvokeAction>b__1e(IAsyncResult asyncResult)
   於 System.Web.Mvc.Async.AsyncControllerActionInvoker.EndInvokeAction(IAsyncResult asyncResult)
   於 System.Web.Mvc.Controller.<BeginExecuteCore>b__1d(IAsyncResult asyncResult, ExecuteCoreState innerState)
   於 System.Web.Mvc.Async.AsyncResultWrapper.WrappedAsyncVoid`1.CallEndDelegate(IAsyncResult asyncResult)
   於 System.Web.Mvc.Controller.EndExecuteCore(IAsyncResult asyncResult)
   於 System.Web.Mvc.Async.AsyncResultWrapper.WrappedAsyncVoid`1.CallEndDelegate(IAsyncResult asyncResult)
   於 System.Web.Mvc.Controller.EndExecute(IAsyncResult asyncResult)
   於 System.Web.Mvc.MvcHandler.<BeginProcessRequest>b__5(IAsyncResult asyncResult, ProcessRequestState innerState)
   於 System.Web.Mvc.Async.AsyncResultWrapper.WrappedAsyncVoid`1.CallEndDelegate(IAsyncResult asyncResult)
   於 System.Web.Mvc.MvcHandler.EndProcessRequest(IAsyncResult asyncResult)
   於 System.Web.HttpApplication.CallHandlerExecutionStep.System.Web.HttpApplication.IExecutionStep.Execute()
   於 System.Web.HttpApplication.ExecuteStep(IExecutionStep step, Boolean& completedSynchronously)
2016/03/26 17:14:31
System.Web.HttpException (0x80004005): 傳送 HTTP 標頭後無法重新導向。
   於 System.Web.HttpResponse.Redirect(String url, Boolean endResponse, Boolean permanent)
   於 Business.Helper.WebPageUtility.get_UserProfile() 於 c:\Project\VM-SIT04\IFS-EIVO03\Business\Helper\WebPageUtility.cs: 行 27
   於 eIVOGo.template.base_page.Page_Load(Object sender, EventArgs e) 於 c:\Project\VM-SIT04\IFS-EIVO03\eIVOGo\template\base_page.aspx.cs: 行 21
   於 System.Web.UI.Control.OnLoad(EventArgs e)
   於 System.Web.UI.Control.LoadRecursive()
   於 System.Web.UI.Page.ProcessRequestMain(Boolean includeStagesBeforeAsyncPoint, Boolean includeStagesAfterAsyncPoint)
2016/03/26 17:14:31
System.Web.HttpException (0x80004005): 執行處理常式 'System.Web.Mvc.HttpHandlerUtil+ServerExecuteHttpHandlerWrapper' 的子要求時發生錯誤。 ---> System.Web.HttpUnhandledException (0x80004005): 已發生類型 'System.Web.HttpUnhandledException' 的例外狀況。 ---> System.Web.HttpException (0x80004005): 傳送 HTTP 標頭後無法重新導向。
   於 System.Web.HttpResponse.Redirect(String url, Boolean endResponse, Boolean permanent)
   於 Business.Helper.WebPageUtility.get_UserProfile() 於 c:\Project\VM-SIT04\IFS-EIVO03\Business\Helper\WebPageUtility.cs: 行 27
   於 eIVOGo.template.base_page.Page_Load(Object sender, EventArgs e) 於 c:\Project\VM-SIT04\IFS-EIVO03\eIVOGo\template\base_page.aspx.cs: 行 21
   於 System.Web.UI.Control.OnLoad(EventArgs e)
   於 System.Web.UI.Control.LoadRecursive()
   於 System.Web.UI.Page.ProcessRequestMain(Boolean includeStagesBeforeAsyncPoint, Boolean includeStagesAfterAsyncPoint)
   於 System.Web.UI.Page.HandleError(Exception e)
   於 System.Web.UI.Page.ProcessRequestMain(Boolean includeStagesBeforeAsyncPoint, Boolean includeStagesAfterAsyncPoint)
   於 System.Web.UI.Page.ProcessRequest(Boolean includeStagesBeforeAsyncPoint, Boolean includeStagesAfterAsyncPoint)
   於 System.Web.UI.Page.ProcessRequest()
   於 System.Web.UI.Page.ProcessRequest(HttpContext context)
   於 ASP.views_organizationquery_index_aspx.ProcessRequest(HttpContext context) 於 c:\Windows\Microsoft.NET\Framework64\v4.0.30319\Temporary ASP.NET Files\root\735e7382\d679391e\App_Web_cldxoogq.1.cs: 行 0
   於 System.Web.Mvc.HttpHandlerUtil.ServerExecuteHttpHandlerWrapper.<>c__DisplayClass4.<Wrap>b__3()
   於 System.Web.Mvc.HttpHandlerUtil.ServerExecuteHttpHandlerWrapper.Wrap[TResult](Func`1 func)
   於 System.Web.HttpServerUtility.ExecuteInternal(IHttpHandler handler, TextWriter writer, Boolean preserveForm, Boolean setPreviousPage, VirtualPath path, VirtualPath filePath, String physPath, Exception error, String queryStringOverride)
   於 System.Web.HttpServerUtility.ExecuteInternal(IHttpHandler handler, TextWriter writer, Boolean preserveForm, Boolean setPreviousPage, VirtualPath path, VirtualPath filePath, String physPath, Exception error, String queryStringOverride)
   於 System.Web.HttpServerUtility.Execute(IHttpHandler handler, TextWriter writer, Boolean preserveForm, Boolean setPreviousPage)
   於 System.Web.HttpServerUtility.Execute(IHttpHandler handler, TextWriter writer, Boolean preserveForm)
   於 System.Web.Mvc.ViewPage.RenderView(ViewContext viewContext)
   於 System.Web.Mvc.ViewResultBase.ExecuteResult(ControllerContext context)
   於 System.Web.Mvc.ControllerActionInvoker.InvokeActionResultFilterRecursive(IList`1 filters, Int32 filterIndex, ResultExecutingContext preContext, ControllerContext controllerContext, ActionResult actionResult)
   於 System.Web.Mvc.ControllerActionInvoker.InvokeActionResultFilterRecursive(IList`1 filters, Int32 filterIndex, ResultExecutingContext preContext, ControllerContext controllerContext, ActionResult actionResult)
   於 System.Web.Mvc.ControllerActionInvoker.InvokeActionResultWithFilters(ControllerContext controllerContext, IList`1 filters, ActionResult actionResult)
   於 System.Web.Mvc.Async.AsyncControllerActionInvoker.<>c__DisplayClass21.<BeginInvokeAction>b__1e(IAsyncResult asyncResult)
   於 System.Web.Mvc.Async.AsyncControllerActionInvoker.EndInvokeAction(IAsyncResult asyncResult)
   於 System.Web.Mvc.Controller.<BeginExecuteCore>b__1d(IAsyncResult asyncResult, ExecuteCoreState innerState)
   於 System.Web.Mvc.Async.AsyncResultWrapper.WrappedAsyncVoid`1.CallEndDelegate(IAsyncResult asyncResult)
   於 System.Web.Mvc.Controller.EndExecuteCore(IAsyncResult asyncResult)
   於 System.Web.Mvc.Async.AsyncResultWrapper.WrappedAsyncVoid`1.CallEndDelegate(IAsyncResult asyncResult)
   於 System.Web.Mvc.Controller.EndExecute(IAsyncResult asyncResult)
   於 System.Web.Mvc.MvcHandler.<BeginProcessRequest>b__5(IAsyncResult asyncResult, ProcessRequestState innerState)
   於 System.Web.Mvc.Async.AsyncResultWrapper.WrappedAsyncVoid`1.CallEndDelegate(IAsyncResult asyncResult)
   於 System.Web.Mvc.MvcHandler.EndProcessRequest(IAsyncResult asyncResult)
   於 System.Web.HttpApplication.CallHandlerExecutionStep.System.Web.HttpApplication.IExecutionStep.Execute()
   於 System.Web.HttpApplication.ExecuteStep(IExecutionStep step, Boolean& completedSynchronously)
2016/03/26 17:15:06
System.InvalidOperationException: The view 'DisableCompany' or its master was not found or no view engine supports the searched locations. The following locations were searched:
~/Views/Handling/DisableCompany.aspx
~/Views/Handling/DisableCompany.ascx
~/Views/Shared/DisableCompany.aspx
~/Views/Shared/DisableCompany.ascx
~/Views/Handling/DisableCompany.cshtml
~/Views/Handling/DisableCompany.vbhtml
~/Views/Shared/DisableCompany.cshtml
~/Views/Shared/DisableCompany.vbhtml
   於 System.Web.Mvc.ViewResult.FindView(ControllerContext context)
   於 System.Web.Mvc.ViewResultBase.ExecuteResult(ControllerContext context)
   於 System.Web.Mvc.ControllerActionInvoker.InvokeActionResultFilterRecursive(IList`1 filters, Int32 filterIndex, ResultExecutingContext preContext, ControllerContext controllerContext, ActionResult actionResult)
   於 System.Web.Mvc.ControllerActionInvoker.InvokeActionResultFilterRecursive(IList`1 filters, Int32 filterIndex, ResultExecutingContext preContext, ControllerContext controllerContext, ActionResult actionResult)
   於 System.Web.Mvc.ControllerActionInvoker.InvokeActionResultWithFilters(ControllerContext controllerContext, IList`1 filters, ActionResult actionResult)
   於 System.Web.Mvc.Async.AsyncControllerActionInvoker.<>c__DisplayClass21.<BeginInvokeAction>b__1e(IAsyncResult asyncResult)
   於 System.Web.Mvc.Async.AsyncControllerActionInvoker.EndInvokeAction(IAsyncResult asyncResult)
   於 System.Web.Mvc.Controller.<BeginExecuteCore>b__1d(IAsyncResult asyncResult, ExecuteCoreState innerState)
   於 System.Web.Mvc.Async.AsyncResultWrapper.WrappedAsyncVoid`1.CallEndDelegate(IAsyncResult asyncResult)
   於 System.Web.Mvc.Controller.EndExecuteCore(IAsyncResult asyncResult)
   於 System.Web.Mvc.Async.AsyncResultWrapper.WrappedAsyncVoid`1.CallEndDelegate(IAsyncResult asyncResult)
   於 System.Web.Mvc.Controller.EndExecute(IAsyncResult asyncResult)
   於 System.Web.Mvc.MvcHandler.<BeginProcessRequest>b__5(IAsyncResult asyncResult, ProcessRequestState innerState)
   於 System.Web.Mvc.Async.AsyncResultWrapper.WrappedAsyncVoid`1.CallEndDelegate(IAsyncResult asyncResult)
   於 System.Web.Mvc.MvcHandler.EndProcessRequest(IAsyncResult asyncResult)
   於 System.Web.HttpApplication.CallHandlerExecutionStep.System.Web.HttpApplication.IExecutionStep.Execute()
   於 System.Web.HttpApplication.ExecuteStep(IExecutionStep step, Boolean& completedSynchronously)
