2016/03/28 05:03:26
System.Net.Mail.SmtpException: 傳送郵件失敗。 ---> System.Net.WebException: 無法連接至遠端伺服器 ---> System.Net.Sockets.SocketException: 無法連線，因為目標電腦拒絕連線。 127.0.0.1:25
   於 System.Net.Sockets.Socket.DoConnect(EndPoint endPointSnapshot, SocketAddress socketAddress)
   於 System.Net.ServicePoint.ConnectSocketInternal(Boolean connectFailure, Socket s4, Socket s6, Socket& socket, IPAddress& address, ConnectSocketState state, IAsyncResult asyncResult, Exception& exception)
   --- 內部例外狀況堆疊追蹤的結尾 ---
   於 System.Net.ServicePoint.GetConnection(PooledStream PooledStream, Object owner, Boolean async, IPAddress& address, Socket& abortSocket, Socket& abortSocket6)
   於 System.Net.PooledStream.Activate(Object owningObject, Boolean async, GeneralAsyncDelegate asyncCallback)
   於 System.Net.ConnectionPool.GetConnection(Object owningObject, GeneralAsyncDelegate asyncCallback, Int32 creationTimeout)
   於 System.Net.Mail.SmtpConnection.GetConnection(ServicePoint servicePoint)
   於 System.Net.Mail.SmtpTransport.GetConnection(ServicePoint servicePoint)
   於 System.Net.Mail.SmtpClient.GetConnection()
   於 System.Net.Mail.SmtpClient.Send(MailMessage message)
   --- 內部例外狀況堆疊追蹤的結尾 ---
   於 System.Net.Mail.SmtpClient.Send(MailMessage message)
   於 eIVOGo.services.ServiceWorkItem.doDailyTurnKeyCheck() 於 c:\Project\VM-SIT04\IFS-EIVO03\eIVOGo\services\ServiceWorkItem.cs: 行 244
2016/03/28 09:54:26
System.Web.HttpException (0x80004005): The controller for path '/favicon.ico' was not found or does not implement IController.
   於 System.Web.Mvc.DefaultControllerFactory.GetControllerInstance(RequestContext requestContext, Type controllerType)
   於 System.Web.Mvc.DefaultControllerFactory.CreateController(RequestContext requestContext, String controllerName)
   於 System.Web.Mvc.MvcHandler.ProcessRequestInit(HttpContextBase httpContext, IController& controller, IControllerFactory& factory)
   於 System.Web.Mvc.MvcHandler.BeginProcessRequest(HttpContextBase httpContext, AsyncCallback callback, Object state)
   於 System.Web.HttpApplication.CallHandlerExecutionStep.System.Web.HttpApplication.IExecutionStep.Execute()
   於 System.Web.HttpApplication.ExecuteStep(IExecutionStep step, Boolean& completedSynchronously)
2016/03/28 09:54:38
System.Web.HttpException (0x80004005): The controller for path '/favicon.ico' was not found or does not implement IController.
   於 System.Web.Mvc.DefaultControllerFactory.GetControllerInstance(RequestContext requestContext, Type controllerType)
   於 System.Web.Mvc.DefaultControllerFactory.CreateController(RequestContext requestContext, String controllerName)
   於 System.Web.Mvc.MvcHandler.ProcessRequestInit(HttpContextBase httpContext, IController& controller, IControllerFactory& factory)
   於 System.Web.Mvc.MvcHandler.BeginProcessRequest(HttpContextBase httpContext, AsyncCallback callback, Object state)
   於 System.Web.HttpApplication.CallHandlerExecutionStep.System.Web.HttpApplication.IExecutionStep.Execute()
   於 System.Web.HttpApplication.ExecuteStep(IExecutionStep step, Boolean& completedSynchronously)
2016/03/28 10:07:29
System.Web.HttpCompileException (0x80004005): c:\Project\VM-SIT04\IFS-EIVO03\eIVOGo\Inquiry\PrintWinningInvoices.aspx(8): error CS0433: 'c:\Windows\Microsoft.NET\Framework64\v4.0.30319\Temporary ASP.NET Files\root\735e7382\d679391e\App_Web_0xiydza4.dll' 和 'c:\Windows\Microsoft.NET\Framework64\v4.0.30319\Temporary ASP.NET Files\root\735e7382\d679391e\App_Web_fakbm02h.dll' 兩者中都有類型 'ASP.module_jsgrid_inquirewinninginvoicetoprint_ascx'
   於 System.Web.Compilation.BuildManager.CompileWebFile(VirtualPath virtualPath)
   於 System.Web.Compilation.BuildManager.GetVPathBuildResultInternal(VirtualPath virtualPath, Boolean noBuild, Boolean allowCrossApp, Boolean allowBuildInPrecompile, Boolean throwIfNotFound, Boolean ensureIsUpToDate)
   於 System.Web.Compilation.BuildManager.GetVPathBuildResultWithNoAssert(HttpContext context, VirtualPath virtualPath, Boolean noBuild, Boolean allowCrossApp, Boolean allowBuildInPrecompile, Boolean throwIfNotFound, Boolean ensureIsUpToDate)
   於 System.Web.Compilation.BuildManager.GetVirtualPathObjectFactory(VirtualPath virtualPath, HttpContext context, Boolean allowCrossApp, Boolean throwIfNotFound)
   於 System.Web.Compilation.BuildManager.CreateInstanceFromVirtualPath(VirtualPath virtualPath, Type requiredBaseType, HttpContext context, Boolean allowCrossApp)
   於 System.Web.UI.PageHandlerFactory.GetHandlerHelper(HttpContext context, String requestType, VirtualPath virtualPath, String physicalPath)
   於 System.Web.HttpApplication.MaterializeHandlerExecutionStep.System.Web.HttpApplication.IExecutionStep.Execute()
   於 System.Web.HttpApplication.ExecuteStep(IExecutionStep step, Boolean& completedSynchronously)
2016/03/28 10:07:31
System.Web.HttpCompileException (0x80004005): c:\Project\VM-SIT04\IFS-EIVO03\eIVOGo\Inquiry\PrintWinningInvoices.aspx(8): error CS0433: 'c:\Windows\Microsoft.NET\Framework64\v4.0.30319\Temporary ASP.NET Files\root\735e7382\d679391e\App_Web_0xiydza4.dll' 和 'c:\Windows\Microsoft.NET\Framework64\v4.0.30319\Temporary ASP.NET Files\root\735e7382\d679391e\App_Web_fakbm02h.dll' 兩者中都有類型 'ASP.module_jsgrid_inquirewinninginvoicetoprint_ascx'
   於 System.Web.Compilation.BuildManager.PostProcessFoundBuildResult(BuildResult result, Boolean keyFromVPP, VirtualPath virtualPath)
   於 System.Web.Compilation.BuildManager.GetBuildResultFromCacheInternal(String cacheKey, Boolean keyFromVPP, VirtualPath virtualPath, Int64 hashCode, Boolean ensureIsUpToDate)
   於 System.Web.Compilation.BuildManager.GetVPathBuildResultFromCacheInternal(VirtualPath virtualPath, Boolean ensureIsUpToDate)
   於 System.Web.Compilation.BuildManager.GetVPathBuildResultInternal(VirtualPath virtualPath, Boolean noBuild, Boolean allowCrossApp, Boolean allowBuildInPrecompile, Boolean throwIfNotFound, Boolean ensureIsUpToDate)
   於 System.Web.Compilation.BuildManager.GetVPathBuildResultWithNoAssert(HttpContext context, VirtualPath virtualPath, Boolean noBuild, Boolean allowCrossApp, Boolean allowBuildInPrecompile, Boolean throwIfNotFound, Boolean ensureIsUpToDate)
   於 System.Web.Compilation.BuildManager.GetVirtualPathObjectFactory(VirtualPath virtualPath, HttpContext context, Boolean allowCrossApp, Boolean throwIfNotFound)
   於 System.Web.Compilation.BuildManager.CreateInstanceFromVirtualPath(VirtualPath virtualPath, Type requiredBaseType, HttpContext context, Boolean allowCrossApp)
   於 System.Web.UI.PageHandlerFactory.GetHandlerHelper(HttpContext context, String requestType, VirtualPath virtualPath, String physicalPath)
   於 System.Web.HttpApplication.MaterializeHandlerExecutionStep.System.Web.HttpApplication.IExecutionStep.Execute()
   於 System.Web.HttpApplication.ExecuteStep(IExecutionStep step, Boolean& completedSynchronously)
2016/03/28 10:07:32
System.Web.HttpCompileException (0x80004005): c:\Project\VM-SIT04\IFS-EIVO03\eIVOGo\Inquiry\PrintWinningInvoices.aspx(8): error CS0433: 'c:\Windows\Microsoft.NET\Framework64\v4.0.30319\Temporary ASP.NET Files\root\735e7382\d679391e\App_Web_0xiydza4.dll' 和 'c:\Windows\Microsoft.NET\Framework64\v4.0.30319\Temporary ASP.NET Files\root\735e7382\d679391e\App_Web_fakbm02h.dll' 兩者中都有類型 'ASP.module_jsgrid_inquirewinninginvoicetoprint_ascx'
   於 System.Web.Compilation.BuildManager.PostProcessFoundBuildResult(BuildResult result, Boolean keyFromVPP, VirtualPath virtualPath)
   於 System.Web.Compilation.BuildManager.GetBuildResultFromCacheInternal(String cacheKey, Boolean keyFromVPP, VirtualPath virtualPath, Int64 hashCode, Boolean ensureIsUpToDate)
   於 System.Web.Compilation.BuildManager.GetVPathBuildResultFromCacheInternal(VirtualPath virtualPath, Boolean ensureIsUpToDate)
   於 System.Web.Compilation.BuildManager.GetVPathBuildResultInternal(VirtualPath virtualPath, Boolean noBuild, Boolean allowCrossApp, Boolean allowBuildInPrecompile, Boolean throwIfNotFound, Boolean ensureIsUpToDate)
   於 System.Web.Compilation.BuildManager.GetVPathBuildResultWithNoAssert(HttpContext context, VirtualPath virtualPath, Boolean noBuild, Boolean allowCrossApp, Boolean allowBuildInPrecompile, Boolean throwIfNotFound, Boolean ensureIsUpToDate)
   於 System.Web.Compilation.BuildManager.GetVirtualPathObjectFactory(VirtualPath virtualPath, HttpContext context, Boolean allowCrossApp, Boolean throwIfNotFound)
   於 System.Web.Compilation.BuildManager.CreateInstanceFromVirtualPath(VirtualPath virtualPath, Type requiredBaseType, HttpContext context, Boolean allowCrossApp)
   於 System.Web.UI.PageHandlerFactory.GetHandlerHelper(HttpContext context, String requestType, VirtualPath virtualPath, String physicalPath)
   於 System.Web.HttpApplication.MaterializeHandlerExecutionStep.System.Web.HttpApplication.IExecutionStep.Execute()
   於 System.Web.HttpApplication.ExecuteStep(IExecutionStep step, Boolean& completedSynchronously)
2016/03/28 10:07:33
System.Web.HttpCompileException (0x80004005): c:\Project\VM-SIT04\IFS-EIVO03\eIVOGo\Inquiry\PrintWinningInvoices.aspx(8): error CS0433: 'c:\Windows\Microsoft.NET\Framework64\v4.0.30319\Temporary ASP.NET Files\root\735e7382\d679391e\App_Web_0xiydza4.dll' 和 'c:\Windows\Microsoft.NET\Framework64\v4.0.30319\Temporary ASP.NET Files\root\735e7382\d679391e\App_Web_fakbm02h.dll' 兩者中都有類型 'ASP.module_jsgrid_inquirewinninginvoicetoprint_ascx'
   於 System.Web.Compilation.BuildManager.PostProcessFoundBuildResult(BuildResult result, Boolean keyFromVPP, VirtualPath virtualPath)
   於 System.Web.Compilation.BuildManager.GetBuildResultFromCacheInternal(String cacheKey, Boolean keyFromVPP, VirtualPath virtualPath, Int64 hashCode, Boolean ensureIsUpToDate)
   於 System.Web.Compilation.BuildManager.GetVPathBuildResultFromCacheInternal(VirtualPath virtualPath, Boolean ensureIsUpToDate)
   於 System.Web.Compilation.BuildManager.GetVPathBuildResultInternal(VirtualPath virtualPath, Boolean noBuild, Boolean allowCrossApp, Boolean allowBuildInPrecompile, Boolean throwIfNotFound, Boolean ensureIsUpToDate)
   於 System.Web.Compilation.BuildManager.GetVPathBuildResultWithNoAssert(HttpContext context, VirtualPath virtualPath, Boolean noBuild, Boolean allowCrossApp, Boolean allowBuildInPrecompile, Boolean throwIfNotFound, Boolean ensureIsUpToDate)
   於 System.Web.Compilation.BuildManager.GetVirtualPathObjectFactory(VirtualPath virtualPath, HttpContext context, Boolean allowCrossApp, Boolean throwIfNotFound)
   於 System.Web.Compilation.BuildManager.CreateInstanceFromVirtualPath(VirtualPath virtualPath, Type requiredBaseType, HttpContext context, Boolean allowCrossApp)
   於 System.Web.UI.PageHandlerFactory.GetHandlerHelper(HttpContext context, String requestType, VirtualPath virtualPath, String physicalPath)
   於 System.Web.HttpApplication.MaterializeHandlerExecutionStep.System.Web.HttpApplication.IExecutionStep.Execute()
   於 System.Web.HttpApplication.ExecuteStep(IExecutionStep step, Boolean& completedSynchronously)
2016/03/28 10:07:34
System.Web.HttpCompileException (0x80004005): c:\Project\VM-SIT04\IFS-EIVO03\eIVOGo\Inquiry\PrintWinningInvoices.aspx(8): error CS0433: 'c:\Windows\Microsoft.NET\Framework64\v4.0.30319\Temporary ASP.NET Files\root\735e7382\d679391e\App_Web_0xiydza4.dll' 和 'c:\Windows\Microsoft.NET\Framework64\v4.0.30319\Temporary ASP.NET Files\root\735e7382\d679391e\App_Web_fakbm02h.dll' 兩者中都有類型 'ASP.module_jsgrid_inquirewinninginvoicetoprint_ascx'
   於 System.Web.Compilation.BuildManager.PostProcessFoundBuildResult(BuildResult result, Boolean keyFromVPP, VirtualPath virtualPath)
   於 System.Web.Compilation.BuildManager.GetBuildResultFromCacheInternal(String cacheKey, Boolean keyFromVPP, VirtualPath virtualPath, Int64 hashCode, Boolean ensureIsUpToDate)
   於 System.Web.Compilation.BuildManager.GetVPathBuildResultFromCacheInternal(VirtualPath virtualPath, Boolean ensureIsUpToDate)
   於 System.Web.Compilation.BuildManager.GetVPathBuildResultInternal(VirtualPath virtualPath, Boolean noBuild, Boolean allowCrossApp, Boolean allowBuildInPrecompile, Boolean throwIfNotFound, Boolean ensureIsUpToDate)
   於 System.Web.Compilation.BuildManager.GetVPathBuildResultWithNoAssert(HttpContext context, VirtualPath virtualPath, Boolean noBuild, Boolean allowCrossApp, Boolean allowBuildInPrecompile, Boolean throwIfNotFound, Boolean ensureIsUpToDate)
   於 System.Web.Compilation.BuildManager.GetVirtualPathObjectFactory(VirtualPath virtualPath, HttpContext context, Boolean allowCrossApp, Boolean throwIfNotFound)
   於 System.Web.Compilation.BuildManager.CreateInstanceFromVirtualPath(VirtualPath virtualPath, Type requiredBaseType, HttpContext context, Boolean allowCrossApp)
   於 System.Web.UI.PageHandlerFactory.GetHandlerHelper(HttpContext context, String requestType, VirtualPath virtualPath, String physicalPath)
   於 System.Web.HttpApplication.MaterializeHandlerExecutionStep.System.Web.HttpApplication.IExecutionStep.Execute()
   於 System.Web.HttpApplication.ExecuteStep(IExecutionStep step, Boolean& completedSynchronously)
2016/03/28 10:07:35
System.Web.HttpCompileException (0x80004005): c:\Project\VM-SIT04\IFS-EIVO03\eIVOGo\Inquiry\PrintWinningInvoices.aspx(8): error CS0433: 'c:\Windows\Microsoft.NET\Framework64\v4.0.30319\Temporary ASP.NET Files\root\735e7382\d679391e\App_Web_0xiydza4.dll' 和 'c:\Windows\Microsoft.NET\Framework64\v4.0.30319\Temporary ASP.NET Files\root\735e7382\d679391e\App_Web_fakbm02h.dll' 兩者中都有類型 'ASP.module_jsgrid_inquirewinninginvoicetoprint_ascx'
   於 System.Web.Compilation.BuildManager.PostProcessFoundBuildResult(BuildResult result, Boolean keyFromVPP, VirtualPath virtualPath)
   於 System.Web.Compilation.BuildManager.GetBuildResultFromCacheInternal(String cacheKey, Boolean keyFromVPP, VirtualPath virtualPath, Int64 hashCode, Boolean ensureIsUpToDate)
   於 System.Web.Compilation.BuildManager.GetVPathBuildResultFromCacheInternal(VirtualPath virtualPath, Boolean ensureIsUpToDate)
   於 System.Web.Compilation.BuildManager.GetVPathBuildResultInternal(VirtualPath virtualPath, Boolean noBuild, Boolean allowCrossApp, Boolean allowBuildInPrecompile, Boolean throwIfNotFound, Boolean ensureIsUpToDate)
   於 System.Web.Compilation.BuildManager.GetVPathBuildResultWithNoAssert(HttpContext context, VirtualPath virtualPath, Boolean noBuild, Boolean allowCrossApp, Boolean allowBuildInPrecompile, Boolean throwIfNotFound, Boolean ensureIsUpToDate)
   於 System.Web.Compilation.BuildManager.GetVirtualPathObjectFactory(VirtualPath virtualPath, HttpContext context, Boolean allowCrossApp, Boolean throwIfNotFound)
   於 System.Web.Compilation.BuildManager.CreateInstanceFromVirtualPath(VirtualPath virtualPath, Type requiredBaseType, HttpContext context, Boolean allowCrossApp)
   於 System.Web.UI.PageHandlerFactory.GetHandlerHelper(HttpContext context, String requestType, VirtualPath virtualPath, String physicalPath)
   於 System.Web.HttpApplication.MaterializeHandlerExecutionStep.System.Web.HttpApplication.IExecutionStep.Execute()
   於 System.Web.HttpApplication.ExecuteStep(IExecutionStep step, Boolean& completedSynchronously)
2016/03/28 10:07:35
System.Web.HttpCompileException (0x80004005): c:\Project\VM-SIT04\IFS-EIVO03\eIVOGo\Inquiry\PrintWinningInvoices.aspx(8): error CS0433: 'c:\Windows\Microsoft.NET\Framework64\v4.0.30319\Temporary ASP.NET Files\root\735e7382\d679391e\App_Web_0xiydza4.dll' 和 'c:\Windows\Microsoft.NET\Framework64\v4.0.30319\Temporary ASP.NET Files\root\735e7382\d679391e\App_Web_fakbm02h.dll' 兩者中都有類型 'ASP.module_jsgrid_inquirewinninginvoicetoprint_ascx'
   於 System.Web.Compilation.BuildManager.PostProcessFoundBuildResult(BuildResult result, Boolean keyFromVPP, VirtualPath virtualPath)
   於 System.Web.Compilation.BuildManager.GetBuildResultFromCacheInternal(String cacheKey, Boolean keyFromVPP, VirtualPath virtualPath, Int64 hashCode, Boolean ensureIsUpToDate)
   於 System.Web.Compilation.BuildManager.GetVPathBuildResultFromCacheInternal(VirtualPath virtualPath, Boolean ensureIsUpToDate)
   於 System.Web.Compilation.BuildManager.GetVPathBuildResultInternal(VirtualPath virtualPath, Boolean noBuild, Boolean allowCrossApp, Boolean allowBuildInPrecompile, Boolean throwIfNotFound, Boolean ensureIsUpToDate)
   於 System.Web.Compilation.BuildManager.GetVPathBuildResultWithNoAssert(HttpContext context, VirtualPath virtualPath, Boolean noBuild, Boolean allowCrossApp, Boolean allowBuildInPrecompile, Boolean throwIfNotFound, Boolean ensureIsUpToDate)
   於 System.Web.Compilation.BuildManager.GetVirtualPathObjectFactory(VirtualPath virtualPath, HttpContext context, Boolean allowCrossApp, Boolean throwIfNotFound)
   於 System.Web.Compilation.BuildManager.CreateInstanceFromVirtualPath(VirtualPath virtualPath, Type requiredBaseType, HttpContext context, Boolean allowCrossApp)
   於 System.Web.UI.PageHandlerFactory.GetHandlerHelper(HttpContext context, String requestType, VirtualPath virtualPath, String physicalPath)
   於 System.Web.HttpApplication.MaterializeHandlerExecutionStep.System.Web.HttpApplication.IExecutionStep.Execute()
   於 System.Web.HttpApplication.ExecuteStep(IExecutionStep step, Boolean& completedSynchronously)
